-- The C compiler identification is GNU 9.4.0
-- The CXX compiler identification is GNU 9.4.0
-- Detecting C compiler ABI info
-- Detecting C compiler ABI info - done
-- Check for working C compiler: /usr/bin/cc - skipped
-- Detecting C compile features
-- Detecting C compile features - done
-- Detecting CXX compiler ABI info
-- Detecting CXX compiler ABI info - done
-- Check for working CXX compiler: /usr/bin/c++ - skipped
-- Detecting CXX compile features
-- Detecting CXX compile features - done
-- Found ament_cmake: 0.9.9 (/opt/ros/foxy/share/ament_cmake/cmake)
-- Found PythonInterp: /usr/bin/python3 (found suitable version "3.8.10", minimum required is "3") 
-- Using PYTHON_EXECUTABLE: /usr/bin/python3
-- Found rclcpp: 2.4.1 (/opt/ros/foxy/share/rclcpp/cmake)
-- Using all available rosidl_typesupport_c: rosidl_typesupport_fastrtps_c;rosidl_typesupport_introspection_c
-- Found rosidl_adapter: 1.2.1 (/opt/ros/foxy/share/rosidl_adapter/cmake)
-- Found OpenSSL: /usr/lib/x86_64-linux-gnu/libcrypto.so (found version "1.1.1f")  
-- Found FastRTPS: /opt/ros/foxy/include  
-- Using all available rosidl_typesupport_cpp: rosidl_typesupport_fastrtps_cpp;rosidl_typesupport_introspection_cpp
-- Found rmw_implementation_cmake: 1.0.3 (/opt/ros/foxy/share/rmw_implementation_cmake/cmake)
-- Using RMW implementation 'rmw_fastrtps_cpp' as default
-- Looking for pthread.h
-- Looking for pthread.h - found
-- Performing Test CMAKE_HAVE_LIBC_PTHREAD
-- Performing Test CMAKE_HAVE_LIBC_PTHREAD - Failed
-- Looking for pthread_create in pthreads
-- Looking for pthread_create in pthreads - not found
-- Looking for pthread_create in pthread
-- Looking for pthread_create in pthread - found
-- Found Threads: TRUE  
-- Found rosidl_default_generators: 1.0.1 (/opt/ros/foxy/share/rosidl_default_generators/cmake)
-- Found PythonInterp: /usr/bin/python3 (found version "3.8.10") 
-- Found ament_cmake_ros: 0.9.2 (/opt/ros/foxy/share/ament_cmake_ros/cmake)
-- Using all available rosidl_typesupport_c: rosidl_typesupport_fastrtps_c;rosidl_typesupport_introspection_c
-- Using all available rosidl_typesupport_cpp: rosidl_typesupport_fastrtps_cpp;rosidl_typesupport_introspection_cpp
-- Found PythonInterp: /usr/bin/python3 (found suitable version "3.8.10", minimum required is "3.5") 
-- Found python_cmake_module: 0.8.1 (/opt/ros/foxy/share/python_cmake_module/cmake)
-- Found PythonLibs: /usr/lib/x86_64-linux-gnu/libpython3.8.so (found suitable version "3.8.10", minimum required is "3.5") 
-- Using PYTHON_EXECUTABLE: /usr/bin/python3
-- Using PYTHON_INCLUDE_DIRS: /usr/include/python3.8
-- Using PYTHON_LIBRARIES: /usr/lib/x86_64-linux-gnu/libpython3.8.so
-- Found PythonExtra: .so  
-- Found ament_lint_auto: 0.9.6 (/opt/ros/foxy/share/ament_lint_auto/cmake)
-- Added test 'copyright' to check source files copyright and LICENSE
-- Added test 'cppcheck' to perform static code analysis on C / C++ code
-- Configured cppcheck include dirs: /home/juniorsundar/ROS_Workspaces/ros2_tutorials/src/cpp_srvcli/include
-- Configured cppcheck exclude dirs and/or files: 
-- Added test 'cpplint' to check C / C++ code against the Google style
-- Configured cpplint exclude dirs and/or files: 
-- Added test 'lint_cmake' to check CMake code style
-- Added test 'uncrustify' to check C / C++ code style
-- Configured uncrustify additional arguments: 
-- Added test 'xmllint' to check XML markup files
-- Configuring done
-- Generating done
-- Build files have been written to: /home/juniorsundar/ROS_Workspaces/ros2_tutorials/build/cpp_srvcli
[  3%] [34m[1mGenerating C code for ROS interfaces[0m
[  6%] [34m[1mGenerating C++ code for ROS interfaces[0m
[  6%] Built target cpp_srvcli__cpp
[ 15%] [34m[1mGenerating C++ type support for eProsima Fast-RTPS[0m
[ 15%] [34m[1mGenerating C++ type support dispatch for ROS interfaces[0m
[ 15%] [34m[1mGenerating C++ introspection for ROS interfaces[0m
[ 18%] [32mBuilding C object CMakeFiles/cpp_srvcli__rosidl_generator_c.dir/rosidl_generator_c/cpp_srvcli/srv/detail/add_two_ints__functions.c.o[0m
[ 21%] [32m[1mLinking C shared library libcpp_srvcli__rosidl_generator_c.so[0m
[ 21%] Built target cpp_srvcli__rosidl_generator_c
[ 27%] [34m[1mGenerating C introspection for ROS interfaces[0m
[ 27%] [34m[1mGenerating C type support dispatch for ROS interfaces[0m
[ 30%] [32mBuilding CXX object CMakeFiles/cpp_srvcli__rosidl_typesupport_cpp.dir/rosidl_typesupport_cpp/cpp_srvcli/srv/add_two_ints__type_support.cpp.o[0m
[ 33%] [32mBuilding CXX object CMakeFiles/cpp_srvcli__rosidl_typesupport_fastrtps_cpp.dir/rosidl_typesupport_fastrtps_cpp/cpp_srvcli/srv/detail/dds_fastrtps/add_two_ints__type_support.cpp.o[0m
[ 36%] [32mBuilding CXX object CMakeFiles/cpp_srvcli__rosidl_typesupport_introspection_cpp.dir/rosidl_typesupport_introspection_cpp/cpp_srvcli/srv/detail/add_two_ints__type_support.cpp.o[0m
[ 39%] [32mBuilding CXX object CMakeFiles/cpp_srvcli__rosidl_typesupport_c.dir/rosidl_typesupport_c/cpp_srvcli/srv/add_two_ints__type_support.cpp.o[0m
[ 42%] [32m[1mLinking CXX shared library libcpp_srvcli__rosidl_typesupport_c.so[0m
[ 45%] [32mBuilding C object CMakeFiles/cpp_srvcli__rosidl_typesupport_introspection_c.dir/rosidl_typesupport_introspection_c/cpp_srvcli/srv/detail/add_two_ints__type_support.c.o[0m
[ 45%] Built target cpp_srvcli__rosidl_typesupport_c
[ 48%] [32m[1mLinking C shared library libcpp_srvcli__rosidl_typesupport_introspection_c.so[0m
[ 48%] Built target cpp_srvcli__rosidl_typesupport_introspection_c
[ 51%] [32m[1mLinking CXX shared library libcpp_srvcli__rosidl_typesupport_cpp.so[0m
[ 54%] [32m[1mLinking CXX shared library libcpp_srvcli__rosidl_typesupport_introspection_cpp.so[0m
[ 54%] Built target cpp_srvcli__rosidl_typesupport_cpp
[ 54%] Built target cpp_srvcli__rosidl_typesupport_introspection_cpp
[ 57%] [32m[1mLinking CXX shared library libcpp_srvcli__rosidl_typesupport_fastrtps_cpp.so[0m
[ 57%] Built target cpp_srvcli__rosidl_typesupport_fastrtps_cpp
[ 60%] [34m[1mGenerating C type support for eProsima Fast-RTPS[0m
[ 63%] [32mBuilding CXX object CMakeFiles/cpp_srvcli__rosidl_typesupport_fastrtps_c.dir/rosidl_typesupport_fastrtps_c/cpp_srvcli/srv/detail/add_two_ints__type_support_c.cpp.o[0m
[ 66%] [32m[1mLinking CXX shared library libcpp_srvcli__rosidl_typesupport_fastrtps_c.so[0m
[ 66%] Built target cpp_srvcli__rosidl_typesupport_fastrtps_c
[ 66%] Built target cpp_srvcli
[ 72%] [32mBuilding CXX object CMakeFiles/server.dir/src/add_two_ints_server.cpp.o[0m
[ 72%] [34m[1mGenerating Python code for ROS interfaces[0m
[ 72%] Built target cpp_srvcli__py
[ 75%] [32mBuilding C object CMakeFiles/cpp_srvcli__python.dir/rosidl_generator_py/cpp_srvcli/srv/_add_two_ints_s.c.o[0m
[ 78%] [32m[1mLinking C shared library rosidl_generator_py/cpp_srvcli/libcpp_srvcli__python.so[0m
[ 78%] Built target cpp_srvcli__python
[ 81%] [32mBuilding C object CMakeFiles/cpp_srvcli__rosidl_typesupport_fastrtps_c__pyext.dir/rosidl_generator_py/cpp_srvcli/_cpp_srvcli_s.ep.rosidl_typesupport_fastrtps_c.c.o[0m
[ 84%] [32mBuilding C object CMakeFiles/cpp_srvcli__rosidl_typesupport_c__pyext.dir/rosidl_generator_py/cpp_srvcli/_cpp_srvcli_s.ep.rosidl_typesupport_c.c.o[0m
[ 87%] [32mBuilding C object CMakeFiles/cpp_srvcli__rosidl_typesupport_introspection_c__pyext.dir/rosidl_generator_py/cpp_srvcli/_cpp_srvcli_s.ep.rosidl_typesupport_introspection_c.c.o[0m
[ 96%] [32m[1mLinking CXX shared library rosidl_generator_py/cpp_srvcli/cpp_srvcli_s__rosidl_typesupport_fastrtps_c.cpython-38-x86_64-linux-gnu.so[0m
[ 96%] [32m[1mLinking C shared library rosidl_generator_py/cpp_srvcli/cpp_srvcli_s__rosidl_typesupport_c.cpython-38-x86_64-linux-gnu.so[0m
[ 96%] [32m[1mLinking C shared library rosidl_generator_py/cpp_srvcli/cpp_srvcli_s__rosidl_typesupport_introspection_c.cpython-38-x86_64-linux-gnu.so[0m
[ 96%] Built target cpp_srvcli__rosidl_typesupport_c__pyext
[ 96%] Built target cpp_srvcli__rosidl_typesupport_introspection_c__pyext
[ 96%] Built target cpp_srvcli__rosidl_typesupport_fastrtps_c__pyext
[100%] [32m[1mLinking CXX executable server[0m
[100%] Built target server
-- Install configuration: ""
-- Installing: /home/juniorsundar/ROS_Workspaces/ros2_tutorials/install/cpp_srvcli/share/ament_index/resource_index/rosidl_interfaces/cpp_srvcli
-- Installing: /home/juniorsundar/ROS_Workspaces/ros2_tutorials/install/cpp_srvcli/include/cpp_srvcli
-- Installing: /home/juniorsundar/ROS_Workspaces/ros2_tutorials/install/cpp_srvcli/include/cpp_srvcli/msg
-- Installing: /home/juniorsundar/ROS_Workspaces/ros2_tutorials/install/cpp_srvcli/include/cpp_srvcli/msg/rosidl_generator_c__visibility_control.h
-- Installing: /home/juniorsundar/ROS_Workspaces/ros2_tutorials/install/cpp_srvcli/include/cpp_srvcli/srv
-- Installing: /home/juniorsundar/ROS_Workspaces/ros2_tutorials/install/cpp_srvcli/include/cpp_srvcli/srv/detail
-- Installing: /home/juniorsundar/ROS_Workspaces/ros2_tutorials/install/cpp_srvcli/include/cpp_srvcli/srv/detail/add_two_ints__functions.h
-- Installing: /home/juniorsundar/ROS_Workspaces/ros2_tutorials/install/cpp_srvcli/include/cpp_srvcli/srv/detail/add_two_ints__struct.h
-- Installing: /home/juniorsundar/ROS_Workspaces/ros2_tutorials/install/cpp_srvcli/include/cpp_srvcli/srv/detail/add_two_ints__type_support.h
-- Installing: /home/juniorsundar/ROS_Workspaces/ros2_tutorials/install/cpp_srvcli/include/cpp_srvcli/srv/detail/add_two_ints__functions.c
-- Installing: /home/juniorsundar/ROS_Workspaces/ros2_tutorials/install/cpp_srvcli/include/cpp_srvcli/srv/add_two_ints.h
-- Installing: /home/juniorsundar/ROS_Workspaces/ros2_tutorials/install/cpp_srvcli/share/cpp_srvcli/environment/library_path.sh
-- Installing: /home/juniorsundar/ROS_Workspaces/ros2_tutorials/install/cpp_srvcli/share/cpp_srvcli/environment/library_path.dsv
-- Installing: /home/juniorsundar/ROS_Workspaces/ros2_tutorials/install/cpp_srvcli/lib/libcpp_srvcli__rosidl_generator_c.so
-- Set runtime path of "/home/juniorsundar/ROS_Workspaces/ros2_tutorials/install/cpp_srvcli/lib/libcpp_srvcli__rosidl_generator_c.so" to ""
-- Up-to-date: /home/juniorsundar/ROS_Workspaces/ros2_tutorials/install/cpp_srvcli/include/cpp_srvcli
-- Up-to-date: /home/juniorsundar/ROS_Workspaces/ros2_tutorials/install/cpp_srvcli/include/cpp_srvcli/msg
-- Installing: /home/juniorsundar/ROS_Workspaces/ros2_tutorials/install/cpp_srvcli/include/cpp_srvcli/msg/rosidl_typesupport_fastrtps_c__visibility_control.h
-- Up-to-date: /home/juniorsundar/ROS_Workspaces/ros2_tutorials/install/cpp_srvcli/include/cpp_srvcli/srv
-- Up-to-date: /home/juniorsundar/ROS_Workspaces/ros2_tutorials/install/cpp_srvcli/include/cpp_srvcli/srv/detail
-- Installing: /home/juniorsundar/ROS_Workspaces/ros2_tutorials/install/cpp_srvcli/include/cpp_srvcli/srv/detail/add_two_ints__rosidl_typesupport_fastrtps_c.h
-- Installing: /home/juniorsundar/ROS_Workspaces/ros2_tutorials/install/cpp_srvcli/lib/libcpp_srvcli__rosidl_typesupport_fastrtps_c.so
-- Set runtime path of "/home/juniorsundar/ROS_Workspaces/ros2_tutorials/install/cpp_srvcli/lib/libcpp_srvcli__rosidl_typesupport_fastrtps_c.so" to ""
-- Up-to-date: /home/juniorsundar/ROS_Workspaces/ros2_tutorials/install/cpp_srvcli/include/cpp_srvcli
-- Up-to-date: /home/juniorsundar/ROS_Workspaces/ros2_tutorials/install/cpp_srvcli/include/cpp_srvcli/msg
-- Installing: /home/juniorsundar/ROS_Workspaces/ros2_tutorials/install/cpp_srvcli/include/cpp_srvcli/msg/rosidl_typesupport_fastrtps_cpp__visibility_control.h
-- Up-to-date: /home/juniorsundar/ROS_Workspaces/ros2_tutorials/install/cpp_srvcli/include/cpp_srvcli/srv
-- Up-to-date: /home/juniorsundar/ROS_Workspaces/ros2_tutorials/install/cpp_srvcli/include/cpp_srvcli/srv/detail
-- Installing: /home/juniorsundar/ROS_Workspaces/ros2_tutorials/install/cpp_srvcli/include/cpp_srvcli/srv/detail/add_two_ints__rosidl_typesupport_fastrtps_cpp.hpp
-- Installing: /home/juniorsundar/ROS_Workspaces/ros2_tutorials/install/cpp_srvcli/include/cpp_srvcli/srv/detail/dds_fastrtps
-- Installing: /home/juniorsundar/ROS_Workspaces/ros2_tutorials/install/cpp_srvcli/lib/libcpp_srvcli__rosidl_typesupport_fastrtps_cpp.so
-- Set runtime path of "/home/juniorsundar/ROS_Workspaces/ros2_tutorials/install/cpp_srvcli/lib/libcpp_srvcli__rosidl_typesupport_fastrtps_cpp.so" to ""
-- Up-to-date: /home/juniorsundar/ROS_Workspaces/ros2_tutorials/install/cpp_srvcli/include/cpp_srvcli
-- Up-to-date: /home/juniorsundar/ROS_Workspaces/ros2_tutorials/install/cpp_srvcli/include/cpp_srvcli/msg
-- Installing: /home/juniorsundar/ROS_Workspaces/ros2_tutorials/install/cpp_srvcli/include/cpp_srvcli/msg/rosidl_typesupport_introspection_c__visibility_control.h
-- Up-to-date: /home/juniorsundar/ROS_Workspaces/ros2_tutorials/install/cpp_srvcli/include/cpp_srvcli/srv
-- Up-to-date: /home/juniorsundar/ROS_Workspaces/ros2_tutorials/install/cpp_srvcli/include/cpp_srvcli/srv/detail
-- Installing: /home/juniorsundar/ROS_Workspaces/ros2_tutorials/install/cpp_srvcli/include/cpp_srvcli/srv/detail/add_two_ints__type_support.c
-- Installing: /home/juniorsundar/ROS_Workspaces/ros2_tutorials/install/cpp_srvcli/include/cpp_srvcli/srv/detail/add_two_ints__rosidl_typesupport_introspection_c.h
-- Installing: /home/juniorsundar/ROS_Workspaces/ros2_tutorials/install/cpp_srvcli/lib/libcpp_srvcli__rosidl_typesupport_introspection_c.so
-- Set runtime path of "/home/juniorsundar/ROS_Workspaces/ros2_tutorials/install/cpp_srvcli/lib/libcpp_srvcli__rosidl_typesupport_introspection_c.so" to ""
-- Installing: /home/juniorsundar/ROS_Workspaces/ros2_tutorials/install/cpp_srvcli/lib/libcpp_srvcli__rosidl_typesupport_c.so
-- Set runtime path of "/home/juniorsundar/ROS_Workspaces/ros2_tutorials/install/cpp_srvcli/lib/libcpp_srvcli__rosidl_typesupport_c.so" to ""
-- Up-to-date: /home/juniorsundar/ROS_Workspaces/ros2_tutorials/install/cpp_srvcli/include/cpp_srvcli
-- Up-to-date: /home/juniorsundar/ROS_Workspaces/ros2_tutorials/install/cpp_srvcli/include/cpp_srvcli/srv
-- Up-to-date: /home/juniorsundar/ROS_Workspaces/ros2_tutorials/install/cpp_srvcli/include/cpp_srvcli/srv/detail
-- Installing: /home/juniorsundar/ROS_Workspaces/ros2_tutorials/install/cpp_srvcli/include/cpp_srvcli/srv/detail/add_two_ints__struct.hpp
-- Installing: /home/juniorsundar/ROS_Workspaces/ros2_tutorials/install/cpp_srvcli/include/cpp_srvcli/srv/detail/add_two_ints__traits.hpp
-- Installing: /home/juniorsundar/ROS_Workspaces/ros2_tutorials/install/cpp_srvcli/include/cpp_srvcli/srv/detail/add_two_ints__builder.hpp
-- Installing: /home/juniorsundar/ROS_Workspaces/ros2_tutorials/install/cpp_srvcli/include/cpp_srvcli/srv/add_two_ints.hpp
-- Up-to-date: /home/juniorsundar/ROS_Workspaces/ros2_tutorials/install/cpp_srvcli/include/cpp_srvcli
-- Up-to-date: /home/juniorsundar/ROS_Workspaces/ros2_tutorials/install/cpp_srvcli/include/cpp_srvcli/srv
-- Up-to-date: /home/juniorsundar/ROS_Workspaces/ros2_tutorials/install/cpp_srvcli/include/cpp_srvcli/srv/detail
-- Installing: /home/juniorsundar/ROS_Workspaces/ros2_tutorials/install/cpp_srvcli/include/cpp_srvcli/srv/detail/add_two_ints__rosidl_typesupport_introspection_cpp.hpp
-- Installing: /home/juniorsundar/ROS_Workspaces/ros2_tutorials/install/cpp_srvcli/include/cpp_srvcli/srv/detail/add_two_ints__type_support.cpp
-- Installing: /home/juniorsundar/ROS_Workspaces/ros2_tutorials/install/cpp_srvcli/lib/libcpp_srvcli__rosidl_typesupport_introspection_cpp.so
-- Set runtime path of "/home/juniorsundar/ROS_Workspaces/ros2_tutorials/install/cpp_srvcli/lib/libcpp_srvcli__rosidl_typesupport_introspection_cpp.so" to ""
-- Installing: /home/juniorsundar/ROS_Workspaces/ros2_tutorials/install/cpp_srvcli/lib/libcpp_srvcli__rosidl_typesupport_cpp.so
-- Set runtime path of "/home/juniorsundar/ROS_Workspaces/ros2_tutorials/install/cpp_srvcli/lib/libcpp_srvcli__rosidl_typesupport_cpp.so" to ""
-- Installing: /home/juniorsundar/ROS_Workspaces/ros2_tutorials/install/cpp_srvcli/share/cpp_srvcli/environment/pythonpath.sh
-- Installing: /home/juniorsundar/ROS_Workspaces/ros2_tutorials/install/cpp_srvcli/share/cpp_srvcli/environment/pythonpath.dsv
-- Installing: /home/juniorsundar/ROS_Workspaces/ros2_tutorials/install/cpp_srvcli/lib/python3.8/site-packages/cpp_srvcli/__init__.py
Compiling '/home/juniorsundar/ROS_Workspaces/ros2_tutorials/install/cpp_srvcli/lib/python3.8/site-packages/cpp_srvcli/__init__.py'...
-- Installing: /home/juniorsundar/ROS_Workspaces/ros2_tutorials/install/cpp_srvcli/lib/python3.8/site-packages/cpp_srvcli/srv
-- Installing: /home/juniorsundar/ROS_Workspaces/ros2_tutorials/install/cpp_srvcli/lib/python3.8/site-packages/cpp_srvcli/srv/_add_two_ints.py
-- Installing: /home/juniorsundar/ROS_Workspaces/ros2_tutorials/install/cpp_srvcli/lib/python3.8/site-packages/cpp_srvcli/srv/_add_two_ints_s.c
-- Installing: /home/juniorsundar/ROS_Workspaces/ros2_tutorials/install/cpp_srvcli/lib/python3.8/site-packages/cpp_srvcli/srv/__init__.py
-- Installing: /home/juniorsundar/ROS_Workspaces/ros2_tutorials/install/cpp_srvcli/lib/python3.8/site-packages/cpp_srvcli/cpp_srvcli_s__rosidl_typesupport_fastrtps_c.cpython-38-x86_64-linux-gnu.so
-- Set runtime path of "/home/juniorsundar/ROS_Workspaces/ros2_tutorials/install/cpp_srvcli/lib/python3.8/site-packages/cpp_srvcli/cpp_srvcli_s__rosidl_typesupport_fastrtps_c.cpython-38-x86_64-linux-gnu.so" to ""
-- Installing: /home/juniorsundar/ROS_Workspaces/ros2_tutorials/install/cpp_srvcli/lib/python3.8/site-packages/cpp_srvcli/cpp_srvcli_s__rosidl_typesupport_introspection_c.cpython-38-x86_64-linux-gnu.so
-- Set runtime path of "/home/juniorsundar/ROS_Workspaces/ros2_tutorials/install/cpp_srvcli/lib/python3.8/site-packages/cpp_srvcli/cpp_srvcli_s__rosidl_typesupport_introspection_c.cpython-38-x86_64-linux-gnu.so" to ""
-- Installing: /home/juniorsundar/ROS_Workspaces/ros2_tutorials/install/cpp_srvcli/lib/python3.8/site-packages/cpp_srvcli/cpp_srvcli_s__rosidl_typesupport_c.cpython-38-x86_64-linux-gnu.so
-- Set runtime path of "/home/juniorsundar/ROS_Workspaces/ros2_tutorials/install/cpp_srvcli/lib/python3.8/site-packages/cpp_srvcli/cpp_srvcli_s__rosidl_typesupport_c.cpython-38-x86_64-linux-gnu.so" to ""
-- Installing: /home/juniorsundar/ROS_Workspaces/ros2_tutorials/install/cpp_srvcli/lib/libcpp_srvcli__python.so
-- Set runtime path of "/home/juniorsundar/ROS_Workspaces/ros2_tutorials/install/cpp_srvcli/lib/libcpp_srvcli__python.so" to ""
-- Installing: /home/juniorsundar/ROS_Workspaces/ros2_tutorials/install/cpp_srvcli/share/cpp_srvcli/srv/AddTwoInts.idl
-- Installing: /home/juniorsundar/ROS_Workspaces/ros2_tutorials/install/cpp_srvcli/share/cpp_srvcli/srv/AddTwoInts.srv
-- Installing: /home/juniorsundar/ROS_Workspaces/ros2_tutorials/install/cpp_srvcli/share/cpp_srvcli/srv/AddTwoInts_Request.msg
-- Installing: /home/juniorsundar/ROS_Workspaces/ros2_tutorials/install/cpp_srvcli/share/cpp_srvcli/srv/AddTwoInts_Response.msg
-- Installing: /home/juniorsundar/ROS_Workspaces/ros2_tutorials/install/cpp_srvcli/lib/cpp_srvcli/server
-- Set runtime path of "/home/juniorsundar/ROS_Workspaces/ros2_tutorials/install/cpp_srvcli/lib/cpp_srvcli/server" to ""
-- Installing: /home/juniorsundar/ROS_Workspaces/ros2_tutorials/install/cpp_srvcli/share/ament_index/resource_index/package_run_dependencies/cpp_srvcli
-- Installing: /home/juniorsundar/ROS_Workspaces/ros2_tutorials/install/cpp_srvcli/share/ament_index/resource_index/parent_prefix_path/cpp_srvcli
-- Installing: /home/juniorsundar/ROS_Workspaces/ros2_tutorials/install/cpp_srvcli/share/cpp_srvcli/environment/ament_prefix_path.sh
-- Installing: /home/juniorsundar/ROS_Workspaces/ros2_tutorials/install/cpp_srvcli/share/cpp_srvcli/environment/ament_prefix_path.dsv
-- Installing: /home/juniorsundar/ROS_Workspaces/ros2_tutorials/install/cpp_srvcli/share/cpp_srvcli/environment/path.sh
-- Installing: /home/juniorsundar/ROS_Workspaces/ros2_tutorials/install/cpp_srvcli/share/cpp_srvcli/environment/path.dsv
-- Installing: /home/juniorsundar/ROS_Workspaces/ros2_tutorials/install/cpp_srvcli/share/cpp_srvcli/local_setup.bash
-- Installing: /home/juniorsundar/ROS_Workspaces/ros2_tutorials/install/cpp_srvcli/share/cpp_srvcli/local_setup.sh
-- Installing: /home/juniorsundar/ROS_Workspaces/ros2_tutorials/install/cpp_srvcli/share/cpp_srvcli/local_setup.zsh
-- Installing: /home/juniorsundar/ROS_Workspaces/ros2_tutorials/install/cpp_srvcli/share/cpp_srvcli/local_setup.dsv
-- Installing: /home/juniorsundar/ROS_Workspaces/ros2_tutorials/install/cpp_srvcli/share/cpp_srvcli/package.dsv
-- Installing: /home/juniorsundar/ROS_Workspaces/ros2_tutorials/install/cpp_srvcli/share/ament_index/resource_index/packages/cpp_srvcli
-- Installing: /home/juniorsundar/ROS_Workspaces/ros2_tutorials/install/cpp_srvcli/share/cpp_srvcli/cmake/cpp_srvcli__rosidl_generator_cExport.cmake
-- Installing: /home/juniorsundar/ROS_Workspaces/ros2_tutorials/install/cpp_srvcli/share/cpp_srvcli/cmake/cpp_srvcli__rosidl_generator_cExport-noconfig.cmake
-- Installing: /home/juniorsundar/ROS_Workspaces/ros2_tutorials/install/cpp_srvcli/share/cpp_srvcli/cmake/cpp_srvcli__rosidl_typesupport_introspection_cExport.cmake
-- Installing: /home/juniorsundar/ROS_Workspaces/ros2_tutorials/install/cpp_srvcli/share/cpp_srvcli/cmake/cpp_srvcli__rosidl_typesupport_introspection_cExport-noconfig.cmake
-- Installing: /home/juniorsundar/ROS_Workspaces/ros2_tutorials/install/cpp_srvcli/share/cpp_srvcli/cmake/cpp_srvcli__rosidl_typesupport_cExport.cmake
-- Installing: /home/juniorsundar/ROS_Workspaces/ros2_tutorials/install/cpp_srvcli/share/cpp_srvcli/cmake/cpp_srvcli__rosidl_typesupport_cExport-noconfig.cmake
-- Installing: /home/juniorsundar/ROS_Workspaces/ros2_tutorials/install/cpp_srvcli/share/cpp_srvcli/cmake/cpp_srvcli__rosidl_generator_cppExport.cmake
-- Installing: /home/juniorsundar/ROS_Workspaces/ros2_tutorials/install/cpp_srvcli/share/cpp_srvcli/cmake/cpp_srvcli__rosidl_typesupport_introspection_cppExport.cmake
-- Installing: /home/juniorsundar/ROS_Workspaces/ros2_tutorials/install/cpp_srvcli/share/cpp_srvcli/cmake/cpp_srvcli__rosidl_typesupport_introspection_cppExport-noconfig.cmake
-- Installing: /home/juniorsundar/ROS_Workspaces/ros2_tutorials/install/cpp_srvcli/share/cpp_srvcli/cmake/cpp_srvcli__rosidl_typesupport_cppExport.cmake
-- Installing: /home/juniorsundar/ROS_Workspaces/ros2_tutorials/install/cpp_srvcli/share/cpp_srvcli/cmake/cpp_srvcli__rosidl_typesupport_cppExport-noconfig.cmake
-- Installing: /home/juniorsundar/ROS_Workspaces/ros2_tutorials/install/cpp_srvcli/share/cpp_srvcli/cmake/rosidl_cmake-extras.cmake
-- Installing: /home/juniorsundar/ROS_Workspaces/ros2_tutorials/install/cpp_srvcli/share/cpp_srvcli/cmake/ament_cmake_export_dependencies-extras.cmake
-- Installing: /home/juniorsundar/ROS_Workspaces/ros2_tutorials/install/cpp_srvcli/share/cpp_srvcli/cmake/ament_cmake_export_libraries-extras.cmake
-- Installing: /home/juniorsundar/ROS_Workspaces/ros2_tutorials/install/cpp_srvcli/share/cpp_srvcli/cmake/ament_cmake_export_targets-extras.cmake
-- Installing: /home/juniorsundar/ROS_Workspaces/ros2_tutorials/install/cpp_srvcli/share/cpp_srvcli/cmake/ament_cmake_export_include_directories-extras.cmake
-- Installing: /home/juniorsundar/ROS_Workspaces/ros2_tutorials/install/cpp_srvcli/share/cpp_srvcli/cmake/rosidl_cmake_export_typesupport_libraries-extras.cmake
-- Installing: /home/juniorsundar/ROS_Workspaces/ros2_tutorials/install/cpp_srvcli/share/cpp_srvcli/cmake/rosidl_cmake_export_typesupport_targets-extras.cmake
-- Installing: /home/juniorsundar/ROS_Workspaces/ros2_tutorials/install/cpp_srvcli/share/cpp_srvcli/cmake/cpp_srvcliConfig.cmake
-- Installing: /home/juniorsundar/ROS_Workspaces/ros2_tutorials/install/cpp_srvcli/share/cpp_srvcli/cmake/cpp_srvcliConfig-version.cmake
-- Installing: /home/juniorsundar/ROS_Workspaces/ros2_tutorials/install/cpp_srvcli/share/cpp_srvcli/package.xml
