[0.066s] Invoking command in '/home/juniorsundar/ROS_Workspaces/ros2_tutorials/build/cpp_srvcli': CMAKE_PREFIX_PATH=${CMAKE_PREFIX_PATH}:/home/juniorsundar/ROS_Workspaces/ros2_tutorials/install/py_pubsub:/home/juniorsundar/ROS_Workspaces/ros2_tutorials/install/learning_tf2_py:/home/juniorsundar/ROS_Workspaces/ros2_tutorials/install/launch_tutorial:/home/juniorsundar/ROS_Workspaces/ros2_tutorials/install/action_py_tutorials:/opt/ros/foxy /home/juniorsundar/.local/bin/cmake /home/juniorsundar/ROS_Workspaces/ros2_tutorials/src/cpp_srvcli -DCMAKE_INSTALL_PREFIX=/home/juniorsundar/ROS_Workspaces/ros2_tutorials/install/cpp_srvcli
[0.859s] -- The C compiler identification is GNU 9.4.0
[0.860s] -- The CXX compiler identification is GNU 9.4.0
[0.860s] -- Detecting C compiler ABI info
[0.860s] -- Detecting C compiler ABI info - done
[0.862s] -- Check for working C compiler: /usr/bin/cc - skipped
[0.862s] -- Detecting C compile features
[0.862s] -- Detecting C compile features - done
[0.863s] -- Detecting CXX compiler ABI info
[0.863s] -- Detecting CXX compiler ABI info - done
[0.863s] -- Check for working CXX compiler: /usr/bin/c++ - skipped
[0.863s] -- Detecting CXX compile features
[0.864s] -- Detecting CXX compile features - done
[0.864s] -- Found ament_cmake: 0.9.9 (/opt/ros/foxy/share/ament_cmake/cmake)
[0.864s] -- Found PythonInterp: /usr/bin/python3 (found suitable version "3.8.10", minimum required is "3") 
[0.864s] -- Using PYTHON_EXECUTABLE: /usr/bin/python3
[0.864s] -- Found rclcpp: 2.4.1 (/opt/ros/foxy/share/rclcpp/cmake)
[0.864s] -- Using all available rosidl_typesupport_c: rosidl_typesupport_fastrtps_c;rosidl_typesupport_introspection_c
[0.864s] -- Found rosidl_adapter: 1.2.1 (/opt/ros/foxy/share/rosidl_adapter/cmake)
[0.864s] -- Found OpenSSL: /usr/lib/x86_64-linux-gnu/libcrypto.so (found version "1.1.1f")  
[0.864s] -- Found FastRTPS: /opt/ros/foxy/include  
[0.864s] -- Using all available rosidl_typesupport_cpp: rosidl_typesupport_fastrtps_cpp;rosidl_typesupport_introspection_cpp
[0.864s] -- Found rmw_implementation_cmake: 1.0.3 (/opt/ros/foxy/share/rmw_implementation_cmake/cmake)
[0.864s] -- Using RMW implementation 'rmw_fastrtps_cpp' as default
[0.865s] -- Looking for pthread.h
[0.865s] -- Looking for pthread.h - found
[0.865s] -- Performing Test CMAKE_HAVE_LIBC_PTHREAD
[0.865s] -- Performing Test CMAKE_HAVE_LIBC_PTHREAD - Failed
[0.865s] -- Looking for pthread_create in pthreads
[0.865s] -- Looking for pthread_create in pthreads - not found
[0.865s] -- Looking for pthread_create in pthread
[0.865s] -- Looking for pthread_create in pthread - found
[0.865s] -- Found Threads: TRUE  
[0.950s] -- Found rosidl_default_generators: 1.0.1 (/opt/ros/foxy/share/rosidl_default_generators/cmake)
[0.976s] -- Found PythonInterp: /usr/bin/python3 (found version "3.8.10") 
[1.098s] -- Found ament_cmake_ros: 0.9.2 (/opt/ros/foxy/share/ament_cmake_ros/cmake)
[1.239s] -- Using all available rosidl_typesupport_c: rosidl_typesupport_fastrtps_c;rosidl_typesupport_introspection_c
[1.247s] -- Using all available rosidl_typesupport_cpp: rosidl_typesupport_fastrtps_cpp;rosidl_typesupport_introspection_cpp
[1.280s] -- Found PythonInterp: /usr/bin/python3 (found suitable version "3.8.10", minimum required is "3.5") 
[1.282s] -- Found python_cmake_module: 0.8.1 (/opt/ros/foxy/share/python_cmake_module/cmake)
[1.327s] -- Found PythonLibs: /usr/lib/x86_64-linux-gnu/libpython3.8.so (found suitable version "3.8.10", minimum required is "3.5") 
[1.327s] -- Using PYTHON_EXECUTABLE: /usr/bin/python3
[1.327s] -- Using PYTHON_INCLUDE_DIRS: /usr/include/python3.8
[1.327s] -- Using PYTHON_LIBRARIES: /usr/lib/x86_64-linux-gnu/libpython3.8.so
[1.402s] -- Found PythonExtra: .so  
[1.421s] -- Found ament_lint_auto: 0.9.6 (/opt/ros/foxy/share/ament_lint_auto/cmake)
[1.442s] -- Added test 'copyright' to check source files copyright and LICENSE
[1.443s] -- Added test 'cppcheck' to perform static code analysis on C / C++ code
[1.444s] -- Configured cppcheck include dirs: /home/juniorsundar/ROS_Workspaces/ros2_tutorials/src/cpp_srvcli/include
[1.444s] -- Configured cppcheck exclude dirs and/or files: 
[1.444s] -- Added test 'cpplint' to check C / C++ code against the Google style
[1.445s] -- Configured cpplint exclude dirs and/or files: 
[1.445s] -- Added test 'lint_cmake' to check CMake code style
[1.446s] -- Added test 'uncrustify' to check C / C++ code style
[1.446s] -- Configured uncrustify additional arguments: 
[1.447s] -- Added test 'xmllint' to check XML markup files
[1.452s] -- Configuring done
[1.480s] -- Generating done
[1.482s] -- Build files have been written to: /home/juniorsundar/ROS_Workspaces/ros2_tutorials/build/cpp_srvcli
[1.512s] Invoked command in '/home/juniorsundar/ROS_Workspaces/ros2_tutorials/build/cpp_srvcli' returned '0': CMAKE_PREFIX_PATH=${CMAKE_PREFIX_PATH}:/home/juniorsundar/ROS_Workspaces/ros2_tutorials/install/py_pubsub:/home/juniorsundar/ROS_Workspaces/ros2_tutorials/install/learning_tf2_py:/home/juniorsundar/ROS_Workspaces/ros2_tutorials/install/launch_tutorial:/home/juniorsundar/ROS_Workspaces/ros2_tutorials/install/action_py_tutorials:/opt/ros/foxy /home/juniorsundar/.local/bin/cmake /home/juniorsundar/ROS_Workspaces/ros2_tutorials/src/cpp_srvcli -DCMAKE_INSTALL_PREFIX=/home/juniorsundar/ROS_Workspaces/ros2_tutorials/install/cpp_srvcli
[1.515s] Invoking command in '/home/juniorsundar/ROS_Workspaces/ros2_tutorials/build/cpp_srvcli': CMAKE_PREFIX_PATH=${CMAKE_PREFIX_PATH}:/home/juniorsundar/ROS_Workspaces/ros2_tutorials/install/py_pubsub:/home/juniorsundar/ROS_Workspaces/ros2_tutorials/install/learning_tf2_py:/home/juniorsundar/ROS_Workspaces/ros2_tutorials/install/launch_tutorial:/home/juniorsundar/ROS_Workspaces/ros2_tutorials/install/action_py_tutorials:/opt/ros/foxy /home/juniorsundar/.local/bin/cmake --build /home/juniorsundar/ROS_Workspaces/ros2_tutorials/build/cpp_srvcli -- -j16 -l16
[1.530s] [  3%] [34m[1mGenerating C code for ROS interfaces[0m
[1.530s] [  6%] [34m[1mGenerating C++ code for ROS interfaces[0m
[1.750s] [  6%] Built target cpp_srvcli__cpp
[1.755s] [ 15%] [34m[1mGenerating C++ type support for eProsima Fast-RTPS[0m
[1.755s] [ 15%] [34m[1mGenerating C++ type support dispatch for ROS interfaces[0m
[1.755s] [ 15%] [34m[1mGenerating C++ introspection for ROS interfaces[0m
[1.806s] [ 18%] [32mBuilding C object CMakeFiles/cpp_srvcli__rosidl_generator_c.dir/rosidl_generator_c/cpp_srvcli/srv/detail/add_two_ints__functions.c.o[0m
[1.851s] [ 21%] [32m[1mLinking C shared library libcpp_srvcli__rosidl_generator_c.so[0m
[1.876s] [ 21%] Built target cpp_srvcli__rosidl_generator_c
[1.880s] [ 27%] [34m[1mGenerating C introspection for ROS interfaces[0m
[1.881s] [ 27%] [34m[1mGenerating C type support dispatch for ROS interfaces[0m
[2.064s] [ 30%] [32mBuilding CXX object CMakeFiles/cpp_srvcli__rosidl_typesupport_cpp.dir/rosidl_typesupport_cpp/cpp_srvcli/srv/add_two_ints__type_support.cpp.o[0m
[2.097s] [ 33%] [32mBuilding CXX object CMakeFiles/cpp_srvcli__rosidl_typesupport_fastrtps_cpp.dir/rosidl_typesupport_fastrtps_cpp/cpp_srvcli/srv/detail/dds_fastrtps/add_two_ints__type_support.cpp.o[0m
[2.101s] [ 36%] [32mBuilding CXX object CMakeFiles/cpp_srvcli__rosidl_typesupport_introspection_cpp.dir/rosidl_typesupport_introspection_cpp/cpp_srvcli/srv/detail/add_two_ints__type_support.cpp.o[0m
[2.168s] [ 39%] [32mBuilding CXX object CMakeFiles/cpp_srvcli__rosidl_typesupport_c.dir/rosidl_typesupport_c/cpp_srvcli/srv/add_two_ints__type_support.cpp.o[0m
[2.196s] [ 42%] [32m[1mLinking CXX shared library libcpp_srvcli__rosidl_typesupport_c.so[0m
[2.200s] [ 45%] [32mBuilding C object CMakeFiles/cpp_srvcli__rosidl_typesupport_introspection_c.dir/rosidl_typesupport_introspection_c/cpp_srvcli/srv/detail/add_two_ints__type_support.c.o[0m
[2.223s] [ 45%] Built target cpp_srvcli__rosidl_typesupport_c
[2.225s] [ 48%] [32m[1mLinking C shared library libcpp_srvcli__rosidl_typesupport_introspection_c.so[0m
[2.243s] [ 48%] Built target cpp_srvcli__rosidl_typesupport_introspection_c
[2.389s] [ 51%] [32m[1mLinking CXX shared library libcpp_srvcli__rosidl_typesupport_cpp.so[0m
[2.417s] [ 54%] [32m[1mLinking CXX shared library libcpp_srvcli__rosidl_typesupport_introspection_cpp.so[0m
[2.419s] [ 54%] Built target cpp_srvcli__rosidl_typesupport_cpp
[2.437s] [ 54%] Built target cpp_srvcli__rosidl_typesupport_introspection_cpp
[2.609s] [ 57%] [32m[1mLinking CXX shared library libcpp_srvcli__rosidl_typesupport_fastrtps_cpp.so[0m
[2.711s] [ 57%] Built target cpp_srvcli__rosidl_typesupport_fastrtps_cpp
[2.714s] [ 60%] [34m[1mGenerating C type support for eProsima Fast-RTPS[0m
[2.896s] [ 63%] [32mBuilding CXX object CMakeFiles/cpp_srvcli__rosidl_typesupport_fastrtps_c.dir/rosidl_typesupport_fastrtps_c/cpp_srvcli/srv/detail/add_two_ints__type_support_c.cpp.o[0m
[3.171s] [ 66%] [32m[1mLinking CXX shared library libcpp_srvcli__rosidl_typesupport_fastrtps_c.so[0m
[3.249s] [ 66%] Built target cpp_srvcli__rosidl_typesupport_fastrtps_c
[3.255s] [ 66%] Built target cpp_srvcli
[3.261s] [ 72%] [32mBuilding CXX object CMakeFiles/server.dir/src/add_two_ints_server.cpp.o[0m
[3.261s] [ 72%] [34m[1mGenerating Python code for ROS interfaces[0m
[3.798s] [ 72%] Built target cpp_srvcli__py
[3.805s] [ 75%] [32mBuilding C object CMakeFiles/cpp_srvcli__python.dir/rosidl_generator_py/cpp_srvcli/srv/_add_two_ints_s.c.o[0m
[3.875s] [ 78%] [32m[1mLinking C shared library rosidl_generator_py/cpp_srvcli/libcpp_srvcli__python.so[0m
[3.894s] [ 78%] Built target cpp_srvcli__python
[3.900s] [ 81%] [32mBuilding C object CMakeFiles/cpp_srvcli__rosidl_typesupport_fastrtps_c__pyext.dir/rosidl_generator_py/cpp_srvcli/_cpp_srvcli_s.ep.rosidl_typesupport_fastrtps_c.c.o[0m
[3.901s] [ 84%] [32mBuilding C object CMakeFiles/cpp_srvcli__rosidl_typesupport_c__pyext.dir/rosidl_generator_py/cpp_srvcli/_cpp_srvcli_s.ep.rosidl_typesupport_c.c.o[0m
[3.901s] [ 87%] [32mBuilding C object CMakeFiles/cpp_srvcli__rosidl_typesupport_introspection_c__pyext.dir/rosidl_generator_py/cpp_srvcli/_cpp_srvcli_s.ep.rosidl_typesupport_introspection_c.c.o[0m
[4.002s] [ 96%] [32m[1mLinking CXX shared library rosidl_generator_py/cpp_srvcli/cpp_srvcli_s__rosidl_typesupport_fastrtps_c.cpython-38-x86_64-linux-gnu.so[0m
[4.002s] [ 96%] [32m[1mLinking C shared library rosidl_generator_py/cpp_srvcli/cpp_srvcli_s__rosidl_typesupport_c.cpython-38-x86_64-linux-gnu.so[0m
[4.002s] [ 96%] [32m[1mLinking C shared library rosidl_generator_py/cpp_srvcli/cpp_srvcli_s__rosidl_typesupport_introspection_c.cpython-38-x86_64-linux-gnu.so[0m
[4.018s] [ 96%] Built target cpp_srvcli__rosidl_typesupport_c__pyext
[4.023s] [ 96%] Built target cpp_srvcli__rosidl_typesupport_introspection_c__pyext
[4.046s] [ 96%] Built target cpp_srvcli__rosidl_typesupport_fastrtps_c__pyext
[5.099s] [100%] [32m[1mLinking CXX executable server[0m
[5.202s] [100%] Built target server
[5.205s] Invoked command in '/home/juniorsundar/ROS_Workspaces/ros2_tutorials/build/cpp_srvcli' returned '0': CMAKE_PREFIX_PATH=${CMAKE_PREFIX_PATH}:/home/juniorsundar/ROS_Workspaces/ros2_tutorials/install/py_pubsub:/home/juniorsundar/ROS_Workspaces/ros2_tutorials/install/learning_tf2_py:/home/juniorsundar/ROS_Workspaces/ros2_tutorials/install/launch_tutorial:/home/juniorsundar/ROS_Workspaces/ros2_tutorials/install/action_py_tutorials:/opt/ros/foxy /home/juniorsundar/.local/bin/cmake --build /home/juniorsundar/ROS_Workspaces/ros2_tutorials/build/cpp_srvcli -- -j16 -l16
[5.240s] Invoking command in '/home/juniorsundar/ROS_Workspaces/ros2_tutorials/build/cpp_srvcli': CMAKE_PREFIX_PATH=${CMAKE_PREFIX_PATH}:/home/juniorsundar/ROS_Workspaces/ros2_tutorials/install/py_pubsub:/home/juniorsundar/ROS_Workspaces/ros2_tutorials/install/learning_tf2_py:/home/juniorsundar/ROS_Workspaces/ros2_tutorials/install/launch_tutorial:/home/juniorsundar/ROS_Workspaces/ros2_tutorials/install/action_py_tutorials:/opt/ros/foxy /home/juniorsundar/.local/bin/cmake --install /home/juniorsundar/ROS_Workspaces/ros2_tutorials/build/cpp_srvcli
[5.243s] -- Install configuration: ""
[5.243s] -- Installing: /home/juniorsundar/ROS_Workspaces/ros2_tutorials/install/cpp_srvcli/share/ament_index/resource_index/rosidl_interfaces/cpp_srvcli
[5.243s] -- Installing: /home/juniorsundar/ROS_Workspaces/ros2_tutorials/install/cpp_srvcli/include/cpp_srvcli
[5.243s] -- Installing: /home/juniorsundar/ROS_Workspaces/ros2_tutorials/install/cpp_srvcli/include/cpp_srvcli/msg
[5.243s] -- Installing: /home/juniorsundar/ROS_Workspaces/ros2_tutorials/install/cpp_srvcli/include/cpp_srvcli/msg/rosidl_generator_c__visibility_control.h
[5.243s] -- Installing: /home/juniorsundar/ROS_Workspaces/ros2_tutorials/install/cpp_srvcli/include/cpp_srvcli/srv
[5.243s] -- Installing: /home/juniorsundar/ROS_Workspaces/ros2_tutorials/install/cpp_srvcli/include/cpp_srvcli/srv/detail
[5.243s] -- Installing: /home/juniorsundar/ROS_Workspaces/ros2_tutorials/install/cpp_srvcli/include/cpp_srvcli/srv/detail/add_two_ints__functions.h
[5.243s] -- Installing: /home/juniorsundar/ROS_Workspaces/ros2_tutorials/install/cpp_srvcli/include/cpp_srvcli/srv/detail/add_two_ints__struct.h
[5.243s] -- Installing: /home/juniorsundar/ROS_Workspaces/ros2_tutorials/install/cpp_srvcli/include/cpp_srvcli/srv/detail/add_two_ints__type_support.h
[5.243s] -- Installing: /home/juniorsundar/ROS_Workspaces/ros2_tutorials/install/cpp_srvcli/include/cpp_srvcli/srv/detail/add_two_ints__functions.c
[5.244s] -- Installing: /home/juniorsundar/ROS_Workspaces/ros2_tutorials/install/cpp_srvcli/include/cpp_srvcli/srv/add_two_ints.h
[5.244s] -- Installing: /home/juniorsundar/ROS_Workspaces/ros2_tutorials/install/cpp_srvcli/share/cpp_srvcli/environment/library_path.sh
[5.244s] -- Installing: /home/juniorsundar/ROS_Workspaces/ros2_tutorials/install/cpp_srvcli/share/cpp_srvcli/environment/library_path.dsv
[5.244s] -- Installing: /home/juniorsundar/ROS_Workspaces/ros2_tutorials/install/cpp_srvcli/lib/libcpp_srvcli__rosidl_generator_c.so
[5.244s] -- Set runtime path of "/home/juniorsundar/ROS_Workspaces/ros2_tutorials/install/cpp_srvcli/lib/libcpp_srvcli__rosidl_generator_c.so" to ""
[5.244s] -- Up-to-date: /home/juniorsundar/ROS_Workspaces/ros2_tutorials/install/cpp_srvcli/include/cpp_srvcli
[5.244s] -- Up-to-date: /home/juniorsundar/ROS_Workspaces/ros2_tutorials/install/cpp_srvcli/include/cpp_srvcli/msg
[5.244s] -- Installing: /home/juniorsundar/ROS_Workspaces/ros2_tutorials/install/cpp_srvcli/include/cpp_srvcli/msg/rosidl_typesupport_fastrtps_c__visibility_control.h
[5.244s] -- Up-to-date: /home/juniorsundar/ROS_Workspaces/ros2_tutorials/install/cpp_srvcli/include/cpp_srvcli/srv
[5.244s] -- Up-to-date: /home/juniorsundar/ROS_Workspaces/ros2_tutorials/install/cpp_srvcli/include/cpp_srvcli/srv/detail
[5.244s] -- Installing: /home/juniorsundar/ROS_Workspaces/ros2_tutorials/install/cpp_srvcli/include/cpp_srvcli/srv/detail/add_two_ints__rosidl_typesupport_fastrtps_c.h
[5.244s] -- Installing: /home/juniorsundar/ROS_Workspaces/ros2_tutorials/install/cpp_srvcli/lib/libcpp_srvcli__rosidl_typesupport_fastrtps_c.so
[5.244s] -- Set runtime path of "/home/juniorsundar/ROS_Workspaces/ros2_tutorials/install/cpp_srvcli/lib/libcpp_srvcli__rosidl_typesupport_fastrtps_c.so" to ""
[5.244s] -- Up-to-date: /home/juniorsundar/ROS_Workspaces/ros2_tutorials/install/cpp_srvcli/include/cpp_srvcli
[5.244s] -- Up-to-date: /home/juniorsundar/ROS_Workspaces/ros2_tutorials/install/cpp_srvcli/include/cpp_srvcli/msg
[5.244s] -- Installing: /home/juniorsundar/ROS_Workspaces/ros2_tutorials/install/cpp_srvcli/include/cpp_srvcli/msg/rosidl_typesupport_fastrtps_cpp__visibility_control.h
[5.245s] -- Up-to-date: /home/juniorsundar/ROS_Workspaces/ros2_tutorials/install/cpp_srvcli/include/cpp_srvcli/srv
[5.245s] -- Up-to-date: /home/juniorsundar/ROS_Workspaces/ros2_tutorials/install/cpp_srvcli/include/cpp_srvcli/srv/detail
[5.245s] -- Installing: /home/juniorsundar/ROS_Workspaces/ros2_tutorials/install/cpp_srvcli/include/cpp_srvcli/srv/detail/add_two_ints__rosidl_typesupport_fastrtps_cpp.hpp
[5.245s] -- Installing: /home/juniorsundar/ROS_Workspaces/ros2_tutorials/install/cpp_srvcli/include/cpp_srvcli/srv/detail/dds_fastrtps
[5.245s] -- Installing: /home/juniorsundar/ROS_Workspaces/ros2_tutorials/install/cpp_srvcli/lib/libcpp_srvcli__rosidl_typesupport_fastrtps_cpp.so
[5.245s] -- Set runtime path of "/home/juniorsundar/ROS_Workspaces/ros2_tutorials/install/cpp_srvcli/lib/libcpp_srvcli__rosidl_typesupport_fastrtps_cpp.so" to ""
[5.245s] -- Up-to-date: /home/juniorsundar/ROS_Workspaces/ros2_tutorials/install/cpp_srvcli/include/cpp_srvcli
[5.245s] -- Up-to-date: /home/juniorsundar/ROS_Workspaces/ros2_tutorials/install/cpp_srvcli/include/cpp_srvcli/msg
[5.245s] -- Installing: /home/juniorsundar/ROS_Workspaces/ros2_tutorials/install/cpp_srvcli/include/cpp_srvcli/msg/rosidl_typesupport_introspection_c__visibility_control.h
[5.245s] -- Up-to-date: /home/juniorsundar/ROS_Workspaces/ros2_tutorials/install/cpp_srvcli/include/cpp_srvcli/srv
[5.245s] -- Up-to-date: /home/juniorsundar/ROS_Workspaces/ros2_tutorials/install/cpp_srvcli/include/cpp_srvcli/srv/detail
[5.245s] -- Installing: /home/juniorsundar/ROS_Workspaces/ros2_tutorials/install/cpp_srvcli/include/cpp_srvcli/srv/detail/add_two_ints__type_support.c
[5.245s] -- Installing: /home/juniorsundar/ROS_Workspaces/ros2_tutorials/install/cpp_srvcli/include/cpp_srvcli/srv/detail/add_two_ints__rosidl_typesupport_introspection_c.h
[5.245s] -- Installing: /home/juniorsundar/ROS_Workspaces/ros2_tutorials/install/cpp_srvcli/lib/libcpp_srvcli__rosidl_typesupport_introspection_c.so
[5.245s] -- Set runtime path of "/home/juniorsundar/ROS_Workspaces/ros2_tutorials/install/cpp_srvcli/lib/libcpp_srvcli__rosidl_typesupport_introspection_c.so" to ""
[5.245s] -- Installing: /home/juniorsundar/ROS_Workspaces/ros2_tutorials/install/cpp_srvcli/lib/libcpp_srvcli__rosidl_typesupport_c.so
[5.245s] -- Set runtime path of "/home/juniorsundar/ROS_Workspaces/ros2_tutorials/install/cpp_srvcli/lib/libcpp_srvcli__rosidl_typesupport_c.so" to ""
[5.246s] -- Up-to-date: /home/juniorsundar/ROS_Workspaces/ros2_tutorials/install/cpp_srvcli/include/cpp_srvcli
[5.246s] -- Up-to-date: /home/juniorsundar/ROS_Workspaces/ros2_tutorials/install/cpp_srvcli/include/cpp_srvcli/srv
[5.246s] -- Up-to-date: /home/juniorsundar/ROS_Workspaces/ros2_tutorials/install/cpp_srvcli/include/cpp_srvcli/srv/detail
[5.246s] -- Installing: /home/juniorsundar/ROS_Workspaces/ros2_tutorials/install/cpp_srvcli/include/cpp_srvcli/srv/detail/add_two_ints__struct.hpp
[5.246s] -- Installing: /home/juniorsundar/ROS_Workspaces/ros2_tutorials/install/cpp_srvcli/include/cpp_srvcli/srv/detail/add_two_ints__traits.hpp
[5.246s] -- Installing: /home/juniorsundar/ROS_Workspaces/ros2_tutorials/install/cpp_srvcli/include/cpp_srvcli/srv/detail/add_two_ints__builder.hpp
[5.246s] -- Installing: /home/juniorsundar/ROS_Workspaces/ros2_tutorials/install/cpp_srvcli/include/cpp_srvcli/srv/add_two_ints.hpp
[5.246s] -- Up-to-date: /home/juniorsundar/ROS_Workspaces/ros2_tutorials/install/cpp_srvcli/include/cpp_srvcli
[5.246s] -- Up-to-date: /home/juniorsundar/ROS_Workspaces/ros2_tutorials/install/cpp_srvcli/include/cpp_srvcli/srv
[5.246s] -- Up-to-date: /home/juniorsundar/ROS_Workspaces/ros2_tutorials/install/cpp_srvcli/include/cpp_srvcli/srv/detail
[5.246s] -- Installing: /home/juniorsundar/ROS_Workspaces/ros2_tutorials/install/cpp_srvcli/include/cpp_srvcli/srv/detail/add_two_ints__rosidl_typesupport_introspection_cpp.hpp
[5.246s] -- Installing: /home/juniorsundar/ROS_Workspaces/ros2_tutorials/install/cpp_srvcli/include/cpp_srvcli/srv/detail/add_two_ints__type_support.cpp
[5.246s] -- Installing: /home/juniorsundar/ROS_Workspaces/ros2_tutorials/install/cpp_srvcli/lib/libcpp_srvcli__rosidl_typesupport_introspection_cpp.so
[5.246s] -- Set runtime path of "/home/juniorsundar/ROS_Workspaces/ros2_tutorials/install/cpp_srvcli/lib/libcpp_srvcli__rosidl_typesupport_introspection_cpp.so" to ""
[5.246s] -- Installing: /home/juniorsundar/ROS_Workspaces/ros2_tutorials/install/cpp_srvcli/lib/libcpp_srvcli__rosidl_typesupport_cpp.so
[5.246s] -- Set runtime path of "/home/juniorsundar/ROS_Workspaces/ros2_tutorials/install/cpp_srvcli/lib/libcpp_srvcli__rosidl_typesupport_cpp.so" to ""
[5.246s] -- Installing: /home/juniorsundar/ROS_Workspaces/ros2_tutorials/install/cpp_srvcli/share/cpp_srvcli/environment/pythonpath.sh
[5.247s] -- Installing: /home/juniorsundar/ROS_Workspaces/ros2_tutorials/install/cpp_srvcli/share/cpp_srvcli/environment/pythonpath.dsv
[5.247s] -- Installing: /home/juniorsundar/ROS_Workspaces/ros2_tutorials/install/cpp_srvcli/lib/python3.8/site-packages/cpp_srvcli/__init__.py
[5.272s] Compiling '/home/juniorsundar/ROS_Workspaces/ros2_tutorials/install/cpp_srvcli/lib/python3.8/site-packages/cpp_srvcli/__init__.py'...
[5.276s] -- Installing: /home/juniorsundar/ROS_Workspaces/ros2_tutorials/install/cpp_srvcli/lib/python3.8/site-packages/cpp_srvcli/srv
[5.276s] -- Installing: /home/juniorsundar/ROS_Workspaces/ros2_tutorials/install/cpp_srvcli/lib/python3.8/site-packages/cpp_srvcli/srv/_add_two_ints.py
[5.276s] -- Installing: /home/juniorsundar/ROS_Workspaces/ros2_tutorials/install/cpp_srvcli/lib/python3.8/site-packages/cpp_srvcli/srv/_add_two_ints_s.c
[5.276s] -- Installing: /home/juniorsundar/ROS_Workspaces/ros2_tutorials/install/cpp_srvcli/lib/python3.8/site-packages/cpp_srvcli/srv/__init__.py
[5.276s] -- Installing: /home/juniorsundar/ROS_Workspaces/ros2_tutorials/install/cpp_srvcli/lib/python3.8/site-packages/cpp_srvcli/cpp_srvcli_s__rosidl_typesupport_fastrtps_c.cpython-38-x86_64-linux-gnu.so
[5.276s] -- Set runtime path of "/home/juniorsundar/ROS_Workspaces/ros2_tutorials/install/cpp_srvcli/lib/python3.8/site-packages/cpp_srvcli/cpp_srvcli_s__rosidl_typesupport_fastrtps_c.cpython-38-x86_64-linux-gnu.so" to ""
[5.277s] -- Installing: /home/juniorsundar/ROS_Workspaces/ros2_tutorials/install/cpp_srvcli/lib/python3.8/site-packages/cpp_srvcli/cpp_srvcli_s__rosidl_typesupport_introspection_c.cpython-38-x86_64-linux-gnu.so
[5.277s] -- Set runtime path of "/home/juniorsundar/ROS_Workspaces/ros2_tutorials/install/cpp_srvcli/lib/python3.8/site-packages/cpp_srvcli/cpp_srvcli_s__rosidl_typesupport_introspection_c.cpython-38-x86_64-linux-gnu.so" to ""
[5.277s] -- Installing: /home/juniorsundar/ROS_Workspaces/ros2_tutorials/install/cpp_srvcli/lib/python3.8/site-packages/cpp_srvcli/cpp_srvcli_s__rosidl_typesupport_c.cpython-38-x86_64-linux-gnu.so
[5.277s] -- Set runtime path of "/home/juniorsundar/ROS_Workspaces/ros2_tutorials/install/cpp_srvcli/lib/python3.8/site-packages/cpp_srvcli/cpp_srvcli_s__rosidl_typesupport_c.cpython-38-x86_64-linux-gnu.so" to ""
[5.277s] -- Installing: /home/juniorsundar/ROS_Workspaces/ros2_tutorials/install/cpp_srvcli/lib/libcpp_srvcli__python.so
[5.277s] -- Set runtime path of "/home/juniorsundar/ROS_Workspaces/ros2_tutorials/install/cpp_srvcli/lib/libcpp_srvcli__python.so" to ""
[5.277s] -- Installing: /home/juniorsundar/ROS_Workspaces/ros2_tutorials/install/cpp_srvcli/share/cpp_srvcli/srv/AddTwoInts.idl
[5.277s] -- Installing: /home/juniorsundar/ROS_Workspaces/ros2_tutorials/install/cpp_srvcli/share/cpp_srvcli/srv/AddTwoInts.srv
[5.277s] -- Installing: /home/juniorsundar/ROS_Workspaces/ros2_tutorials/install/cpp_srvcli/share/cpp_srvcli/srv/AddTwoInts_Request.msg
[5.277s] -- Installing: /home/juniorsundar/ROS_Workspaces/ros2_tutorials/install/cpp_srvcli/share/cpp_srvcli/srv/AddTwoInts_Response.msg
[5.277s] -- Installing: /home/juniorsundar/ROS_Workspaces/ros2_tutorials/install/cpp_srvcli/lib/cpp_srvcli/server
[5.278s] -- Set runtime path of "/home/juniorsundar/ROS_Workspaces/ros2_tutorials/install/cpp_srvcli/lib/cpp_srvcli/server" to ""
[5.278s] -- Installing: /home/juniorsundar/ROS_Workspaces/ros2_tutorials/install/cpp_srvcli/share/ament_index/resource_index/package_run_dependencies/cpp_srvcli
[5.278s] -- Installing: /home/juniorsundar/ROS_Workspaces/ros2_tutorials/install/cpp_srvcli/share/ament_index/resource_index/parent_prefix_path/cpp_srvcli
[5.278s] -- Installing: /home/juniorsundar/ROS_Workspaces/ros2_tutorials/install/cpp_srvcli/share/cpp_srvcli/environment/ament_prefix_path.sh
[5.278s] -- Installing: /home/juniorsundar/ROS_Workspaces/ros2_tutorials/install/cpp_srvcli/share/cpp_srvcli/environment/ament_prefix_path.dsv
[5.278s] -- Installing: /home/juniorsundar/ROS_Workspaces/ros2_tutorials/install/cpp_srvcli/share/cpp_srvcli/environment/path.sh
[5.278s] -- Installing: /home/juniorsundar/ROS_Workspaces/ros2_tutorials/install/cpp_srvcli/share/cpp_srvcli/environment/path.dsv
[5.278s] -- Installing: /home/juniorsundar/ROS_Workspaces/ros2_tutorials/install/cpp_srvcli/share/cpp_srvcli/local_setup.bash
[5.278s] -- Installing: /home/juniorsundar/ROS_Workspaces/ros2_tutorials/install/cpp_srvcli/share/cpp_srvcli/local_setup.sh
[5.278s] -- Installing: /home/juniorsundar/ROS_Workspaces/ros2_tutorials/install/cpp_srvcli/share/cpp_srvcli/local_setup.zsh
[5.278s] -- Installing: /home/juniorsundar/ROS_Workspaces/ros2_tutorials/install/cpp_srvcli/share/cpp_srvcli/local_setup.dsv
[5.278s] -- Installing: /home/juniorsundar/ROS_Workspaces/ros2_tutorials/install/cpp_srvcli/share/cpp_srvcli/package.dsv
[5.278s] -- Installing: /home/juniorsundar/ROS_Workspaces/ros2_tutorials/install/cpp_srvcli/share/ament_index/resource_index/packages/cpp_srvcli
[5.278s] -- Installing: /home/juniorsundar/ROS_Workspaces/ros2_tutorials/install/cpp_srvcli/share/cpp_srvcli/cmake/cpp_srvcli__rosidl_generator_cExport.cmake
[5.279s] -- Installing: /home/juniorsundar/ROS_Workspaces/ros2_tutorials/install/cpp_srvcli/share/cpp_srvcli/cmake/cpp_srvcli__rosidl_generator_cExport-noconfig.cmake
[5.279s] -- Installing: /home/juniorsundar/ROS_Workspaces/ros2_tutorials/install/cpp_srvcli/share/cpp_srvcli/cmake/cpp_srvcli__rosidl_typesupport_introspection_cExport.cmake
[5.279s] -- Installing: /home/juniorsundar/ROS_Workspaces/ros2_tutorials/install/cpp_srvcli/share/cpp_srvcli/cmake/cpp_srvcli__rosidl_typesupport_introspection_cExport-noconfig.cmake
[5.279s] -- Installing: /home/juniorsundar/ROS_Workspaces/ros2_tutorials/install/cpp_srvcli/share/cpp_srvcli/cmake/cpp_srvcli__rosidl_typesupport_cExport.cmake
[5.279s] -- Installing: /home/juniorsundar/ROS_Workspaces/ros2_tutorials/install/cpp_srvcli/share/cpp_srvcli/cmake/cpp_srvcli__rosidl_typesupport_cExport-noconfig.cmake
[5.279s] -- Installing: /home/juniorsundar/ROS_Workspaces/ros2_tutorials/install/cpp_srvcli/share/cpp_srvcli/cmake/cpp_srvcli__rosidl_generator_cppExport.cmake
[5.279s] -- Installing: /home/juniorsundar/ROS_Workspaces/ros2_tutorials/install/cpp_srvcli/share/cpp_srvcli/cmake/cpp_srvcli__rosidl_typesupport_introspection_cppExport.cmake
[5.279s] -- Installing: /home/juniorsundar/ROS_Workspaces/ros2_tutorials/install/cpp_srvcli/share/cpp_srvcli/cmake/cpp_srvcli__rosidl_typesupport_introspection_cppExport-noconfig.cmake
[5.279s] -- Installing: /home/juniorsundar/ROS_Workspaces/ros2_tutorials/install/cpp_srvcli/share/cpp_srvcli/cmake/cpp_srvcli__rosidl_typesupport_cppExport.cmake
[5.279s] -- Installing: /home/juniorsundar/ROS_Workspaces/ros2_tutorials/install/cpp_srvcli/share/cpp_srvcli/cmake/cpp_srvcli__rosidl_typesupport_cppExport-noconfig.cmake
[5.279s] -- Installing: /home/juniorsundar/ROS_Workspaces/ros2_tutorials/install/cpp_srvcli/share/cpp_srvcli/cmake/rosidl_cmake-extras.cmake
[5.279s] -- Installing: /home/juniorsundar/ROS_Workspaces/ros2_tutorials/install/cpp_srvcli/share/cpp_srvcli/cmake/ament_cmake_export_dependencies-extras.cmake
[5.279s] -- Installing: /home/juniorsundar/ROS_Workspaces/ros2_tutorials/install/cpp_srvcli/share/cpp_srvcli/cmake/ament_cmake_export_libraries-extras.cmake
[5.279s] -- Installing: /home/juniorsundar/ROS_Workspaces/ros2_tutorials/install/cpp_srvcli/share/cpp_srvcli/cmake/ament_cmake_export_targets-extras.cmake
[5.280s] -- Installing: /home/juniorsundar/ROS_Workspaces/ros2_tutorials/install/cpp_srvcli/share/cpp_srvcli/cmake/ament_cmake_export_include_directories-extras.cmake
[5.280s] -- Installing: /home/juniorsundar/ROS_Workspaces/ros2_tutorials/install/cpp_srvcli/share/cpp_srvcli/cmake/rosidl_cmake_export_typesupport_libraries-extras.cmake
[5.280s] -- Installing: /home/juniorsundar/ROS_Workspaces/ros2_tutorials/install/cpp_srvcli/share/cpp_srvcli/cmake/rosidl_cmake_export_typesupport_targets-extras.cmake
[5.280s] -- Installing: /home/juniorsundar/ROS_Workspaces/ros2_tutorials/install/cpp_srvcli/share/cpp_srvcli/cmake/cpp_srvcliConfig.cmake
[5.280s] -- Installing: /home/juniorsundar/ROS_Workspaces/ros2_tutorials/install/cpp_srvcli/share/cpp_srvcli/cmake/cpp_srvcliConfig-version.cmake
[5.280s] -- Installing: /home/juniorsundar/ROS_Workspaces/ros2_tutorials/install/cpp_srvcli/share/cpp_srvcli/package.xml
[5.289s] Invoked command in '/home/juniorsundar/ROS_Workspaces/ros2_tutorials/build/cpp_srvcli' returned '0': CMAKE_PREFIX_PATH=${CMAKE_PREFIX_PATH}:/home/juniorsundar/ROS_Workspaces/ros2_tutorials/install/py_pubsub:/home/juniorsundar/ROS_Workspaces/ros2_tutorials/install/learning_tf2_py:/home/juniorsundar/ROS_Workspaces/ros2_tutorials/install/launch_tutorial:/home/juniorsundar/ROS_Workspaces/ros2_tutorials/install/action_py_tutorials:/opt/ros/foxy /home/juniorsundar/.local/bin/cmake --install /home/juniorsundar/ROS_Workspaces/ros2_tutorials/build/cpp_srvcli
