[  3%] Built target cpp_srvcli__cpp
[ 12%] Built target cpp_srvcli__rosidl_generator_c
[ 39%] Built target cpp_srvcli__rosidl_typesupport_introspection_cpp
[ 39%] Built target cpp_srvcli__rosidl_typesupport_cpp
[ 48%] Built target cpp_srvcli__rosidl_typesupport_fastrtps_cpp
[ 48%] Built target cpp_srvcli__rosidl_typesupport_c
[ 57%] Built target cpp_srvcli__rosidl_typesupport_introspection_c
[ 66%] Built target cpp_srvcli__rosidl_typesupport_fastrtps_c
[ 66%] Built target cpp_srvcli
[ 69%] Built target cpp_srvcli__py
[ 75%] Built target server
[ 81%] Built target cpp_srvcli__python
[ 87%] Built target cpp_srvcli__rosidl_typesupport_fastrtps_c__pyext
[ 93%] Built target cpp_srvcli__rosidl_typesupport_introspection_c__pyext
[100%] Built target cpp_srvcli__rosidl_typesupport_c__pyext
-- Install configuration: ""
-- Up-to-date: /home/juniorsundar/ROS_Workspaces/ros2_tutorials/install/cpp_srvcli/share/ament_index/resource_index/rosidl_interfaces/cpp_srvcli
-- Up-to-date: /home/juniorsundar/ROS_Workspaces/ros2_tutorials/install/cpp_srvcli/include/cpp_srvcli
-- Up-to-date: /home/juniorsundar/ROS_Workspaces/ros2_tutorials/install/cpp_srvcli/include/cpp_srvcli/msg
-- Up-to-date: /home/juniorsundar/ROS_Workspaces/ros2_tutorials/install/cpp_srvcli/include/cpp_srvcli/msg/rosidl_generator_c__visibility_control.h
-- Up-to-date: /home/juniorsundar/ROS_Workspaces/ros2_tutorials/install/cpp_srvcli/include/cpp_srvcli/srv
-- Up-to-date: /home/juniorsundar/ROS_Workspaces/ros2_tutorials/install/cpp_srvcli/include/cpp_srvcli/srv/detail
-- Up-to-date: /home/juniorsundar/ROS_Workspaces/ros2_tutorials/install/cpp_srvcli/include/cpp_srvcli/srv/detail/add_two_ints__functions.h
-- Up-to-date: /home/juniorsundar/ROS_Workspaces/ros2_tutorials/install/cpp_srvcli/include/cpp_srvcli/srv/detail/add_two_ints__struct.h
-- Up-to-date: /home/juniorsundar/ROS_Workspaces/ros2_tutorials/install/cpp_srvcli/include/cpp_srvcli/srv/detail/add_two_ints__type_support.h
-- Up-to-date: /home/juniorsundar/ROS_Workspaces/ros2_tutorials/install/cpp_srvcli/include/cpp_srvcli/srv/detail/add_two_ints__functions.c
-- Up-to-date: /home/juniorsundar/ROS_Workspaces/ros2_tutorials/install/cpp_srvcli/include/cpp_srvcli/srv/add_two_ints.h
-- Up-to-date: /home/juniorsundar/ROS_Workspaces/ros2_tutorials/install/cpp_srvcli/share/cpp_srvcli/environment/library_path.sh
-- Up-to-date: /home/juniorsundar/ROS_Workspaces/ros2_tutorials/install/cpp_srvcli/share/cpp_srvcli/environment/library_path.dsv
-- Up-to-date: /home/juniorsundar/ROS_Workspaces/ros2_tutorials/install/cpp_srvcli/lib/libcpp_srvcli__rosidl_generator_c.so
-- Up-to-date: /home/juniorsundar/ROS_Workspaces/ros2_tutorials/install/cpp_srvcli/include/cpp_srvcli
-- Up-to-date: /home/juniorsundar/ROS_Workspaces/ros2_tutorials/install/cpp_srvcli/include/cpp_srvcli/msg
-- Up-to-date: /home/juniorsundar/ROS_Workspaces/ros2_tutorials/install/cpp_srvcli/include/cpp_srvcli/msg/rosidl_typesupport_fastrtps_c__visibility_control.h
-- Up-to-date: /home/juniorsundar/ROS_Workspaces/ros2_tutorials/install/cpp_srvcli/include/cpp_srvcli/srv
-- Up-to-date: /home/juniorsundar/ROS_Workspaces/ros2_tutorials/install/cpp_srvcli/include/cpp_srvcli/srv/detail
-- Up-to-date: /home/juniorsundar/ROS_Workspaces/ros2_tutorials/install/cpp_srvcli/include/cpp_srvcli/srv/detail/add_two_ints__rosidl_typesupport_fastrtps_c.h
-- Up-to-date: /home/juniorsundar/ROS_Workspaces/ros2_tutorials/install/cpp_srvcli/lib/libcpp_srvcli__rosidl_typesupport_fastrtps_c.so
-- Up-to-date: /home/juniorsundar/ROS_Workspaces/ros2_tutorials/install/cpp_srvcli/include/cpp_srvcli
-- Up-to-date: /home/juniorsundar/ROS_Workspaces/ros2_tutorials/install/cpp_srvcli/include/cpp_srvcli/msg
-- Up-to-date: /home/juniorsundar/ROS_Workspaces/ros2_tutorials/install/cpp_srvcli/include/cpp_srvcli/msg/rosidl_typesupport_fastrtps_cpp__visibility_control.h
-- Up-to-date: /home/juniorsundar/ROS_Workspaces/ros2_tutorials/install/cpp_srvcli/include/cpp_srvcli/srv
-- Up-to-date: /home/juniorsundar/ROS_Workspaces/ros2_tutorials/install/cpp_srvcli/include/cpp_srvcli/srv/detail
-- Up-to-date: /home/juniorsundar/ROS_Workspaces/ros2_tutorials/install/cpp_srvcli/include/cpp_srvcli/srv/detail/add_two_ints__rosidl_typesupport_fastrtps_cpp.hpp
-- Up-to-date: /home/juniorsundar/ROS_Workspaces/ros2_tutorials/install/cpp_srvcli/include/cpp_srvcli/srv/detail/dds_fastrtps
-- Up-to-date: /home/juniorsundar/ROS_Workspaces/ros2_tutorials/install/cpp_srvcli/lib/libcpp_srvcli__rosidl_typesupport_fastrtps_cpp.so
-- Up-to-date: /home/juniorsundar/ROS_Workspaces/ros2_tutorials/install/cpp_srvcli/include/cpp_srvcli
-- Up-to-date: /home/juniorsundar/ROS_Workspaces/ros2_tutorials/install/cpp_srvcli/include/cpp_srvcli/msg
-- Up-to-date: /home/juniorsundar/ROS_Workspaces/ros2_tutorials/install/cpp_srvcli/include/cpp_srvcli/msg/rosidl_typesupport_introspection_c__visibility_control.h
-- Up-to-date: /home/juniorsundar/ROS_Workspaces/ros2_tutorials/install/cpp_srvcli/include/cpp_srvcli/srv
-- Up-to-date: /home/juniorsundar/ROS_Workspaces/ros2_tutorials/install/cpp_srvcli/include/cpp_srvcli/srv/detail
-- Up-to-date: /home/juniorsundar/ROS_Workspaces/ros2_tutorials/install/cpp_srvcli/include/cpp_srvcli/srv/detail/add_two_ints__type_support.c
-- Up-to-date: /home/juniorsundar/ROS_Workspaces/ros2_tutorials/install/cpp_srvcli/include/cpp_srvcli/srv/detail/add_two_ints__rosidl_typesupport_introspection_c.h
-- Up-to-date: /home/juniorsundar/ROS_Workspaces/ros2_tutorials/install/cpp_srvcli/lib/libcpp_srvcli__rosidl_typesupport_introspection_c.so
-- Up-to-date: /home/juniorsundar/ROS_Workspaces/ros2_tutorials/install/cpp_srvcli/lib/libcpp_srvcli__rosidl_typesupport_c.so
-- Up-to-date: /home/juniorsundar/ROS_Workspaces/ros2_tutorials/install/cpp_srvcli/include/cpp_srvcli
-- Up-to-date: /home/juniorsundar/ROS_Workspaces/ros2_tutorials/install/cpp_srvcli/include/cpp_srvcli/srv
-- Up-to-date: /home/juniorsundar/ROS_Workspaces/ros2_tutorials/install/cpp_srvcli/include/cpp_srvcli/srv/detail
-- Up-to-date: /home/juniorsundar/ROS_Workspaces/ros2_tutorials/install/cpp_srvcli/include/cpp_srvcli/srv/detail/add_two_ints__struct.hpp
-- Up-to-date: /home/juniorsundar/ROS_Workspaces/ros2_tutorials/install/cpp_srvcli/include/cpp_srvcli/srv/detail/add_two_ints__traits.hpp
-- Up-to-date: /home/juniorsundar/ROS_Workspaces/ros2_tutorials/install/cpp_srvcli/include/cpp_srvcli/srv/detail/add_two_ints__builder.hpp
-- Up-to-date: /home/juniorsundar/ROS_Workspaces/ros2_tutorials/install/cpp_srvcli/include/cpp_srvcli/srv/add_two_ints.hpp
-- Up-to-date: /home/juniorsundar/ROS_Workspaces/ros2_tutorials/install/cpp_srvcli/include/cpp_srvcli
-- Up-to-date: /home/juniorsundar/ROS_Workspaces/ros2_tutorials/install/cpp_srvcli/include/cpp_srvcli/srv
-- Up-to-date: /home/juniorsundar/ROS_Workspaces/ros2_tutorials/install/cpp_srvcli/include/cpp_srvcli/srv/detail
-- Up-to-date: /home/juniorsundar/ROS_Workspaces/ros2_tutorials/install/cpp_srvcli/include/cpp_srvcli/srv/detail/add_two_ints__rosidl_typesupport_introspection_cpp.hpp
-- Up-to-date: /home/juniorsundar/ROS_Workspaces/ros2_tutorials/install/cpp_srvcli/include/cpp_srvcli/srv/detail/add_two_ints__type_support.cpp
-- Up-to-date: /home/juniorsundar/ROS_Workspaces/ros2_tutorials/install/cpp_srvcli/lib/libcpp_srvcli__rosidl_typesupport_introspection_cpp.so
-- Up-to-date: /home/juniorsundar/ROS_Workspaces/ros2_tutorials/install/cpp_srvcli/lib/libcpp_srvcli__rosidl_typesupport_cpp.so
-- Up-to-date: /home/juniorsundar/ROS_Workspaces/ros2_tutorials/install/cpp_srvcli/share/cpp_srvcli/environment/pythonpath.sh
-- Up-to-date: /home/juniorsundar/ROS_Workspaces/ros2_tutorials/install/cpp_srvcli/share/cpp_srvcli/environment/pythonpath.dsv
-- Up-to-date: /home/juniorsundar/ROS_Workspaces/ros2_tutorials/install/cpp_srvcli/lib/python3.8/site-packages/cpp_srvcli/__init__.py
-- Up-to-date: /home/juniorsundar/ROS_Workspaces/ros2_tutorials/install/cpp_srvcli/lib/python3.8/site-packages/cpp_srvcli/srv
-- Up-to-date: /home/juniorsundar/ROS_Workspaces/ros2_tutorials/install/cpp_srvcli/lib/python3.8/site-packages/cpp_srvcli/srv/_add_two_ints.py
-- Up-to-date: /home/juniorsundar/ROS_Workspaces/ros2_tutorials/install/cpp_srvcli/lib/python3.8/site-packages/cpp_srvcli/srv/_add_two_ints_s.c
-- Up-to-date: /home/juniorsundar/ROS_Workspaces/ros2_tutorials/install/cpp_srvcli/lib/python3.8/site-packages/cpp_srvcli/srv/__init__.py
-- Up-to-date: /home/juniorsundar/ROS_Workspaces/ros2_tutorials/install/cpp_srvcli/lib/python3.8/site-packages/cpp_srvcli/cpp_srvcli_s__rosidl_typesupport_fastrtps_c.cpython-38-x86_64-linux-gnu.so
-- Up-to-date: /home/juniorsundar/ROS_Workspaces/ros2_tutorials/install/cpp_srvcli/lib/python3.8/site-packages/cpp_srvcli/cpp_srvcli_s__rosidl_typesupport_introspection_c.cpython-38-x86_64-linux-gnu.so
-- Up-to-date: /home/juniorsundar/ROS_Workspaces/ros2_tutorials/install/cpp_srvcli/lib/python3.8/site-packages/cpp_srvcli/cpp_srvcli_s__rosidl_typesupport_c.cpython-38-x86_64-linux-gnu.so
-- Up-to-date: /home/juniorsundar/ROS_Workspaces/ros2_tutorials/install/cpp_srvcli/lib/libcpp_srvcli__python.so
-- Up-to-date: /home/juniorsundar/ROS_Workspaces/ros2_tutorials/install/cpp_srvcli/share/cpp_srvcli/srv/AddTwoInts.idl
-- Up-to-date: /home/juniorsundar/ROS_Workspaces/ros2_tutorials/install/cpp_srvcli/share/cpp_srvcli/srv/AddTwoInts.srv
-- Up-to-date: /home/juniorsundar/ROS_Workspaces/ros2_tutorials/install/cpp_srvcli/share/cpp_srvcli/srv/AddTwoInts_Request.msg
-- Up-to-date: /home/juniorsundar/ROS_Workspaces/ros2_tutorials/install/cpp_srvcli/share/cpp_srvcli/srv/AddTwoInts_Response.msg
-- Up-to-date: /home/juniorsundar/ROS_Workspaces/ros2_tutorials/install/cpp_srvcli/lib/cpp_srvcli/server
-- Up-to-date: /home/juniorsundar/ROS_Workspaces/ros2_tutorials/install/cpp_srvcli/share/ament_index/resource_index/package_run_dependencies/cpp_srvcli
-- Up-to-date: /home/juniorsundar/ROS_Workspaces/ros2_tutorials/install/cpp_srvcli/share/ament_index/resource_index/parent_prefix_path/cpp_srvcli
-- Up-to-date: /home/juniorsundar/ROS_Workspaces/ros2_tutorials/install/cpp_srvcli/share/cpp_srvcli/environment/ament_prefix_path.sh
-- Up-to-date: /home/juniorsundar/ROS_Workspaces/ros2_tutorials/install/cpp_srvcli/share/cpp_srvcli/environment/ament_prefix_path.dsv
-- Up-to-date: /home/juniorsundar/ROS_Workspaces/ros2_tutorials/install/cpp_srvcli/share/cpp_srvcli/environment/path.sh
-- Up-to-date: /home/juniorsundar/ROS_Workspaces/ros2_tutorials/install/cpp_srvcli/share/cpp_srvcli/environment/path.dsv
-- Up-to-date: /home/juniorsundar/ROS_Workspaces/ros2_tutorials/install/cpp_srvcli/share/cpp_srvcli/local_setup.bash
-- Up-to-date: /home/juniorsundar/ROS_Workspaces/ros2_tutorials/install/cpp_srvcli/share/cpp_srvcli/local_setup.sh
-- Up-to-date: /home/juniorsundar/ROS_Workspaces/ros2_tutorials/install/cpp_srvcli/share/cpp_srvcli/local_setup.zsh
-- Up-to-date: /home/juniorsundar/ROS_Workspaces/ros2_tutorials/install/cpp_srvcli/share/cpp_srvcli/local_setup.dsv
-- Installing: /home/juniorsundar/ROS_Workspaces/ros2_tutorials/install/cpp_srvcli/share/cpp_srvcli/package.dsv
-- Up-to-date: /home/juniorsundar/ROS_Workspaces/ros2_tutorials/install/cpp_srvcli/share/ament_index/resource_index/packages/cpp_srvcli
-- Up-to-date: /home/juniorsundar/ROS_Workspaces/ros2_tutorials/install/cpp_srvcli/share/cpp_srvcli/cmake/cpp_srvcli__rosidl_generator_cExport.cmake
-- Up-to-date: /home/juniorsundar/ROS_Workspaces/ros2_tutorials/install/cpp_srvcli/share/cpp_srvcli/cmake/cpp_srvcli__rosidl_generator_cExport-noconfig.cmake
-- Up-to-date: /home/juniorsundar/ROS_Workspaces/ros2_tutorials/install/cpp_srvcli/share/cpp_srvcli/cmake/cpp_srvcli__rosidl_typesupport_introspection_cExport.cmake
-- Up-to-date: /home/juniorsundar/ROS_Workspaces/ros2_tutorials/install/cpp_srvcli/share/cpp_srvcli/cmake/cpp_srvcli__rosidl_typesupport_introspection_cExport-noconfig.cmake
-- Up-to-date: /home/juniorsundar/ROS_Workspaces/ros2_tutorials/install/cpp_srvcli/share/cpp_srvcli/cmake/cpp_srvcli__rosidl_typesupport_cExport.cmake
-- Up-to-date: /home/juniorsundar/ROS_Workspaces/ros2_tutorials/install/cpp_srvcli/share/cpp_srvcli/cmake/cpp_srvcli__rosidl_typesupport_cExport-noconfig.cmake
-- Up-to-date: /home/juniorsundar/ROS_Workspaces/ros2_tutorials/install/cpp_srvcli/share/cpp_srvcli/cmake/cpp_srvcli__rosidl_generator_cppExport.cmake
-- Up-to-date: /home/juniorsundar/ROS_Workspaces/ros2_tutorials/install/cpp_srvcli/share/cpp_srvcli/cmake/cpp_srvcli__rosidl_typesupport_introspection_cppExport.cmake
-- Up-to-date: /home/juniorsundar/ROS_Workspaces/ros2_tutorials/install/cpp_srvcli/share/cpp_srvcli/cmake/cpp_srvcli__rosidl_typesupport_introspection_cppExport-noconfig.cmake
-- Up-to-date: /home/juniorsundar/ROS_Workspaces/ros2_tutorials/install/cpp_srvcli/share/cpp_srvcli/cmake/cpp_srvcli__rosidl_typesupport_cppExport.cmake
-- Up-to-date: /home/juniorsundar/ROS_Workspaces/ros2_tutorials/install/cpp_srvcli/share/cpp_srvcli/cmake/cpp_srvcli__rosidl_typesupport_cppExport-noconfig.cmake
-- Up-to-date: /home/juniorsundar/ROS_Workspaces/ros2_tutorials/install/cpp_srvcli/share/cpp_srvcli/cmake/rosidl_cmake-extras.cmake
-- Up-to-date: /home/juniorsundar/ROS_Workspaces/ros2_tutorials/install/cpp_srvcli/share/cpp_srvcli/cmake/ament_cmake_export_dependencies-extras.cmake
-- Up-to-date: /home/juniorsundar/ROS_Workspaces/ros2_tutorials/install/cpp_srvcli/share/cpp_srvcli/cmake/ament_cmake_export_libraries-extras.cmake
-- Up-to-date: /home/juniorsundar/ROS_Workspaces/ros2_tutorials/install/cpp_srvcli/share/cpp_srvcli/cmake/ament_cmake_export_targets-extras.cmake
-- Up-to-date: /home/juniorsundar/ROS_Workspaces/ros2_tutorials/install/cpp_srvcli/share/cpp_srvcli/cmake/ament_cmake_export_include_directories-extras.cmake
-- Up-to-date: /home/juniorsundar/ROS_Workspaces/ros2_tutorials/install/cpp_srvcli/share/cpp_srvcli/cmake/rosidl_cmake_export_typesupport_libraries-extras.cmake
-- Up-to-date: /home/juniorsundar/ROS_Workspaces/ros2_tutorials/install/cpp_srvcli/share/cpp_srvcli/cmake/rosidl_cmake_export_typesupport_targets-extras.cmake
-- Up-to-date: /home/juniorsundar/ROS_Workspaces/ros2_tutorials/install/cpp_srvcli/share/cpp_srvcli/cmake/cpp_srvcliConfig.cmake
-- Up-to-date: /home/juniorsundar/ROS_Workspaces/ros2_tutorials/install/cpp_srvcli/share/cpp_srvcli/cmake/cpp_srvcliConfig-version.cmake
-- Up-to-date: /home/juniorsundar/ROS_Workspaces/ros2_tutorials/install/cpp_srvcli/share/cpp_srvcli/package.xml
