[0.071s] Invoking command in '/home/juniorsundar/ROS_Workspaces/ros2_tutorials/build/cpp_srvcli': CMAKE_PREFIX_PATH=${CMAKE_PREFIX_PATH}:/home/juniorsundar/ROS_Workspaces/ros2_tutorials/install/py_pubsub:/home/juniorsundar/ROS_Workspaces/ros2_tutorials/install/learning_tf2_py:/home/juniorsundar/ROS_Workspaces/ros2_tutorials/install/launch_tutorial:/home/juniorsundar/ROS_Workspaces/ros2_tutorials/install/action_py_tutorials:/opt/ros/foxy /home/juniorsundar/.local/bin/cmake --build /home/juniorsundar/ROS_Workspaces/ros2_tutorials/build/cpp_srvcli -- -j16 -l16
[0.817s] [  3%] Built target cpp_srvcli__cpp
[0.818s] [ 12%] Built target cpp_srvcli__rosidl_generator_c
[0.818s] [ 39%] Built target cpp_srvcli__rosidl_typesupport_introspection_cpp
[0.818s] [ 39%] Built target cpp_srvcli__rosidl_typesupport_cpp
[0.818s] [ 48%] Built target cpp_srvcli__rosidl_typesupport_fastrtps_cpp
[0.819s] [ 48%] Built target cpp_srvcli__rosidl_typesupport_c
[0.819s] [ 57%] Built target cpp_srvcli__rosidl_typesupport_introspection_c
[0.819s] [ 66%] Built target cpp_srvcli__rosidl_typesupport_fastrtps_c
[0.821s] [ 66%] Built target cpp_srvcli
[0.821s] [ 69%] Built target cpp_srvcli__py
[0.822s] [ 75%] Built target server
[0.823s] [ 81%] Built target cpp_srvcli__python
[0.823s] [ 87%] Built target cpp_srvcli__rosidl_typesupport_fastrtps_c__pyext
[0.824s] [ 93%] Built target cpp_srvcli__rosidl_typesupport_introspection_c__pyext
[0.825s] [100%] Built target cpp_srvcli__rosidl_typesupport_c__pyext
[0.828s] Invoked command in '/home/juniorsundar/ROS_Workspaces/ros2_tutorials/build/cpp_srvcli' returned '0': CMAKE_PREFIX_PATH=${CMAKE_PREFIX_PATH}:/home/juniorsundar/ROS_Workspaces/ros2_tutorials/install/py_pubsub:/home/juniorsundar/ROS_Workspaces/ros2_tutorials/install/learning_tf2_py:/home/juniorsundar/ROS_Workspaces/ros2_tutorials/install/launch_tutorial:/home/juniorsundar/ROS_Workspaces/ros2_tutorials/install/action_py_tutorials:/opt/ros/foxy /home/juniorsundar/.local/bin/cmake --build /home/juniorsundar/ROS_Workspaces/ros2_tutorials/build/cpp_srvcli -- -j16 -l16
[0.922s] Invoking command in '/home/juniorsundar/ROS_Workspaces/ros2_tutorials/build/cpp_srvcli': CMAKE_PREFIX_PATH=${CMAKE_PREFIX_PATH}:/home/juniorsundar/ROS_Workspaces/ros2_tutorials/install/py_pubsub:/home/juniorsundar/ROS_Workspaces/ros2_tutorials/install/learning_tf2_py:/home/juniorsundar/ROS_Workspaces/ros2_tutorials/install/launch_tutorial:/home/juniorsundar/ROS_Workspaces/ros2_tutorials/install/action_py_tutorials:/opt/ros/foxy /home/juniorsundar/.local/bin/cmake --install /home/juniorsundar/ROS_Workspaces/ros2_tutorials/build/cpp_srvcli
[0.923s] -- Install configuration: ""
[0.923s] -- Up-to-date: /home/juniorsundar/ROS_Workspaces/ros2_tutorials/install/cpp_srvcli/share/ament_index/resource_index/rosidl_interfaces/cpp_srvcli
[0.923s] -- Up-to-date: /home/juniorsundar/ROS_Workspaces/ros2_tutorials/install/cpp_srvcli/include/cpp_srvcli
[0.923s] -- Up-to-date: /home/juniorsundar/ROS_Workspaces/ros2_tutorials/install/cpp_srvcli/include/cpp_srvcli/msg
[0.924s] -- Up-to-date: /home/juniorsundar/ROS_Workspaces/ros2_tutorials/install/cpp_srvcli/include/cpp_srvcli/msg/rosidl_generator_c__visibility_control.h
[0.924s] -- Up-to-date: /home/juniorsundar/ROS_Workspaces/ros2_tutorials/install/cpp_srvcli/include/cpp_srvcli/srv
[0.924s] -- Up-to-date: /home/juniorsundar/ROS_Workspaces/ros2_tutorials/install/cpp_srvcli/include/cpp_srvcli/srv/detail
[0.924s] -- Up-to-date: /home/juniorsundar/ROS_Workspaces/ros2_tutorials/install/cpp_srvcli/include/cpp_srvcli/srv/detail/add_two_ints__functions.h
[0.924s] -- Up-to-date: /home/juniorsundar/ROS_Workspaces/ros2_tutorials/install/cpp_srvcli/include/cpp_srvcli/srv/detail/add_two_ints__struct.h
[0.924s] -- Up-to-date: /home/juniorsundar/ROS_Workspaces/ros2_tutorials/install/cpp_srvcli/include/cpp_srvcli/srv/detail/add_two_ints__type_support.h
[0.924s] -- Up-to-date: /home/juniorsundar/ROS_Workspaces/ros2_tutorials/install/cpp_srvcli/include/cpp_srvcli/srv/detail/add_two_ints__functions.c
[0.927s] -- Up-to-date: /home/juniorsundar/ROS_Workspaces/ros2_tutorials/install/cpp_srvcli/include/cpp_srvcli/srv/add_two_ints.h
[0.927s] -- Up-to-date: /home/juniorsundar/ROS_Workspaces/ros2_tutorials/install/cpp_srvcli/share/cpp_srvcli/environment/library_path.sh
[0.927s] -- Up-to-date: /home/juniorsundar/ROS_Workspaces/ros2_tutorials/install/cpp_srvcli/share/cpp_srvcli/environment/library_path.dsv
[0.927s] -- Up-to-date: /home/juniorsundar/ROS_Workspaces/ros2_tutorials/install/cpp_srvcli/lib/libcpp_srvcli__rosidl_generator_c.so
[0.928s] -- Up-to-date: /home/juniorsundar/ROS_Workspaces/ros2_tutorials/install/cpp_srvcli/include/cpp_srvcli
[0.928s] -- Up-to-date: /home/juniorsundar/ROS_Workspaces/ros2_tutorials/install/cpp_srvcli/include/cpp_srvcli/msg
[0.928s] -- Up-to-date: /home/juniorsundar/ROS_Workspaces/ros2_tutorials/install/cpp_srvcli/include/cpp_srvcli/msg/rosidl_typesupport_fastrtps_c__visibility_control.h
[0.928s] -- Up-to-date: /home/juniorsundar/ROS_Workspaces/ros2_tutorials/install/cpp_srvcli/include/cpp_srvcli/srv
[0.928s] -- Up-to-date: /home/juniorsundar/ROS_Workspaces/ros2_tutorials/install/cpp_srvcli/include/cpp_srvcli/srv/detail
[0.928s] -- Up-to-date: /home/juniorsundar/ROS_Workspaces/ros2_tutorials/install/cpp_srvcli/include/cpp_srvcli/srv/detail/add_two_ints__rosidl_typesupport_fastrtps_c.h
[0.931s] -- Up-to-date: /home/juniorsundar/ROS_Workspaces/ros2_tutorials/install/cpp_srvcli/lib/libcpp_srvcli__rosidl_typesupport_fastrtps_c.so
[0.932s] -- Up-to-date: /home/juniorsundar/ROS_Workspaces/ros2_tutorials/install/cpp_srvcli/include/cpp_srvcli
[0.932s] -- Up-to-date: /home/juniorsundar/ROS_Workspaces/ros2_tutorials/install/cpp_srvcli/include/cpp_srvcli/msg
[0.932s] -- Up-to-date: /home/juniorsundar/ROS_Workspaces/ros2_tutorials/install/cpp_srvcli/include/cpp_srvcli/msg/rosidl_typesupport_fastrtps_cpp__visibility_control.h
[0.932s] -- Up-to-date: /home/juniorsundar/ROS_Workspaces/ros2_tutorials/install/cpp_srvcli/include/cpp_srvcli/srv
[0.933s] -- Up-to-date: /home/juniorsundar/ROS_Workspaces/ros2_tutorials/install/cpp_srvcli/include/cpp_srvcli/srv/detail
[0.933s] -- Up-to-date: /home/juniorsundar/ROS_Workspaces/ros2_tutorials/install/cpp_srvcli/include/cpp_srvcli/srv/detail/add_two_ints__rosidl_typesupport_fastrtps_cpp.hpp
[0.933s] -- Up-to-date: /home/juniorsundar/ROS_Workspaces/ros2_tutorials/install/cpp_srvcli/include/cpp_srvcli/srv/detail/dds_fastrtps
[0.933s] -- Up-to-date: /home/juniorsundar/ROS_Workspaces/ros2_tutorials/install/cpp_srvcli/lib/libcpp_srvcli__rosidl_typesupport_fastrtps_cpp.so
[0.934s] -- Up-to-date: /home/juniorsundar/ROS_Workspaces/ros2_tutorials/install/cpp_srvcli/include/cpp_srvcli
[0.934s] -- Up-to-date: /home/juniorsundar/ROS_Workspaces/ros2_tutorials/install/cpp_srvcli/include/cpp_srvcli/msg
[0.934s] -- Up-to-date: /home/juniorsundar/ROS_Workspaces/ros2_tutorials/install/cpp_srvcli/include/cpp_srvcli/msg/rosidl_typesupport_introspection_c__visibility_control.h
[0.934s] -- Up-to-date: /home/juniorsundar/ROS_Workspaces/ros2_tutorials/install/cpp_srvcli/include/cpp_srvcli/srv
[0.934s] -- Up-to-date: /home/juniorsundar/ROS_Workspaces/ros2_tutorials/install/cpp_srvcli/include/cpp_srvcli/srv/detail
[0.935s] -- Up-to-date: /home/juniorsundar/ROS_Workspaces/ros2_tutorials/install/cpp_srvcli/include/cpp_srvcli/srv/detail/add_two_ints__type_support.c
[0.935s] -- Up-to-date: /home/juniorsundar/ROS_Workspaces/ros2_tutorials/install/cpp_srvcli/include/cpp_srvcli/srv/detail/add_two_ints__rosidl_typesupport_introspection_c.h
[0.939s] -- Up-to-date: /home/juniorsundar/ROS_Workspaces/ros2_tutorials/install/cpp_srvcli/lib/libcpp_srvcli__rosidl_typesupport_introspection_c.so
[0.939s] -- Up-to-date: /home/juniorsundar/ROS_Workspaces/ros2_tutorials/install/cpp_srvcli/lib/libcpp_srvcli__rosidl_typesupport_c.so
[0.939s] -- Up-to-date: /home/juniorsundar/ROS_Workspaces/ros2_tutorials/install/cpp_srvcli/include/cpp_srvcli
[0.939s] -- Up-to-date: /home/juniorsundar/ROS_Workspaces/ros2_tutorials/install/cpp_srvcli/include/cpp_srvcli/srv
[0.939s] -- Up-to-date: /home/juniorsundar/ROS_Workspaces/ros2_tutorials/install/cpp_srvcli/include/cpp_srvcli/srv/detail
[0.939s] -- Up-to-date: /home/juniorsundar/ROS_Workspaces/ros2_tutorials/install/cpp_srvcli/include/cpp_srvcli/srv/detail/add_two_ints__struct.hpp
[0.940s] -- Up-to-date: /home/juniorsundar/ROS_Workspaces/ros2_tutorials/install/cpp_srvcli/include/cpp_srvcli/srv/detail/add_two_ints__traits.hpp
[0.940s] -- Up-to-date: /home/juniorsundar/ROS_Workspaces/ros2_tutorials/install/cpp_srvcli/include/cpp_srvcli/srv/detail/add_two_ints__builder.hpp
[0.943s] -- Up-to-date: /home/juniorsundar/ROS_Workspaces/ros2_tutorials/install/cpp_srvcli/include/cpp_srvcli/srv/add_two_ints.hpp
[0.943s] -- Up-to-date: /home/juniorsundar/ROS_Workspaces/ros2_tutorials/install/cpp_srvcli/include/cpp_srvcli
[0.943s] -- Up-to-date: /home/juniorsundar/ROS_Workspaces/ros2_tutorials/install/cpp_srvcli/include/cpp_srvcli/srv
[0.943s] -- Up-to-date: /home/juniorsundar/ROS_Workspaces/ros2_tutorials/install/cpp_srvcli/include/cpp_srvcli/srv/detail
[0.943s] -- Up-to-date: /home/juniorsundar/ROS_Workspaces/ros2_tutorials/install/cpp_srvcli/include/cpp_srvcli/srv/detail/add_two_ints__rosidl_typesupport_introspection_cpp.hpp
[0.943s] -- Up-to-date: /home/juniorsundar/ROS_Workspaces/ros2_tutorials/install/cpp_srvcli/include/cpp_srvcli/srv/detail/add_two_ints__type_support.cpp
[0.944s] -- Up-to-date: /home/juniorsundar/ROS_Workspaces/ros2_tutorials/install/cpp_srvcli/lib/libcpp_srvcli__rosidl_typesupport_introspection_cpp.so
[0.944s] -- Up-to-date: /home/juniorsundar/ROS_Workspaces/ros2_tutorials/install/cpp_srvcli/lib/libcpp_srvcli__rosidl_typesupport_cpp.so
[0.944s] -- Up-to-date: /home/juniorsundar/ROS_Workspaces/ros2_tutorials/install/cpp_srvcli/share/cpp_srvcli/environment/pythonpath.sh
[0.947s] -- Up-to-date: /home/juniorsundar/ROS_Workspaces/ros2_tutorials/install/cpp_srvcli/share/cpp_srvcli/environment/pythonpath.dsv
[0.947s] -- Up-to-date: /home/juniorsundar/ROS_Workspaces/ros2_tutorials/install/cpp_srvcli/lib/python3.8/site-packages/cpp_srvcli/__init__.py
[0.968s] -- Up-to-date: /home/juniorsundar/ROS_Workspaces/ros2_tutorials/install/cpp_srvcli/lib/python3.8/site-packages/cpp_srvcli/srv
[0.968s] -- Up-to-date: /home/juniorsundar/ROS_Workspaces/ros2_tutorials/install/cpp_srvcli/lib/python3.8/site-packages/cpp_srvcli/srv/_add_two_ints.py
[0.968s] -- Up-to-date: /home/juniorsundar/ROS_Workspaces/ros2_tutorials/install/cpp_srvcli/lib/python3.8/site-packages/cpp_srvcli/srv/_add_two_ints_s.c
[0.968s] -- Up-to-date: /home/juniorsundar/ROS_Workspaces/ros2_tutorials/install/cpp_srvcli/lib/python3.8/site-packages/cpp_srvcli/srv/__init__.py
[0.968s] -- Up-to-date: /home/juniorsundar/ROS_Workspaces/ros2_tutorials/install/cpp_srvcli/lib/python3.8/site-packages/cpp_srvcli/cpp_srvcli_s__rosidl_typesupport_fastrtps_c.cpython-38-x86_64-linux-gnu.so
[0.968s] -- Up-to-date: /home/juniorsundar/ROS_Workspaces/ros2_tutorials/install/cpp_srvcli/lib/python3.8/site-packages/cpp_srvcli/cpp_srvcli_s__rosidl_typesupport_introspection_c.cpython-38-x86_64-linux-gnu.so
[0.969s] -- Up-to-date: /home/juniorsundar/ROS_Workspaces/ros2_tutorials/install/cpp_srvcli/lib/python3.8/site-packages/cpp_srvcli/cpp_srvcli_s__rosidl_typesupport_c.cpython-38-x86_64-linux-gnu.so
[0.969s] -- Up-to-date: /home/juniorsundar/ROS_Workspaces/ros2_tutorials/install/cpp_srvcli/lib/libcpp_srvcli__python.so
[0.971s] -- Up-to-date: /home/juniorsundar/ROS_Workspaces/ros2_tutorials/install/cpp_srvcli/share/cpp_srvcli/srv/AddTwoInts.idl
[0.972s] -- Up-to-date: /home/juniorsundar/ROS_Workspaces/ros2_tutorials/install/cpp_srvcli/share/cpp_srvcli/srv/AddTwoInts.srv
[0.972s] -- Up-to-date: /home/juniorsundar/ROS_Workspaces/ros2_tutorials/install/cpp_srvcli/share/cpp_srvcli/srv/AddTwoInts_Request.msg
[0.972s] -- Up-to-date: /home/juniorsundar/ROS_Workspaces/ros2_tutorials/install/cpp_srvcli/share/cpp_srvcli/srv/AddTwoInts_Response.msg
[0.972s] -- Up-to-date: /home/juniorsundar/ROS_Workspaces/ros2_tutorials/install/cpp_srvcli/lib/cpp_srvcli/server
[0.972s] -- Up-to-date: /home/juniorsundar/ROS_Workspaces/ros2_tutorials/install/cpp_srvcli/share/ament_index/resource_index/package_run_dependencies/cpp_srvcli
[0.972s] -- Up-to-date: /home/juniorsundar/ROS_Workspaces/ros2_tutorials/install/cpp_srvcli/share/ament_index/resource_index/parent_prefix_path/cpp_srvcli
[0.973s] -- Up-to-date: /home/juniorsundar/ROS_Workspaces/ros2_tutorials/install/cpp_srvcli/share/cpp_srvcli/environment/ament_prefix_path.sh
[0.976s] -- Up-to-date: /home/juniorsundar/ROS_Workspaces/ros2_tutorials/install/cpp_srvcli/share/cpp_srvcli/environment/ament_prefix_path.dsv
[0.976s] -- Up-to-date: /home/juniorsundar/ROS_Workspaces/ros2_tutorials/install/cpp_srvcli/share/cpp_srvcli/environment/path.sh
[0.976s] -- Up-to-date: /home/juniorsundar/ROS_Workspaces/ros2_tutorials/install/cpp_srvcli/share/cpp_srvcli/environment/path.dsv
[0.976s] -- Up-to-date: /home/juniorsundar/ROS_Workspaces/ros2_tutorials/install/cpp_srvcli/share/cpp_srvcli/local_setup.bash
[0.976s] -- Up-to-date: /home/juniorsundar/ROS_Workspaces/ros2_tutorials/install/cpp_srvcli/share/cpp_srvcli/local_setup.sh
[0.976s] -- Up-to-date: /home/juniorsundar/ROS_Workspaces/ros2_tutorials/install/cpp_srvcli/share/cpp_srvcli/local_setup.zsh
[0.977s] -- Up-to-date: /home/juniorsundar/ROS_Workspaces/ros2_tutorials/install/cpp_srvcli/share/cpp_srvcli/local_setup.dsv
[0.977s] -- Installing: /home/juniorsundar/ROS_Workspaces/ros2_tutorials/install/cpp_srvcli/share/cpp_srvcli/package.dsv
[0.977s] -- Up-to-date: /home/juniorsundar/ROS_Workspaces/ros2_tutorials/install/cpp_srvcli/share/ament_index/resource_index/packages/cpp_srvcli
[0.980s] -- Up-to-date: /home/juniorsundar/ROS_Workspaces/ros2_tutorials/install/cpp_srvcli/share/cpp_srvcli/cmake/cpp_srvcli__rosidl_generator_cExport.cmake
[0.980s] -- Up-to-date: /home/juniorsundar/ROS_Workspaces/ros2_tutorials/install/cpp_srvcli/share/cpp_srvcli/cmake/cpp_srvcli__rosidl_generator_cExport-noconfig.cmake
[0.980s] -- Up-to-date: /home/juniorsundar/ROS_Workspaces/ros2_tutorials/install/cpp_srvcli/share/cpp_srvcli/cmake/cpp_srvcli__rosidl_typesupport_introspection_cExport.cmake
[0.980s] -- Up-to-date: /home/juniorsundar/ROS_Workspaces/ros2_tutorials/install/cpp_srvcli/share/cpp_srvcli/cmake/cpp_srvcli__rosidl_typesupport_introspection_cExport-noconfig.cmake
[0.981s] -- Up-to-date: /home/juniorsundar/ROS_Workspaces/ros2_tutorials/install/cpp_srvcli/share/cpp_srvcli/cmake/cpp_srvcli__rosidl_typesupport_cExport.cmake
[0.981s] -- Up-to-date: /home/juniorsundar/ROS_Workspaces/ros2_tutorials/install/cpp_srvcli/share/cpp_srvcli/cmake/cpp_srvcli__rosidl_typesupport_cExport-noconfig.cmake
[0.981s] -- Up-to-date: /home/juniorsundar/ROS_Workspaces/ros2_tutorials/install/cpp_srvcli/share/cpp_srvcli/cmake/cpp_srvcli__rosidl_generator_cppExport.cmake
[0.981s] -- Up-to-date: /home/juniorsundar/ROS_Workspaces/ros2_tutorials/install/cpp_srvcli/share/cpp_srvcli/cmake/cpp_srvcli__rosidl_typesupport_introspection_cppExport.cmake
[0.981s] -- Up-to-date: /home/juniorsundar/ROS_Workspaces/ros2_tutorials/install/cpp_srvcli/share/cpp_srvcli/cmake/cpp_srvcli__rosidl_typesupport_introspection_cppExport-noconfig.cmake
[0.982s] -- Up-to-date: /home/juniorsundar/ROS_Workspaces/ros2_tutorials/install/cpp_srvcli/share/cpp_srvcli/cmake/cpp_srvcli__rosidl_typesupport_cppExport.cmake
[0.982s] -- Up-to-date: /home/juniorsundar/ROS_Workspaces/ros2_tutorials/install/cpp_srvcli/share/cpp_srvcli/cmake/cpp_srvcli__rosidl_typesupport_cppExport-noconfig.cmake
[0.982s] -- Up-to-date: /home/juniorsundar/ROS_Workspaces/ros2_tutorials/install/cpp_srvcli/share/cpp_srvcli/cmake/rosidl_cmake-extras.cmake
[0.982s] -- Up-to-date: /home/juniorsundar/ROS_Workspaces/ros2_tutorials/install/cpp_srvcli/share/cpp_srvcli/cmake/ament_cmake_export_dependencies-extras.cmake
[0.982s] -- Up-to-date: /home/juniorsundar/ROS_Workspaces/ros2_tutorials/install/cpp_srvcli/share/cpp_srvcli/cmake/ament_cmake_export_libraries-extras.cmake
[0.982s] -- Up-to-date: /home/juniorsundar/ROS_Workspaces/ros2_tutorials/install/cpp_srvcli/share/cpp_srvcli/cmake/ament_cmake_export_targets-extras.cmake
[0.982s] -- Up-to-date: /home/juniorsundar/ROS_Workspaces/ros2_tutorials/install/cpp_srvcli/share/cpp_srvcli/cmake/ament_cmake_export_include_directories-extras.cmake
[0.982s] -- Up-to-date: /home/juniorsundar/ROS_Workspaces/ros2_tutorials/install/cpp_srvcli/share/cpp_srvcli/cmake/rosidl_cmake_export_typesupport_libraries-extras.cmake
[0.984s] -- Up-to-date: /home/juniorsundar/ROS_Workspaces/ros2_tutorials/install/cpp_srvcli/share/cpp_srvcli/cmake/rosidl_cmake_export_typesupport_targets-extras.cmake
[0.984s] -- Up-to-date: /home/juniorsundar/ROS_Workspaces/ros2_tutorials/install/cpp_srvcli/share/cpp_srvcli/cmake/cpp_srvcliConfig.cmake
[0.984s] -- Up-to-date: /home/juniorsundar/ROS_Workspaces/ros2_tutorials/install/cpp_srvcli/share/cpp_srvcli/cmake/cpp_srvcliConfig-version.cmake
[0.984s] -- Up-to-date: /home/juniorsundar/ROS_Workspaces/ros2_tutorials/install/cpp_srvcli/share/cpp_srvcli/package.xml
[0.992s] Invoked command in '/home/juniorsundar/ROS_Workspaces/ros2_tutorials/build/cpp_srvcli' returned '0': CMAKE_PREFIX_PATH=${CMAKE_PREFIX_PATH}:/home/juniorsundar/ROS_Workspaces/ros2_tutorials/install/py_pubsub:/home/juniorsundar/ROS_Workspaces/ros2_tutorials/install/learning_tf2_py:/home/juniorsundar/ROS_Workspaces/ros2_tutorials/install/launch_tutorial:/home/juniorsundar/ROS_Workspaces/ros2_tutorials/install/action_py_tutorials:/opt/ros/foxy /home/juniorsundar/.local/bin/cmake --install /home/juniorsundar/ROS_Workspaces/ros2_tutorials/build/cpp_srvcli
