[35m[1mConsolidate compiler generated dependencies of target cpp_node[0m
[100%] Built target cpp_node
-- Install configuration: ""
-- Up-to-date: /home/juniorsundar/ROS_Workspaces/ros2_tutorials/install/cpp_py_pkg/lib/cpp_py_pkg/cpp_node
-- Up-to-date: /home/juniorsundar/ROS_Workspaces/ros2_tutorials/install/cpp_py_pkg/share/cpp_py_pkg/environment/pythonpath.sh
-- Up-to-date: /home/juniorsundar/ROS_Workspaces/ros2_tutorials/install/cpp_py_pkg/share/cpp_py_pkg/environment/pythonpath.dsv
-- Up-to-date: /home/juniorsundar/ROS_Workspaces/ros2_tutorials/install/cpp_py_pkg/lib/python3.8/site-packages/cpp_py_pkg
-- Up-to-date: /home/juniorsundar/ROS_Workspaces/ros2_tutorials/install/cpp_py_pkg/lib/python3.8/site-packages/cpp_py_pkg/modules_to_import.py
-- Up-to-date: /home/juniorsundar/ROS_Workspaces/ros2_tutorials/install/cpp_py_pkg/lib/python3.8/site-packages/cpp_py_pkg/__init__.py
Listing '/home/juniorsundar/ROS_Workspaces/ros2_tutorials/install/cpp_py_pkg/lib/python3.8/site-packages/cpp_py_pkg'...
-- Up-to-date: /home/juniorsundar/ROS_Workspaces/ros2_tutorials/install/cpp_py_pkg/lib/cpp_py_pkg/py_node.py
-- Up-to-date: /home/juniorsundar/ROS_Workspaces/ros2_tutorials/install/cpp_py_pkg/share/ament_index/resource_index/package_run_dependencies/cpp_py_pkg
-- Up-to-date: /home/juniorsundar/ROS_Workspaces/ros2_tutorials/install/cpp_py_pkg/share/ament_index/resource_index/parent_prefix_path/cpp_py_pkg
-- Up-to-date: /home/juniorsundar/ROS_Workspaces/ros2_tutorials/install/cpp_py_pkg/share/cpp_py_pkg/environment/ament_prefix_path.sh
-- Up-to-date: /home/juniorsundar/ROS_Workspaces/ros2_tutorials/install/cpp_py_pkg/share/cpp_py_pkg/environment/ament_prefix_path.dsv
-- Up-to-date: /home/juniorsundar/ROS_Workspaces/ros2_tutorials/install/cpp_py_pkg/share/cpp_py_pkg/environment/path.sh
-- Up-to-date: /home/juniorsundar/ROS_Workspaces/ros2_tutorials/install/cpp_py_pkg/share/cpp_py_pkg/environment/path.dsv
-- Up-to-date: /home/juniorsundar/ROS_Workspaces/ros2_tutorials/install/cpp_py_pkg/share/cpp_py_pkg/local_setup.bash
-- Up-to-date: /home/juniorsundar/ROS_Workspaces/ros2_tutorials/install/cpp_py_pkg/share/cpp_py_pkg/local_setup.sh
-- Up-to-date: /home/juniorsundar/ROS_Workspaces/ros2_tutorials/install/cpp_py_pkg/share/cpp_py_pkg/local_setup.zsh
-- Up-to-date: /home/juniorsundar/ROS_Workspaces/ros2_tutorials/install/cpp_py_pkg/share/cpp_py_pkg/local_setup.dsv
-- Installing: /home/juniorsundar/ROS_Workspaces/ros2_tutorials/install/cpp_py_pkg/share/cpp_py_pkg/package.dsv
-- Up-to-date: /home/juniorsundar/ROS_Workspaces/ros2_tutorials/install/cpp_py_pkg/share/ament_index/resource_index/packages/cpp_py_pkg
-- Up-to-date: /home/juniorsundar/ROS_Workspaces/ros2_tutorials/install/cpp_py_pkg/share/cpp_py_pkg/cmake/cpp_py_pkgConfig.cmake
-- Up-to-date: /home/juniorsundar/ROS_Workspaces/ros2_tutorials/install/cpp_py_pkg/share/cpp_py_pkg/cmake/cpp_py_pkgConfig-version.cmake
-- Up-to-date: /home/juniorsundar/ROS_Workspaces/ros2_tutorials/install/cpp_py_pkg/share/cpp_py_pkg/package.xml
