[0.092s] Invoking command in '/home/juniorsundar/ROS_Workspaces/ros2_tutorials/build/cpp_py_pkg': CMAKE_PREFIX_PATH=${CMAKE_PREFIX_PATH}:/home/juniorsundar/ROS_Workspaces/ros2_tutorials/install/py_pubsub:/home/juniorsundar/ROS_Workspaces/ros2_tutorials/install/learning_tf2_py:/home/juniorsundar/ROS_Workspaces/ros2_tutorials/install/launch_tutorial:/home/juniorsundar/ROS_Workspaces/ros2_tutorials/install/action_py_tutorials:/opt/ros/foxy /home/juniorsundar/.local/bin/cmake --build /home/juniorsundar/ROS_Workspaces/ros2_tutorials/build/cpp_py_pkg -- -j16 -l16
[0.887s] [35m[1mConsolidate compiler generated dependencies of target cpp_node[0m
[0.887s] [100%] Built target cpp_node
[0.899s] Invoked command in '/home/juniorsundar/ROS_Workspaces/ros2_tutorials/build/cpp_py_pkg' returned '0': CMAKE_PREFIX_PATH=${CMAKE_PREFIX_PATH}:/home/juniorsundar/ROS_Workspaces/ros2_tutorials/install/py_pubsub:/home/juniorsundar/ROS_Workspaces/ros2_tutorials/install/learning_tf2_py:/home/juniorsundar/ROS_Workspaces/ros2_tutorials/install/launch_tutorial:/home/juniorsundar/ROS_Workspaces/ros2_tutorials/install/action_py_tutorials:/opt/ros/foxy /home/juniorsundar/.local/bin/cmake --build /home/juniorsundar/ROS_Workspaces/ros2_tutorials/build/cpp_py_pkg -- -j16 -l16
[0.904s] Invoking command in '/home/juniorsundar/ROS_Workspaces/ros2_tutorials/build/cpp_py_pkg': CMAKE_PREFIX_PATH=${CMAKE_PREFIX_PATH}:/home/juniorsundar/ROS_Workspaces/ros2_tutorials/install/py_pubsub:/home/juniorsundar/ROS_Workspaces/ros2_tutorials/install/learning_tf2_py:/home/juniorsundar/ROS_Workspaces/ros2_tutorials/install/launch_tutorial:/home/juniorsundar/ROS_Workspaces/ros2_tutorials/install/action_py_tutorials:/opt/ros/foxy /home/juniorsundar/.local/bin/cmake --install /home/juniorsundar/ROS_Workspaces/ros2_tutorials/build/cpp_py_pkg
[0.914s] -- Install configuration: ""
[0.917s] -- Up-to-date: /home/juniorsundar/ROS_Workspaces/ros2_tutorials/install/cpp_py_pkg/lib/cpp_py_pkg/cpp_node
[0.917s] -- Up-to-date: /home/juniorsundar/ROS_Workspaces/ros2_tutorials/install/cpp_py_pkg/share/cpp_py_pkg/environment/pythonpath.sh
[0.917s] -- Up-to-date: /home/juniorsundar/ROS_Workspaces/ros2_tutorials/install/cpp_py_pkg/share/cpp_py_pkg/environment/pythonpath.dsv
[0.917s] -- Up-to-date: /home/juniorsundar/ROS_Workspaces/ros2_tutorials/install/cpp_py_pkg/lib/python3.8/site-packages/cpp_py_pkg
[0.917s] -- Up-to-date: /home/juniorsundar/ROS_Workspaces/ros2_tutorials/install/cpp_py_pkg/lib/python3.8/site-packages/cpp_py_pkg/modules_to_import.py
[0.918s] -- Up-to-date: /home/juniorsundar/ROS_Workspaces/ros2_tutorials/install/cpp_py_pkg/lib/python3.8/site-packages/cpp_py_pkg/__init__.py
[0.946s] Listing '/home/juniorsundar/ROS_Workspaces/ros2_tutorials/install/cpp_py_pkg/lib/python3.8/site-packages/cpp_py_pkg'...
[0.946s] -- Up-to-date: /home/juniorsundar/ROS_Workspaces/ros2_tutorials/install/cpp_py_pkg/lib/cpp_py_pkg/py_node.py
[0.946s] -- Up-to-date: /home/juniorsundar/ROS_Workspaces/ros2_tutorials/install/cpp_py_pkg/share/ament_index/resource_index/package_run_dependencies/cpp_py_pkg
[0.946s] -- Up-to-date: /home/juniorsundar/ROS_Workspaces/ros2_tutorials/install/cpp_py_pkg/share/ament_index/resource_index/parent_prefix_path/cpp_py_pkg
[0.947s] -- Up-to-date: /home/juniorsundar/ROS_Workspaces/ros2_tutorials/install/cpp_py_pkg/share/cpp_py_pkg/environment/ament_prefix_path.sh
[0.947s] -- Up-to-date: /home/juniorsundar/ROS_Workspaces/ros2_tutorials/install/cpp_py_pkg/share/cpp_py_pkg/environment/ament_prefix_path.dsv
[0.947s] -- Up-to-date: /home/juniorsundar/ROS_Workspaces/ros2_tutorials/install/cpp_py_pkg/share/cpp_py_pkg/environment/path.sh
[0.947s] -- Up-to-date: /home/juniorsundar/ROS_Workspaces/ros2_tutorials/install/cpp_py_pkg/share/cpp_py_pkg/environment/path.dsv
[0.947s] -- Up-to-date: /home/juniorsundar/ROS_Workspaces/ros2_tutorials/install/cpp_py_pkg/share/cpp_py_pkg/local_setup.bash
[0.947s] -- Up-to-date: /home/juniorsundar/ROS_Workspaces/ros2_tutorials/install/cpp_py_pkg/share/cpp_py_pkg/local_setup.sh
[0.948s] -- Up-to-date: /home/juniorsundar/ROS_Workspaces/ros2_tutorials/install/cpp_py_pkg/share/cpp_py_pkg/local_setup.zsh
[0.948s] -- Up-to-date: /home/juniorsundar/ROS_Workspaces/ros2_tutorials/install/cpp_py_pkg/share/cpp_py_pkg/local_setup.dsv
[0.948s] -- Installing: /home/juniorsundar/ROS_Workspaces/ros2_tutorials/install/cpp_py_pkg/share/cpp_py_pkg/package.dsv
[0.948s] -- Up-to-date: /home/juniorsundar/ROS_Workspaces/ros2_tutorials/install/cpp_py_pkg/share/ament_index/resource_index/packages/cpp_py_pkg
[0.948s] -- Up-to-date: /home/juniorsundar/ROS_Workspaces/ros2_tutorials/install/cpp_py_pkg/share/cpp_py_pkg/cmake/cpp_py_pkgConfig.cmake
[0.949s] -- Up-to-date: /home/juniorsundar/ROS_Workspaces/ros2_tutorials/install/cpp_py_pkg/share/cpp_py_pkg/cmake/cpp_py_pkgConfig-version.cmake
[0.949s] -- Up-to-date: /home/juniorsundar/ROS_Workspaces/ros2_tutorials/install/cpp_py_pkg/share/cpp_py_pkg/package.xml
[0.996s] Invoked command in '/home/juniorsundar/ROS_Workspaces/ros2_tutorials/build/cpp_py_pkg' returned '0': CMAKE_PREFIX_PATH=${CMAKE_PREFIX_PATH}:/home/juniorsundar/ROS_Workspaces/ros2_tutorials/install/py_pubsub:/home/juniorsundar/ROS_Workspaces/ros2_tutorials/install/learning_tf2_py:/home/juniorsundar/ROS_Workspaces/ros2_tutorials/install/launch_tutorial:/home/juniorsundar/ROS_Workspaces/ros2_tutorials/install/action_py_tutorials:/opt/ros/foxy /home/juniorsundar/.local/bin/cmake --install /home/juniorsundar/ROS_Workspaces/ros2_tutorials/build/cpp_py_pkg
