-- The C compiler identification is GNU 9.4.0
-- The CXX compiler identification is GNU 9.4.0
-- Detecting C compiler ABI info
-- Detecting C compiler ABI info - done
-- Check for working C compiler: /usr/bin/cc - skipped
-- Detecting C compile features
-- Detecting C compile features - done
-- Detecting CXX compiler ABI info
-- Detecting CXX compiler ABI info - done
-- Check for working CXX compiler: /usr/bin/c++ - skipped
-- Detecting CXX compile features
-- Detecting CXX compile features - done
-- Found ament_cmake: 0.9.9 (/opt/ros/foxy/share/ament_cmake/cmake)
-- Found PythonInterp: /usr/bin/python3 (found suitable version "3.8.10", minimum required is "3") 
-- Using PYTHON_EXECUTABLE: /usr/bin/python3
-- Found rosidl_default_generators: 1.0.1 (/opt/ros/foxy/share/rosidl_default_generators/cmake)
-- Using all available rosidl_typesupport_c: rosidl_typesupport_fastrtps_c;rosidl_typesupport_introspection_c
-- Found rosidl_adapter: 1.2.1 (/opt/ros/foxy/share/rosidl_adapter/cmake)
-- Found OpenSSL: /usr/lib/x86_64-linux-gnu/libcrypto.so (found version "1.1.1f")  
-- Found FastRTPS: /opt/ros/foxy/include  
-- Using all available rosidl_typesupport_cpp: rosidl_typesupport_fastrtps_cpp;rosidl_typesupport_introspection_cpp
-- Found PythonInterp: /usr/bin/python3 (found version "3.8.10") 
-- Found ament_cmake_ros: 0.9.2 (/opt/ros/foxy/share/ament_cmake_ros/cmake)
-- Using all available rosidl_typesupport_c: rosidl_typesupport_fastrtps_c;rosidl_typesupport_introspection_c
-- Using all available rosidl_typesupport_cpp: rosidl_typesupport_fastrtps_cpp;rosidl_typesupport_introspection_cpp
-- Found PythonInterp: /usr/bin/python3 (found suitable version "3.8.10", minimum required is "3.5") 
-- Found python_cmake_module: 0.8.1 (/opt/ros/foxy/share/python_cmake_module/cmake)
-- Found PythonLibs: /usr/lib/x86_64-linux-gnu/libpython3.8.so (found suitable version "3.8.10", minimum required is "3.5") 
-- Using PYTHON_EXECUTABLE: /usr/bin/python3
-- Using PYTHON_INCLUDE_DIRS: /usr/include/python3.8
-- Using PYTHON_LIBRARIES: /usr/lib/x86_64-linux-gnu/libpython3.8.so
-- Found PythonExtra: .so  
-- Found ament_lint_auto: 0.9.6 (/opt/ros/foxy/share/ament_lint_auto/cmake)
-- Added test 'copyright' to check source files copyright and LICENSE
-- Added test 'lint_cmake' to check CMake code style
-- Added test 'xmllint' to check XML markup files
-- Configuring done
-- Generating done
-- Build files have been written to: /home/juniorsundar/ROS_Workspaces/ros2_tutorials/build/action_interfaces_tutorials
[  3%] [34m[1mGenerating C code for ROS interfaces[0m
[  6%] [34m[1mGenerating C++ code for ROS interfaces[0m
[  9%] [32mBuilding C object CMakeFiles/action_interfaces_tutorials__rosidl_generator_c.dir/rosidl_generator_c/action_interfaces_tutorials/action/detail/fibonacci__functions.c.o[0m
[ 12%] [32m[1mLinking C shared library libaction_interfaces_tutorials__rosidl_generator_c.so[0m
[ 12%] Built target action_interfaces_tutorials__rosidl_generator_c
[ 16%] [34m[1mGenerating C introspection for ROS interfaces[0m
[ 19%] [34m[1mGenerating C type support dispatch for ROS interfaces[0m
[ 19%] Built target action_interfaces_tutorials__cpp
[ 22%] [34m[1mGenerating C++ type support dispatch for ROS interfaces[0m
[ 25%] [34m[1mGenerating C++ introspection for ROS interfaces[0m
[ 29%] [34m[1mGenerating C++ type support for eProsima Fast-RTPS[0m
[ 32%] [32mBuilding CXX object CMakeFiles/action_interfaces_tutorials__rosidl_typesupport_c.dir/rosidl_typesupport_c/action_interfaces_tutorials/action/fibonacci__type_support.cpp.o[0m
[ 35%] [32mBuilding C object CMakeFiles/action_interfaces_tutorials__rosidl_typesupport_introspection_c.dir/rosidl_typesupport_introspection_c/action_interfaces_tutorials/action/detail/fibonacci__type_support.c.o[0m
[ 38%] [32mBuilding CXX object CMakeFiles/action_interfaces_tutorials__rosidl_typesupport_cpp.dir/rosidl_typesupport_cpp/action_interfaces_tutorials/action/fibonacci__type_support.cpp.o[0m
[ 41%] [32m[1mLinking CXX shared library libaction_interfaces_tutorials__rosidl_typesupport_c.so[0m
[ 45%] [32m[1mLinking C shared library libaction_interfaces_tutorials__rosidl_typesupport_introspection_c.so[0m
[ 48%] [32mBuilding CXX object CMakeFiles/action_interfaces_tutorials__rosidl_typesupport_introspection_cpp.dir/rosidl_typesupport_introspection_cpp/action_interfaces_tutorials/action/detail/fibonacci__type_support.cpp.o[0m
[ 48%] Built target action_interfaces_tutorials__rosidl_typesupport_introspection_c
[ 48%] Built target action_interfaces_tutorials__rosidl_typesupport_c
[ 51%] [32mBuilding CXX object CMakeFiles/action_interfaces_tutorials__rosidl_typesupport_fastrtps_cpp.dir/rosidl_typesupport_fastrtps_cpp/action_interfaces_tutorials/action/detail/dds_fastrtps/fibonacci__type_support.cpp.o[0m
[ 54%] [32m[1mLinking CXX shared library libaction_interfaces_tutorials__rosidl_typesupport_cpp.so[0m
[ 54%] Built target action_interfaces_tutorials__rosidl_typesupport_cpp
[ 58%] [32m[1mLinking CXX shared library libaction_interfaces_tutorials__rosidl_typesupport_introspection_cpp.so[0m
[ 61%] [32m[1mLinking CXX shared library libaction_interfaces_tutorials__rosidl_typesupport_fastrtps_cpp.so[0m
[ 61%] Built target action_interfaces_tutorials__rosidl_typesupport_introspection_cpp
[ 61%] Built target action_interfaces_tutorials__rosidl_typesupport_fastrtps_cpp
[ 64%] [34m[1mGenerating C type support for eProsima Fast-RTPS[0m
[ 67%] [32mBuilding CXX object CMakeFiles/action_interfaces_tutorials__rosidl_typesupport_fastrtps_c.dir/rosidl_typesupport_fastrtps_c/action_interfaces_tutorials/action/detail/fibonacci__type_support_c.cpp.o[0m
[ 70%] [32m[1mLinking CXX shared library libaction_interfaces_tutorials__rosidl_typesupport_fastrtps_c.so[0m
[ 70%] Built target action_interfaces_tutorials__rosidl_typesupport_fastrtps_c
[ 70%] Built target action_interfaces_tutorials
[ 74%] [34m[1mGenerating Python code for ROS interfaces[0m
[ 74%] Built target action_interfaces_tutorials__py
[ 77%] [32mBuilding C object CMakeFiles/action_interfaces_tutorials__python.dir/rosidl_generator_py/action_interfaces_tutorials/action/_fibonacci_s.c.o[0m
[ 80%] [32m[1mLinking C shared library rosidl_generator_py/action_interfaces_tutorials/libaction_interfaces_tutorials__python.so[0m
[ 80%] Built target action_interfaces_tutorials__python
[ 90%] [32mBuilding C object CMakeFiles/action_interfaces_tutorials__rosidl_typesupport_fastrtps_c__pyext.dir/rosidl_generator_py/action_interfaces_tutorials/_action_interfaces_tutorials_s.ep.rosidl_typesupport_fastrtps_c.c.o[0m
[ 90%] [32mBuilding C object CMakeFiles/action_interfaces_tutorials__rosidl_typesupport_introspection_c__pyext.dir/rosidl_generator_py/action_interfaces_tutorials/_action_interfaces_tutorials_s.ep.rosidl_typesupport_introspection_c.c.o[0m
[ 90%] [32mBuilding C object CMakeFiles/action_interfaces_tutorials__rosidl_typesupport_c__pyext.dir/rosidl_generator_py/action_interfaces_tutorials/_action_interfaces_tutorials_s.ep.rosidl_typesupport_c.c.o[0m
[ 96%] [32m[1mLinking C shared library rosidl_generator_py/action_interfaces_tutorials/action_interfaces_tutorials_s__rosidl_typesupport_introspection_c.cpython-38-x86_64-linux-gnu.so[0m
[ 96%] [32m[1mLinking C shared library rosidl_generator_py/action_interfaces_tutorials/action_interfaces_tutorials_s__rosidl_typesupport_c.cpython-38-x86_64-linux-gnu.so[0m
[100%] [32m[1mLinking CXX shared library rosidl_generator_py/action_interfaces_tutorials/action_interfaces_tutorials_s__rosidl_typesupport_fastrtps_c.cpython-38-x86_64-linux-gnu.so[0m
[100%] Built target action_interfaces_tutorials__rosidl_typesupport_introspection_c__pyext
[100%] Built target action_interfaces_tutorials__rosidl_typesupport_c__pyext
[100%] Built target action_interfaces_tutorials__rosidl_typesupport_fastrtps_c__pyext
-- Install configuration: ""
-- Installing: /home/juniorsundar/ROS_Workspaces/ros2_tutorials/install/action_interfaces_tutorials/share/ament_index/resource_index/rosidl_interfaces/action_interfaces_tutorials
-- Installing: /home/juniorsundar/ROS_Workspaces/ros2_tutorials/install/action_interfaces_tutorials/include/action_interfaces_tutorials
-- Installing: /home/juniorsundar/ROS_Workspaces/ros2_tutorials/install/action_interfaces_tutorials/include/action_interfaces_tutorials/action
-- Installing: /home/juniorsundar/ROS_Workspaces/ros2_tutorials/install/action_interfaces_tutorials/include/action_interfaces_tutorials/action/detail
-- Installing: /home/juniorsundar/ROS_Workspaces/ros2_tutorials/install/action_interfaces_tutorials/include/action_interfaces_tutorials/action/detail/fibonacci__functions.h
-- Installing: /home/juniorsundar/ROS_Workspaces/ros2_tutorials/install/action_interfaces_tutorials/include/action_interfaces_tutorials/action/detail/fibonacci__functions.c
-- Installing: /home/juniorsundar/ROS_Workspaces/ros2_tutorials/install/action_interfaces_tutorials/include/action_interfaces_tutorials/action/detail/fibonacci__struct.h
-- Installing: /home/juniorsundar/ROS_Workspaces/ros2_tutorials/install/action_interfaces_tutorials/include/action_interfaces_tutorials/action/detail/fibonacci__type_support.h
-- Installing: /home/juniorsundar/ROS_Workspaces/ros2_tutorials/install/action_interfaces_tutorials/include/action_interfaces_tutorials/action/fibonacci.h
-- Installing: /home/juniorsundar/ROS_Workspaces/ros2_tutorials/install/action_interfaces_tutorials/include/action_interfaces_tutorials/msg
-- Installing: /home/juniorsundar/ROS_Workspaces/ros2_tutorials/install/action_interfaces_tutorials/include/action_interfaces_tutorials/msg/rosidl_generator_c__visibility_control.h
-- Installing: /home/juniorsundar/ROS_Workspaces/ros2_tutorials/install/action_interfaces_tutorials/share/action_interfaces_tutorials/environment/library_path.sh
-- Installing: /home/juniorsundar/ROS_Workspaces/ros2_tutorials/install/action_interfaces_tutorials/share/action_interfaces_tutorials/environment/library_path.dsv
-- Installing: /home/juniorsundar/ROS_Workspaces/ros2_tutorials/install/action_interfaces_tutorials/lib/libaction_interfaces_tutorials__rosidl_generator_c.so
-- Set runtime path of "/home/juniorsundar/ROS_Workspaces/ros2_tutorials/install/action_interfaces_tutorials/lib/libaction_interfaces_tutorials__rosidl_generator_c.so" to ""
-- Up-to-date: /home/juniorsundar/ROS_Workspaces/ros2_tutorials/install/action_interfaces_tutorials/include/action_interfaces_tutorials
-- Up-to-date: /home/juniorsundar/ROS_Workspaces/ros2_tutorials/install/action_interfaces_tutorials/include/action_interfaces_tutorials/action
-- Up-to-date: /home/juniorsundar/ROS_Workspaces/ros2_tutorials/install/action_interfaces_tutorials/include/action_interfaces_tutorials/action/detail
-- Installing: /home/juniorsundar/ROS_Workspaces/ros2_tutorials/install/action_interfaces_tutorials/include/action_interfaces_tutorials/action/detail/fibonacci__rosidl_typesupport_fastrtps_c.h
-- Up-to-date: /home/juniorsundar/ROS_Workspaces/ros2_tutorials/install/action_interfaces_tutorials/include/action_interfaces_tutorials/msg
-- Installing: /home/juniorsundar/ROS_Workspaces/ros2_tutorials/install/action_interfaces_tutorials/include/action_interfaces_tutorials/msg/rosidl_typesupport_fastrtps_c__visibility_control.h
-- Installing: /home/juniorsundar/ROS_Workspaces/ros2_tutorials/install/action_interfaces_tutorials/lib/libaction_interfaces_tutorials__rosidl_typesupport_fastrtps_c.so
-- Set runtime path of "/home/juniorsundar/ROS_Workspaces/ros2_tutorials/install/action_interfaces_tutorials/lib/libaction_interfaces_tutorials__rosidl_typesupport_fastrtps_c.so" to ""
-- Up-to-date: /home/juniorsundar/ROS_Workspaces/ros2_tutorials/install/action_interfaces_tutorials/include/action_interfaces_tutorials
-- Up-to-date: /home/juniorsundar/ROS_Workspaces/ros2_tutorials/install/action_interfaces_tutorials/include/action_interfaces_tutorials/action
-- Up-to-date: /home/juniorsundar/ROS_Workspaces/ros2_tutorials/install/action_interfaces_tutorials/include/action_interfaces_tutorials/action/detail
-- Installing: /home/juniorsundar/ROS_Workspaces/ros2_tutorials/install/action_interfaces_tutorials/include/action_interfaces_tutorials/action/detail/fibonacci__rosidl_typesupport_fastrtps_cpp.hpp
-- Installing: /home/juniorsundar/ROS_Workspaces/ros2_tutorials/install/action_interfaces_tutorials/include/action_interfaces_tutorials/action/detail/dds_fastrtps
-- Up-to-date: /home/juniorsundar/ROS_Workspaces/ros2_tutorials/install/action_interfaces_tutorials/include/action_interfaces_tutorials/msg
-- Installing: /home/juniorsundar/ROS_Workspaces/ros2_tutorials/install/action_interfaces_tutorials/include/action_interfaces_tutorials/msg/rosidl_typesupport_fastrtps_cpp__visibility_control.h
-- Installing: /home/juniorsundar/ROS_Workspaces/ros2_tutorials/install/action_interfaces_tutorials/lib/libaction_interfaces_tutorials__rosidl_typesupport_fastrtps_cpp.so
-- Set runtime path of "/home/juniorsundar/ROS_Workspaces/ros2_tutorials/install/action_interfaces_tutorials/lib/libaction_interfaces_tutorials__rosidl_typesupport_fastrtps_cpp.so" to ""
-- Up-to-date: /home/juniorsundar/ROS_Workspaces/ros2_tutorials/install/action_interfaces_tutorials/include/action_interfaces_tutorials
-- Up-to-date: /home/juniorsundar/ROS_Workspaces/ros2_tutorials/install/action_interfaces_tutorials/include/action_interfaces_tutorials/action
-- Up-to-date: /home/juniorsundar/ROS_Workspaces/ros2_tutorials/install/action_interfaces_tutorials/include/action_interfaces_tutorials/action/detail
-- Installing: /home/juniorsundar/ROS_Workspaces/ros2_tutorials/install/action_interfaces_tutorials/include/action_interfaces_tutorials/action/detail/fibonacci__rosidl_typesupport_introspection_c.h
-- Installing: /home/juniorsundar/ROS_Workspaces/ros2_tutorials/install/action_interfaces_tutorials/include/action_interfaces_tutorials/action/detail/fibonacci__type_support.c
-- Up-to-date: /home/juniorsundar/ROS_Workspaces/ros2_tutorials/install/action_interfaces_tutorials/include/action_interfaces_tutorials/msg
-- Installing: /home/juniorsundar/ROS_Workspaces/ros2_tutorials/install/action_interfaces_tutorials/include/action_interfaces_tutorials/msg/rosidl_typesupport_introspection_c__visibility_control.h
-- Installing: /home/juniorsundar/ROS_Workspaces/ros2_tutorials/install/action_interfaces_tutorials/lib/libaction_interfaces_tutorials__rosidl_typesupport_introspection_c.so
-- Set runtime path of "/home/juniorsundar/ROS_Workspaces/ros2_tutorials/install/action_interfaces_tutorials/lib/libaction_interfaces_tutorials__rosidl_typesupport_introspection_c.so" to ""
-- Installing: /home/juniorsundar/ROS_Workspaces/ros2_tutorials/install/action_interfaces_tutorials/lib/libaction_interfaces_tutorials__rosidl_typesupport_c.so
-- Set runtime path of "/home/juniorsundar/ROS_Workspaces/ros2_tutorials/install/action_interfaces_tutorials/lib/libaction_interfaces_tutorials__rosidl_typesupport_c.so" to ""
-- Up-to-date: /home/juniorsundar/ROS_Workspaces/ros2_tutorials/install/action_interfaces_tutorials/include/action_interfaces_tutorials
-- Up-to-date: /home/juniorsundar/ROS_Workspaces/ros2_tutorials/install/action_interfaces_tutorials/include/action_interfaces_tutorials/action
-- Up-to-date: /home/juniorsundar/ROS_Workspaces/ros2_tutorials/install/action_interfaces_tutorials/include/action_interfaces_tutorials/action/detail
-- Installing: /home/juniorsundar/ROS_Workspaces/ros2_tutorials/install/action_interfaces_tutorials/include/action_interfaces_tutorials/action/detail/fibonacci__traits.hpp
-- Installing: /home/juniorsundar/ROS_Workspaces/ros2_tutorials/install/action_interfaces_tutorials/include/action_interfaces_tutorials/action/detail/fibonacci__struct.hpp
-- Installing: /home/juniorsundar/ROS_Workspaces/ros2_tutorials/install/action_interfaces_tutorials/include/action_interfaces_tutorials/action/detail/fibonacci__builder.hpp
-- Installing: /home/juniorsundar/ROS_Workspaces/ros2_tutorials/install/action_interfaces_tutorials/include/action_interfaces_tutorials/action/fibonacci.hpp
-- Up-to-date: /home/juniorsundar/ROS_Workspaces/ros2_tutorials/install/action_interfaces_tutorials/include/action_interfaces_tutorials
-- Up-to-date: /home/juniorsundar/ROS_Workspaces/ros2_tutorials/install/action_interfaces_tutorials/include/action_interfaces_tutorials/action
-- Up-to-date: /home/juniorsundar/ROS_Workspaces/ros2_tutorials/install/action_interfaces_tutorials/include/action_interfaces_tutorials/action/detail
-- Installing: /home/juniorsundar/ROS_Workspaces/ros2_tutorials/install/action_interfaces_tutorials/include/action_interfaces_tutorials/action/detail/fibonacci__type_support.cpp
-- Installing: /home/juniorsundar/ROS_Workspaces/ros2_tutorials/install/action_interfaces_tutorials/include/action_interfaces_tutorials/action/detail/fibonacci__rosidl_typesupport_introspection_cpp.hpp
-- Installing: /home/juniorsundar/ROS_Workspaces/ros2_tutorials/install/action_interfaces_tutorials/lib/libaction_interfaces_tutorials__rosidl_typesupport_introspection_cpp.so
-- Set runtime path of "/home/juniorsundar/ROS_Workspaces/ros2_tutorials/install/action_interfaces_tutorials/lib/libaction_interfaces_tutorials__rosidl_typesupport_introspection_cpp.so" to ""
-- Installing: /home/juniorsundar/ROS_Workspaces/ros2_tutorials/install/action_interfaces_tutorials/lib/libaction_interfaces_tutorials__rosidl_typesupport_cpp.so
-- Set runtime path of "/home/juniorsundar/ROS_Workspaces/ros2_tutorials/install/action_interfaces_tutorials/lib/libaction_interfaces_tutorials__rosidl_typesupport_cpp.so" to ""
-- Installing: /home/juniorsundar/ROS_Workspaces/ros2_tutorials/install/action_interfaces_tutorials/share/action_interfaces_tutorials/environment/pythonpath.sh
-- Installing: /home/juniorsundar/ROS_Workspaces/ros2_tutorials/install/action_interfaces_tutorials/share/action_interfaces_tutorials/environment/pythonpath.dsv
-- Installing: /home/juniorsundar/ROS_Workspaces/ros2_tutorials/install/action_interfaces_tutorials/lib/python3.8/site-packages/action_interfaces_tutorials/__init__.py
Compiling '/home/juniorsundar/ROS_Workspaces/ros2_tutorials/install/action_interfaces_tutorials/lib/python3.8/site-packages/action_interfaces_tutorials/__init__.py'...
-- Installing: /home/juniorsundar/ROS_Workspaces/ros2_tutorials/install/action_interfaces_tutorials/lib/python3.8/site-packages/action_interfaces_tutorials/action
-- Installing: /home/juniorsundar/ROS_Workspaces/ros2_tutorials/install/action_interfaces_tutorials/lib/python3.8/site-packages/action_interfaces_tutorials/action/_fibonacci_s.c
-- Installing: /home/juniorsundar/ROS_Workspaces/ros2_tutorials/install/action_interfaces_tutorials/lib/python3.8/site-packages/action_interfaces_tutorials/action/_fibonacci.py
-- Installing: /home/juniorsundar/ROS_Workspaces/ros2_tutorials/install/action_interfaces_tutorials/lib/python3.8/site-packages/action_interfaces_tutorials/action/__init__.py
-- Installing: /home/juniorsundar/ROS_Workspaces/ros2_tutorials/install/action_interfaces_tutorials/lib/python3.8/site-packages/action_interfaces_tutorials/action_interfaces_tutorials_s__rosidl_typesupport_fastrtps_c.cpython-38-x86_64-linux-gnu.so
-- Set runtime path of "/home/juniorsundar/ROS_Workspaces/ros2_tutorials/install/action_interfaces_tutorials/lib/python3.8/site-packages/action_interfaces_tutorials/action_interfaces_tutorials_s__rosidl_typesupport_fastrtps_c.cpython-38-x86_64-linux-gnu.so" to ""
-- Installing: /home/juniorsundar/ROS_Workspaces/ros2_tutorials/install/action_interfaces_tutorials/lib/python3.8/site-packages/action_interfaces_tutorials/action_interfaces_tutorials_s__rosidl_typesupport_introspection_c.cpython-38-x86_64-linux-gnu.so
-- Set runtime path of "/home/juniorsundar/ROS_Workspaces/ros2_tutorials/install/action_interfaces_tutorials/lib/python3.8/site-packages/action_interfaces_tutorials/action_interfaces_tutorials_s__rosidl_typesupport_introspection_c.cpython-38-x86_64-linux-gnu.so" to ""
-- Installing: /home/juniorsundar/ROS_Workspaces/ros2_tutorials/install/action_interfaces_tutorials/lib/python3.8/site-packages/action_interfaces_tutorials/action_interfaces_tutorials_s__rosidl_typesupport_c.cpython-38-x86_64-linux-gnu.so
-- Set runtime path of "/home/juniorsundar/ROS_Workspaces/ros2_tutorials/install/action_interfaces_tutorials/lib/python3.8/site-packages/action_interfaces_tutorials/action_interfaces_tutorials_s__rosidl_typesupport_c.cpython-38-x86_64-linux-gnu.so" to ""
-- Installing: /home/juniorsundar/ROS_Workspaces/ros2_tutorials/install/action_interfaces_tutorials/lib/libaction_interfaces_tutorials__python.so
-- Set runtime path of "/home/juniorsundar/ROS_Workspaces/ros2_tutorials/install/action_interfaces_tutorials/lib/libaction_interfaces_tutorials__python.so" to ""
-- Installing: /home/juniorsundar/ROS_Workspaces/ros2_tutorials/install/action_interfaces_tutorials/share/action_interfaces_tutorials/action/Fibonacci.idl
-- Installing: /home/juniorsundar/ROS_Workspaces/ros2_tutorials/install/action_interfaces_tutorials/share/action_interfaces_tutorials/action/Fibonacci.action
-- Installing: /home/juniorsundar/ROS_Workspaces/ros2_tutorials/install/action_interfaces_tutorials/share/ament_index/resource_index/package_run_dependencies/action_interfaces_tutorials
-- Installing: /home/juniorsundar/ROS_Workspaces/ros2_tutorials/install/action_interfaces_tutorials/share/ament_index/resource_index/parent_prefix_path/action_interfaces_tutorials
-- Installing: /home/juniorsundar/ROS_Workspaces/ros2_tutorials/install/action_interfaces_tutorials/share/action_interfaces_tutorials/environment/ament_prefix_path.sh
-- Installing: /home/juniorsundar/ROS_Workspaces/ros2_tutorials/install/action_interfaces_tutorials/share/action_interfaces_tutorials/environment/ament_prefix_path.dsv
-- Installing: /home/juniorsundar/ROS_Workspaces/ros2_tutorials/install/action_interfaces_tutorials/share/action_interfaces_tutorials/environment/path.sh
-- Installing: /home/juniorsundar/ROS_Workspaces/ros2_tutorials/install/action_interfaces_tutorials/share/action_interfaces_tutorials/environment/path.dsv
-- Installing: /home/juniorsundar/ROS_Workspaces/ros2_tutorials/install/action_interfaces_tutorials/share/action_interfaces_tutorials/local_setup.bash
-- Installing: /home/juniorsundar/ROS_Workspaces/ros2_tutorials/install/action_interfaces_tutorials/share/action_interfaces_tutorials/local_setup.sh
-- Installing: /home/juniorsundar/ROS_Workspaces/ros2_tutorials/install/action_interfaces_tutorials/share/action_interfaces_tutorials/local_setup.zsh
-- Installing: /home/juniorsundar/ROS_Workspaces/ros2_tutorials/install/action_interfaces_tutorials/share/action_interfaces_tutorials/local_setup.dsv
-- Installing: /home/juniorsundar/ROS_Workspaces/ros2_tutorials/install/action_interfaces_tutorials/share/action_interfaces_tutorials/package.dsv
-- Installing: /home/juniorsundar/ROS_Workspaces/ros2_tutorials/install/action_interfaces_tutorials/share/ament_index/resource_index/packages/action_interfaces_tutorials
-- Installing: /home/juniorsundar/ROS_Workspaces/ros2_tutorials/install/action_interfaces_tutorials/share/action_interfaces_tutorials/cmake/action_interfaces_tutorials__rosidl_generator_cExport.cmake
-- Installing: /home/juniorsundar/ROS_Workspaces/ros2_tutorials/install/action_interfaces_tutorials/share/action_interfaces_tutorials/cmake/action_interfaces_tutorials__rosidl_generator_cExport-noconfig.cmake
-- Installing: /home/juniorsundar/ROS_Workspaces/ros2_tutorials/install/action_interfaces_tutorials/share/action_interfaces_tutorials/cmake/action_interfaces_tutorials__rosidl_typesupport_introspection_cExport.cmake
-- Installing: /home/juniorsundar/ROS_Workspaces/ros2_tutorials/install/action_interfaces_tutorials/share/action_interfaces_tutorials/cmake/action_interfaces_tutorials__rosidl_typesupport_introspection_cExport-noconfig.cmake
-- Installing: /home/juniorsundar/ROS_Workspaces/ros2_tutorials/install/action_interfaces_tutorials/share/action_interfaces_tutorials/cmake/action_interfaces_tutorials__rosidl_typesupport_cExport.cmake
-- Installing: /home/juniorsundar/ROS_Workspaces/ros2_tutorials/install/action_interfaces_tutorials/share/action_interfaces_tutorials/cmake/action_interfaces_tutorials__rosidl_typesupport_cExport-noconfig.cmake
-- Installing: /home/juniorsundar/ROS_Workspaces/ros2_tutorials/install/action_interfaces_tutorials/share/action_interfaces_tutorials/cmake/action_interfaces_tutorials__rosidl_generator_cppExport.cmake
-- Installing: /home/juniorsundar/ROS_Workspaces/ros2_tutorials/install/action_interfaces_tutorials/share/action_interfaces_tutorials/cmake/action_interfaces_tutorials__rosidl_typesupport_introspection_cppExport.cmake
-- Installing: /home/juniorsundar/ROS_Workspaces/ros2_tutorials/install/action_interfaces_tutorials/share/action_interfaces_tutorials/cmake/action_interfaces_tutorials__rosidl_typesupport_introspection_cppExport-noconfig.cmake
-- Installing: /home/juniorsundar/ROS_Workspaces/ros2_tutorials/install/action_interfaces_tutorials/share/action_interfaces_tutorials/cmake/action_interfaces_tutorials__rosidl_typesupport_cppExport.cmake
-- Installing: /home/juniorsundar/ROS_Workspaces/ros2_tutorials/install/action_interfaces_tutorials/share/action_interfaces_tutorials/cmake/action_interfaces_tutorials__rosidl_typesupport_cppExport-noconfig.cmake
-- Installing: /home/juniorsundar/ROS_Workspaces/ros2_tutorials/install/action_interfaces_tutorials/share/action_interfaces_tutorials/cmake/rosidl_cmake-extras.cmake
-- Installing: /home/juniorsundar/ROS_Workspaces/ros2_tutorials/install/action_interfaces_tutorials/share/action_interfaces_tutorials/cmake/ament_cmake_export_dependencies-extras.cmake
-- Installing: /home/juniorsundar/ROS_Workspaces/ros2_tutorials/install/action_interfaces_tutorials/share/action_interfaces_tutorials/cmake/ament_cmake_export_libraries-extras.cmake
-- Installing: /home/juniorsundar/ROS_Workspaces/ros2_tutorials/install/action_interfaces_tutorials/share/action_interfaces_tutorials/cmake/ament_cmake_export_targets-extras.cmake
-- Installing: /home/juniorsundar/ROS_Workspaces/ros2_tutorials/install/action_interfaces_tutorials/share/action_interfaces_tutorials/cmake/ament_cmake_export_include_directories-extras.cmake
-- Installing: /home/juniorsundar/ROS_Workspaces/ros2_tutorials/install/action_interfaces_tutorials/share/action_interfaces_tutorials/cmake/rosidl_cmake_export_typesupport_libraries-extras.cmake
-- Installing: /home/juniorsundar/ROS_Workspaces/ros2_tutorials/install/action_interfaces_tutorials/share/action_interfaces_tutorials/cmake/rosidl_cmake_export_typesupport_targets-extras.cmake
-- Installing: /home/juniorsundar/ROS_Workspaces/ros2_tutorials/install/action_interfaces_tutorials/share/action_interfaces_tutorials/cmake/action_interfaces_tutorialsConfig.cmake
-- Installing: /home/juniorsundar/ROS_Workspaces/ros2_tutorials/install/action_interfaces_tutorials/share/action_interfaces_tutorials/cmake/action_interfaces_tutorialsConfig-version.cmake
-- Installing: /home/juniorsundar/ROS_Workspaces/ros2_tutorials/install/action_interfaces_tutorials/share/action_interfaces_tutorials/package.xml
