[0.090s] Invoking command in '/home/juniorsundar/ROS_Workspaces/ros2_tutorials/build/action_interfaces_tutorials': CMAKE_PREFIX_PATH=${CMAKE_PREFIX_PATH}:/home/juniorsundar/ROS_Workspaces/ros2_tutorials/install/py_pubsub:/home/juniorsundar/ROS_Workspaces/ros2_tutorials/install/learning_tf2_py:/home/juniorsundar/ROS_Workspaces/ros2_tutorials/install/launch_tutorial:/home/juniorsundar/ROS_Workspaces/ros2_tutorials/install/action_py_tutorials:/opt/ros/foxy /home/juniorsundar/.local/bin/cmake /home/juniorsundar/ROS_Workspaces/ros2_tutorials/src/action_interfaces_tutorials -DCMAKE_INSTALL_PREFIX=/home/juniorsundar/ROS_Workspaces/ros2_tutorials/install/action_interfaces_tutorials
[0.885s] -- The C compiler identification is GNU 9.4.0
[0.885s] -- The CXX compiler identification is GNU 9.4.0
[0.885s] -- Detecting C compiler ABI info
[0.885s] -- Detecting C compiler ABI info - done
[0.885s] -- Check for working C compiler: /usr/bin/cc - skipped
[0.887s] -- Detecting C compile features
[0.887s] -- Detecting C compile features - done
[0.887s] -- Detecting CXX compiler ABI info
[0.887s] -- Detecting CXX compiler ABI info - done
[0.888s] -- Check for working CXX compiler: /usr/bin/c++ - skipped
[0.888s] -- Detecting CXX compile features
[0.888s] -- Detecting CXX compile features - done
[0.888s] -- Found ament_cmake: 0.9.9 (/opt/ros/foxy/share/ament_cmake/cmake)
[0.888s] -- Found PythonInterp: /usr/bin/python3 (found suitable version "3.8.10", minimum required is "3") 
[0.889s] -- Using PYTHON_EXECUTABLE: /usr/bin/python3
[0.889s] -- Found rosidl_default_generators: 1.0.1 (/opt/ros/foxy/share/rosidl_default_generators/cmake)
[0.889s] -- Using all available rosidl_typesupport_c: rosidl_typesupport_fastrtps_c;rosidl_typesupport_introspection_c
[0.889s] -- Found rosidl_adapter: 1.2.1 (/opt/ros/foxy/share/rosidl_adapter/cmake)
[0.890s] -- Found OpenSSL: /usr/lib/x86_64-linux-gnu/libcrypto.so (found version "1.1.1f")  
[0.891s] -- Found FastRTPS: /opt/ros/foxy/include  
[0.891s] -- Using all available rosidl_typesupport_cpp: rosidl_typesupport_fastrtps_cpp;rosidl_typesupport_introspection_cpp
[0.891s] -- Found PythonInterp: /usr/bin/python3 (found version "3.8.10") 
[0.891s] -- Found ament_cmake_ros: 0.9.2 (/opt/ros/foxy/share/ament_cmake_ros/cmake)
[1.027s] -- Using all available rosidl_typesupport_c: rosidl_typesupport_fastrtps_c;rosidl_typesupport_introspection_c
[1.059s] -- Using all available rosidl_typesupport_cpp: rosidl_typesupport_fastrtps_cpp;rosidl_typesupport_introspection_cpp
[1.087s] -- Found PythonInterp: /usr/bin/python3 (found suitable version "3.8.10", minimum required is "3.5") 
[1.089s] -- Found python_cmake_module: 0.8.1 (/opt/ros/foxy/share/python_cmake_module/cmake)
[1.130s] -- Found PythonLibs: /usr/lib/x86_64-linux-gnu/libpython3.8.so (found suitable version "3.8.10", minimum required is "3.5") 
[1.131s] -- Using PYTHON_EXECUTABLE: /usr/bin/python3
[1.131s] -- Using PYTHON_INCLUDE_DIRS: /usr/include/python3.8
[1.131s] -- Using PYTHON_LIBRARIES: /usr/lib/x86_64-linux-gnu/libpython3.8.so
[1.152s] -- Found PythonExtra: .so  
[1.205s] -- Found ament_lint_auto: 0.9.6 (/opt/ros/foxy/share/ament_lint_auto/cmake)
[1.223s] -- Added test 'copyright' to check source files copyright and LICENSE
[1.224s] -- Added test 'lint_cmake' to check CMake code style
[1.225s] -- Added test 'xmllint' to check XML markup files
[1.228s] -- Configuring done
[1.258s] -- Generating done
[1.260s] -- Build files have been written to: /home/juniorsundar/ROS_Workspaces/ros2_tutorials/build/action_interfaces_tutorials
[1.269s] Invoked command in '/home/juniorsundar/ROS_Workspaces/ros2_tutorials/build/action_interfaces_tutorials' returned '0': CMAKE_PREFIX_PATH=${CMAKE_PREFIX_PATH}:/home/juniorsundar/ROS_Workspaces/ros2_tutorials/install/py_pubsub:/home/juniorsundar/ROS_Workspaces/ros2_tutorials/install/learning_tf2_py:/home/juniorsundar/ROS_Workspaces/ros2_tutorials/install/launch_tutorial:/home/juniorsundar/ROS_Workspaces/ros2_tutorials/install/action_py_tutorials:/opt/ros/foxy /home/juniorsundar/.local/bin/cmake /home/juniorsundar/ROS_Workspaces/ros2_tutorials/src/action_interfaces_tutorials -DCMAKE_INSTALL_PREFIX=/home/juniorsundar/ROS_Workspaces/ros2_tutorials/install/action_interfaces_tutorials
[1.272s] Invoking command in '/home/juniorsundar/ROS_Workspaces/ros2_tutorials/build/action_interfaces_tutorials': CMAKE_PREFIX_PATH=${CMAKE_PREFIX_PATH}:/home/juniorsundar/ROS_Workspaces/ros2_tutorials/install/py_pubsub:/home/juniorsundar/ROS_Workspaces/ros2_tutorials/install/learning_tf2_py:/home/juniorsundar/ROS_Workspaces/ros2_tutorials/install/launch_tutorial:/home/juniorsundar/ROS_Workspaces/ros2_tutorials/install/action_py_tutorials:/opt/ros/foxy /home/juniorsundar/.local/bin/cmake --build /home/juniorsundar/ROS_Workspaces/ros2_tutorials/build/action_interfaces_tutorials -- -j16 -l16
[1.286s] [  3%] [34m[1mGenerating C code for ROS interfaces[0m
[1.290s] [  6%] [34m[1mGenerating C++ code for ROS interfaces[0m
[1.618s] [  9%] [32mBuilding C object CMakeFiles/action_interfaces_tutorials__rosidl_generator_c.dir/rosidl_generator_c/action_interfaces_tutorials/action/detail/fibonacci__functions.c.o[0m
[1.711s] [ 12%] [32m[1mLinking C shared library libaction_interfaces_tutorials__rosidl_generator_c.so[0m
[1.733s] [ 12%] Built target action_interfaces_tutorials__rosidl_generator_c
[1.733s] [ 16%] [34m[1mGenerating C introspection for ROS interfaces[0m
[1.733s] [ 19%] [34m[1mGenerating C type support dispatch for ROS interfaces[0m
[1.818s] [ 19%] Built target action_interfaces_tutorials__cpp
[1.826s] [ 22%] [34m[1mGenerating C++ type support dispatch for ROS interfaces[0m
[1.829s] [ 25%] [34m[1mGenerating C++ introspection for ROS interfaces[0m
[1.830s] [ 29%] [34m[1mGenerating C++ type support for eProsima Fast-RTPS[0m
[2.094s] [ 32%] [32mBuilding CXX object CMakeFiles/action_interfaces_tutorials__rosidl_typesupport_c.dir/rosidl_typesupport_c/action_interfaces_tutorials/action/fibonacci__type_support.cpp.o[0m
[2.133s] [ 35%] [32mBuilding C object CMakeFiles/action_interfaces_tutorials__rosidl_typesupport_introspection_c.dir/rosidl_typesupport_introspection_c/action_interfaces_tutorials/action/detail/fibonacci__type_support.c.o[0m
[2.157s] [ 38%] [32mBuilding CXX object CMakeFiles/action_interfaces_tutorials__rosidl_typesupport_cpp.dir/rosidl_typesupport_cpp/action_interfaces_tutorials/action/fibonacci__type_support.cpp.o[0m
[2.162s] [ 41%] [32m[1mLinking CXX shared library libaction_interfaces_tutorials__rosidl_typesupport_c.so[0m
[2.180s] [ 45%] [32m[1mLinking C shared library libaction_interfaces_tutorials__rosidl_typesupport_introspection_c.so[0m
[2.202s] [ 48%] [32mBuilding CXX object CMakeFiles/action_interfaces_tutorials__rosidl_typesupport_introspection_cpp.dir/rosidl_typesupport_introspection_cpp/action_interfaces_tutorials/action/detail/fibonacci__type_support.cpp.o[0m
[2.203s] [ 48%] Built target action_interfaces_tutorials__rosidl_typesupport_introspection_c
[2.218s] [ 48%] Built target action_interfaces_tutorials__rosidl_typesupport_c
[2.277s] [ 51%] [32mBuilding CXX object CMakeFiles/action_interfaces_tutorials__rosidl_typesupport_fastrtps_cpp.dir/rosidl_typesupport_fastrtps_cpp/action_interfaces_tutorials/action/detail/dds_fastrtps/fibonacci__type_support.cpp.o[0m
[2.552s] [ 54%] [32m[1mLinking CXX shared library libaction_interfaces_tutorials__rosidl_typesupport_cpp.so[0m
[2.575s] [ 54%] Built target action_interfaces_tutorials__rosidl_typesupport_cpp
[2.638s] [ 58%] [32m[1mLinking CXX shared library libaction_interfaces_tutorials__rosidl_typesupport_introspection_cpp.so[0m
[2.713s] [ 61%] [32m[1mLinking CXX shared library libaction_interfaces_tutorials__rosidl_typesupport_fastrtps_cpp.so[0m
[2.746s] [ 61%] Built target action_interfaces_tutorials__rosidl_typesupport_introspection_cpp
[2.798s] [ 61%] Built target action_interfaces_tutorials__rosidl_typesupport_fastrtps_cpp
[2.801s] [ 64%] [34m[1mGenerating C type support for eProsima Fast-RTPS[0m
[3.058s] [ 67%] [32mBuilding CXX object CMakeFiles/action_interfaces_tutorials__rosidl_typesupport_fastrtps_c.dir/rosidl_typesupport_fastrtps_c/action_interfaces_tutorials/action/detail/fibonacci__type_support_c.cpp.o[0m
[3.373s] [ 70%] [32m[1mLinking CXX shared library libaction_interfaces_tutorials__rosidl_typesupport_fastrtps_c.so[0m
[3.462s] [ 70%] Built target action_interfaces_tutorials__rosidl_typesupport_fastrtps_c
[3.468s] [ 70%] Built target action_interfaces_tutorials
[3.505s] [ 74%] [34m[1mGenerating Python code for ROS interfaces[0m
[4.129s] [ 74%] Built target action_interfaces_tutorials__py
[4.134s] [ 77%] [32mBuilding C object CMakeFiles/action_interfaces_tutorials__python.dir/rosidl_generator_py/action_interfaces_tutorials/action/_fibonacci_s.c.o[0m
[4.244s] [ 80%] [32m[1mLinking C shared library rosidl_generator_py/action_interfaces_tutorials/libaction_interfaces_tutorials__python.so[0m
[4.272s] [ 80%] Built target action_interfaces_tutorials__python
[4.278s] [ 90%] [32mBuilding C object CMakeFiles/action_interfaces_tutorials__rosidl_typesupport_fastrtps_c__pyext.dir/rosidl_generator_py/action_interfaces_tutorials/_action_interfaces_tutorials_s.ep.rosidl_typesupport_fastrtps_c.c.o[0m
[4.278s] [ 90%] [32mBuilding C object CMakeFiles/action_interfaces_tutorials__rosidl_typesupport_introspection_c__pyext.dir/rosidl_generator_py/action_interfaces_tutorials/_action_interfaces_tutorials_s.ep.rosidl_typesupport_introspection_c.c.o[0m
[4.278s] [ 90%] [32mBuilding C object CMakeFiles/action_interfaces_tutorials__rosidl_typesupport_c__pyext.dir/rosidl_generator_py/action_interfaces_tutorials/_action_interfaces_tutorials_s.ep.rosidl_typesupport_c.c.o[0m
[4.352s] [ 96%] [32m[1mLinking C shared library rosidl_generator_py/action_interfaces_tutorials/action_interfaces_tutorials_s__rosidl_typesupport_introspection_c.cpython-38-x86_64-linux-gnu.so[0m
[4.352s] [ 96%] [32m[1mLinking C shared library rosidl_generator_py/action_interfaces_tutorials/action_interfaces_tutorials_s__rosidl_typesupport_c.cpython-38-x86_64-linux-gnu.so[0m
[4.352s] [100%] [32m[1mLinking CXX shared library rosidl_generator_py/action_interfaces_tutorials/action_interfaces_tutorials_s__rosidl_typesupport_fastrtps_c.cpython-38-x86_64-linux-gnu.so[0m
[4.373s] [100%] Built target action_interfaces_tutorials__rosidl_typesupport_introspection_c__pyext
[4.373s] [100%] Built target action_interfaces_tutorials__rosidl_typesupport_c__pyext
[4.398s] [100%] Built target action_interfaces_tutorials__rosidl_typesupport_fastrtps_c__pyext
[4.401s] Invoked command in '/home/juniorsundar/ROS_Workspaces/ros2_tutorials/build/action_interfaces_tutorials' returned '0': CMAKE_PREFIX_PATH=${CMAKE_PREFIX_PATH}:/home/juniorsundar/ROS_Workspaces/ros2_tutorials/install/py_pubsub:/home/juniorsundar/ROS_Workspaces/ros2_tutorials/install/learning_tf2_py:/home/juniorsundar/ROS_Workspaces/ros2_tutorials/install/launch_tutorial:/home/juniorsundar/ROS_Workspaces/ros2_tutorials/install/action_py_tutorials:/opt/ros/foxy /home/juniorsundar/.local/bin/cmake --build /home/juniorsundar/ROS_Workspaces/ros2_tutorials/build/action_interfaces_tutorials -- -j16 -l16
[4.432s] Invoking command in '/home/juniorsundar/ROS_Workspaces/ros2_tutorials/build/action_interfaces_tutorials': CMAKE_PREFIX_PATH=${CMAKE_PREFIX_PATH}:/home/juniorsundar/ROS_Workspaces/ros2_tutorials/install/py_pubsub:/home/juniorsundar/ROS_Workspaces/ros2_tutorials/install/learning_tf2_py:/home/juniorsundar/ROS_Workspaces/ros2_tutorials/install/launch_tutorial:/home/juniorsundar/ROS_Workspaces/ros2_tutorials/install/action_py_tutorials:/opt/ros/foxy /home/juniorsundar/.local/bin/cmake --install /home/juniorsundar/ROS_Workspaces/ros2_tutorials/build/action_interfaces_tutorials
[4.435s] -- Install configuration: ""
[4.435s] -- Installing: /home/juniorsundar/ROS_Workspaces/ros2_tutorials/install/action_interfaces_tutorials/share/ament_index/resource_index/rosidl_interfaces/action_interfaces_tutorials
[4.436s] -- Installing: /home/juniorsundar/ROS_Workspaces/ros2_tutorials/install/action_interfaces_tutorials/include/action_interfaces_tutorials
[4.436s] -- Installing: /home/juniorsundar/ROS_Workspaces/ros2_tutorials/install/action_interfaces_tutorials/include/action_interfaces_tutorials/action
[4.436s] -- Installing: /home/juniorsundar/ROS_Workspaces/ros2_tutorials/install/action_interfaces_tutorials/include/action_interfaces_tutorials/action/detail
[4.436s] -- Installing: /home/juniorsundar/ROS_Workspaces/ros2_tutorials/install/action_interfaces_tutorials/include/action_interfaces_tutorials/action/detail/fibonacci__functions.h
[4.436s] -- Installing: /home/juniorsundar/ROS_Workspaces/ros2_tutorials/install/action_interfaces_tutorials/include/action_interfaces_tutorials/action/detail/fibonacci__functions.c
[4.436s] -- Installing: /home/juniorsundar/ROS_Workspaces/ros2_tutorials/install/action_interfaces_tutorials/include/action_interfaces_tutorials/action/detail/fibonacci__struct.h
[4.436s] -- Installing: /home/juniorsundar/ROS_Workspaces/ros2_tutorials/install/action_interfaces_tutorials/include/action_interfaces_tutorials/action/detail/fibonacci__type_support.h
[4.436s] -- Installing: /home/juniorsundar/ROS_Workspaces/ros2_tutorials/install/action_interfaces_tutorials/include/action_interfaces_tutorials/action/fibonacci.h
[4.436s] -- Installing: /home/juniorsundar/ROS_Workspaces/ros2_tutorials/install/action_interfaces_tutorials/include/action_interfaces_tutorials/msg
[4.436s] -- Installing: /home/juniorsundar/ROS_Workspaces/ros2_tutorials/install/action_interfaces_tutorials/include/action_interfaces_tutorials/msg/rosidl_generator_c__visibility_control.h
[4.436s] -- Installing: /home/juniorsundar/ROS_Workspaces/ros2_tutorials/install/action_interfaces_tutorials/share/action_interfaces_tutorials/environment/library_path.sh
[4.436s] -- Installing: /home/juniorsundar/ROS_Workspaces/ros2_tutorials/install/action_interfaces_tutorials/share/action_interfaces_tutorials/environment/library_path.dsv
[4.436s] -- Installing: /home/juniorsundar/ROS_Workspaces/ros2_tutorials/install/action_interfaces_tutorials/lib/libaction_interfaces_tutorials__rosidl_generator_c.so
[4.436s] -- Set runtime path of "/home/juniorsundar/ROS_Workspaces/ros2_tutorials/install/action_interfaces_tutorials/lib/libaction_interfaces_tutorials__rosidl_generator_c.so" to ""
[4.436s] -- Up-to-date: /home/juniorsundar/ROS_Workspaces/ros2_tutorials/install/action_interfaces_tutorials/include/action_interfaces_tutorials
[4.437s] -- Up-to-date: /home/juniorsundar/ROS_Workspaces/ros2_tutorials/install/action_interfaces_tutorials/include/action_interfaces_tutorials/action
[4.437s] -- Up-to-date: /home/juniorsundar/ROS_Workspaces/ros2_tutorials/install/action_interfaces_tutorials/include/action_interfaces_tutorials/action/detail
[4.437s] -- Installing: /home/juniorsundar/ROS_Workspaces/ros2_tutorials/install/action_interfaces_tutorials/include/action_interfaces_tutorials/action/detail/fibonacci__rosidl_typesupport_fastrtps_c.h
[4.437s] -- Up-to-date: /home/juniorsundar/ROS_Workspaces/ros2_tutorials/install/action_interfaces_tutorials/include/action_interfaces_tutorials/msg
[4.437s] -- Installing: /home/juniorsundar/ROS_Workspaces/ros2_tutorials/install/action_interfaces_tutorials/include/action_interfaces_tutorials/msg/rosidl_typesupport_fastrtps_c__visibility_control.h
[4.437s] -- Installing: /home/juniorsundar/ROS_Workspaces/ros2_tutorials/install/action_interfaces_tutorials/lib/libaction_interfaces_tutorials__rosidl_typesupport_fastrtps_c.so
[4.437s] -- Set runtime path of "/home/juniorsundar/ROS_Workspaces/ros2_tutorials/install/action_interfaces_tutorials/lib/libaction_interfaces_tutorials__rosidl_typesupport_fastrtps_c.so" to ""
[4.437s] -- Up-to-date: /home/juniorsundar/ROS_Workspaces/ros2_tutorials/install/action_interfaces_tutorials/include/action_interfaces_tutorials
[4.437s] -- Up-to-date: /home/juniorsundar/ROS_Workspaces/ros2_tutorials/install/action_interfaces_tutorials/include/action_interfaces_tutorials/action
[4.437s] -- Up-to-date: /home/juniorsundar/ROS_Workspaces/ros2_tutorials/install/action_interfaces_tutorials/include/action_interfaces_tutorials/action/detail
[4.437s] -- Installing: /home/juniorsundar/ROS_Workspaces/ros2_tutorials/install/action_interfaces_tutorials/include/action_interfaces_tutorials/action/detail/fibonacci__rosidl_typesupport_fastrtps_cpp.hpp
[4.437s] -- Installing: /home/juniorsundar/ROS_Workspaces/ros2_tutorials/install/action_interfaces_tutorials/include/action_interfaces_tutorials/action/detail/dds_fastrtps
[4.437s] -- Up-to-date: /home/juniorsundar/ROS_Workspaces/ros2_tutorials/install/action_interfaces_tutorials/include/action_interfaces_tutorials/msg
[4.438s] -- Installing: /home/juniorsundar/ROS_Workspaces/ros2_tutorials/install/action_interfaces_tutorials/include/action_interfaces_tutorials/msg/rosidl_typesupport_fastrtps_cpp__visibility_control.h
[4.438s] -- Installing: /home/juniorsundar/ROS_Workspaces/ros2_tutorials/install/action_interfaces_tutorials/lib/libaction_interfaces_tutorials__rosidl_typesupport_fastrtps_cpp.so
[4.438s] -- Set runtime path of "/home/juniorsundar/ROS_Workspaces/ros2_tutorials/install/action_interfaces_tutorials/lib/libaction_interfaces_tutorials__rosidl_typesupport_fastrtps_cpp.so" to ""
[4.438s] -- Up-to-date: /home/juniorsundar/ROS_Workspaces/ros2_tutorials/install/action_interfaces_tutorials/include/action_interfaces_tutorials
[4.438s] -- Up-to-date: /home/juniorsundar/ROS_Workspaces/ros2_tutorials/install/action_interfaces_tutorials/include/action_interfaces_tutorials/action
[4.438s] -- Up-to-date: /home/juniorsundar/ROS_Workspaces/ros2_tutorials/install/action_interfaces_tutorials/include/action_interfaces_tutorials/action/detail
[4.438s] -- Installing: /home/juniorsundar/ROS_Workspaces/ros2_tutorials/install/action_interfaces_tutorials/include/action_interfaces_tutorials/action/detail/fibonacci__rosidl_typesupport_introspection_c.h
[4.438s] -- Installing: /home/juniorsundar/ROS_Workspaces/ros2_tutorials/install/action_interfaces_tutorials/include/action_interfaces_tutorials/action/detail/fibonacci__type_support.c
[4.438s] -- Up-to-date: /home/juniorsundar/ROS_Workspaces/ros2_tutorials/install/action_interfaces_tutorials/include/action_interfaces_tutorials/msg
[4.438s] -- Installing: /home/juniorsundar/ROS_Workspaces/ros2_tutorials/install/action_interfaces_tutorials/include/action_interfaces_tutorials/msg/rosidl_typesupport_introspection_c__visibility_control.h
[4.438s] -- Installing: /home/juniorsundar/ROS_Workspaces/ros2_tutorials/install/action_interfaces_tutorials/lib/libaction_interfaces_tutorials__rosidl_typesupport_introspection_c.so
[4.438s] -- Set runtime path of "/home/juniorsundar/ROS_Workspaces/ros2_tutorials/install/action_interfaces_tutorials/lib/libaction_interfaces_tutorials__rosidl_typesupport_introspection_c.so" to ""
[4.438s] -- Installing: /home/juniorsundar/ROS_Workspaces/ros2_tutorials/install/action_interfaces_tutorials/lib/libaction_interfaces_tutorials__rosidl_typesupport_c.so
[4.438s] -- Set runtime path of "/home/juniorsundar/ROS_Workspaces/ros2_tutorials/install/action_interfaces_tutorials/lib/libaction_interfaces_tutorials__rosidl_typesupport_c.so" to ""
[4.439s] -- Up-to-date: /home/juniorsundar/ROS_Workspaces/ros2_tutorials/install/action_interfaces_tutorials/include/action_interfaces_tutorials
[4.439s] -- Up-to-date: /home/juniorsundar/ROS_Workspaces/ros2_tutorials/install/action_interfaces_tutorials/include/action_interfaces_tutorials/action
[4.439s] -- Up-to-date: /home/juniorsundar/ROS_Workspaces/ros2_tutorials/install/action_interfaces_tutorials/include/action_interfaces_tutorials/action/detail
[4.439s] -- Installing: /home/juniorsundar/ROS_Workspaces/ros2_tutorials/install/action_interfaces_tutorials/include/action_interfaces_tutorials/action/detail/fibonacci__traits.hpp
[4.439s] -- Installing: /home/juniorsundar/ROS_Workspaces/ros2_tutorials/install/action_interfaces_tutorials/include/action_interfaces_tutorials/action/detail/fibonacci__struct.hpp
[4.439s] -- Installing: /home/juniorsundar/ROS_Workspaces/ros2_tutorials/install/action_interfaces_tutorials/include/action_interfaces_tutorials/action/detail/fibonacci__builder.hpp
[4.439s] -- Installing: /home/juniorsundar/ROS_Workspaces/ros2_tutorials/install/action_interfaces_tutorials/include/action_interfaces_tutorials/action/fibonacci.hpp
[4.439s] -- Up-to-date: /home/juniorsundar/ROS_Workspaces/ros2_tutorials/install/action_interfaces_tutorials/include/action_interfaces_tutorials
[4.439s] -- Up-to-date: /home/juniorsundar/ROS_Workspaces/ros2_tutorials/install/action_interfaces_tutorials/include/action_interfaces_tutorials/action
[4.439s] -- Up-to-date: /home/juniorsundar/ROS_Workspaces/ros2_tutorials/install/action_interfaces_tutorials/include/action_interfaces_tutorials/action/detail
[4.439s] -- Installing: /home/juniorsundar/ROS_Workspaces/ros2_tutorials/install/action_interfaces_tutorials/include/action_interfaces_tutorials/action/detail/fibonacci__type_support.cpp
[4.439s] -- Installing: /home/juniorsundar/ROS_Workspaces/ros2_tutorials/install/action_interfaces_tutorials/include/action_interfaces_tutorials/action/detail/fibonacci__rosidl_typesupport_introspection_cpp.hpp
[4.439s] -- Installing: /home/juniorsundar/ROS_Workspaces/ros2_tutorials/install/action_interfaces_tutorials/lib/libaction_interfaces_tutorials__rosidl_typesupport_introspection_cpp.so
[4.439s] -- Set runtime path of "/home/juniorsundar/ROS_Workspaces/ros2_tutorials/install/action_interfaces_tutorials/lib/libaction_interfaces_tutorials__rosidl_typesupport_introspection_cpp.so" to ""
[4.439s] -- Installing: /home/juniorsundar/ROS_Workspaces/ros2_tutorials/install/action_interfaces_tutorials/lib/libaction_interfaces_tutorials__rosidl_typesupport_cpp.so
[4.439s] -- Set runtime path of "/home/juniorsundar/ROS_Workspaces/ros2_tutorials/install/action_interfaces_tutorials/lib/libaction_interfaces_tutorials__rosidl_typesupport_cpp.so" to ""
[4.439s] -- Installing: /home/juniorsundar/ROS_Workspaces/ros2_tutorials/install/action_interfaces_tutorials/share/action_interfaces_tutorials/environment/pythonpath.sh
[4.439s] -- Installing: /home/juniorsundar/ROS_Workspaces/ros2_tutorials/install/action_interfaces_tutorials/share/action_interfaces_tutorials/environment/pythonpath.dsv
[4.439s] -- Installing: /home/juniorsundar/ROS_Workspaces/ros2_tutorials/install/action_interfaces_tutorials/lib/python3.8/site-packages/action_interfaces_tutorials/__init__.py
[4.464s] Compiling '/home/juniorsundar/ROS_Workspaces/ros2_tutorials/install/action_interfaces_tutorials/lib/python3.8/site-packages/action_interfaces_tutorials/__init__.py'...
[4.467s] -- Installing: /home/juniorsundar/ROS_Workspaces/ros2_tutorials/install/action_interfaces_tutorials/lib/python3.8/site-packages/action_interfaces_tutorials/action
[4.467s] -- Installing: /home/juniorsundar/ROS_Workspaces/ros2_tutorials/install/action_interfaces_tutorials/lib/python3.8/site-packages/action_interfaces_tutorials/action/_fibonacci_s.c
[4.467s] -- Installing: /home/juniorsundar/ROS_Workspaces/ros2_tutorials/install/action_interfaces_tutorials/lib/python3.8/site-packages/action_interfaces_tutorials/action/_fibonacci.py
[4.467s] -- Installing: /home/juniorsundar/ROS_Workspaces/ros2_tutorials/install/action_interfaces_tutorials/lib/python3.8/site-packages/action_interfaces_tutorials/action/__init__.py
[4.467s] -- Installing: /home/juniorsundar/ROS_Workspaces/ros2_tutorials/install/action_interfaces_tutorials/lib/python3.8/site-packages/action_interfaces_tutorials/action_interfaces_tutorials_s__rosidl_typesupport_fastrtps_c.cpython-38-x86_64-linux-gnu.so
[4.467s] -- Set runtime path of "/home/juniorsundar/ROS_Workspaces/ros2_tutorials/install/action_interfaces_tutorials/lib/python3.8/site-packages/action_interfaces_tutorials/action_interfaces_tutorials_s__rosidl_typesupport_fastrtps_c.cpython-38-x86_64-linux-gnu.so" to ""
[4.467s] -- Installing: /home/juniorsundar/ROS_Workspaces/ros2_tutorials/install/action_interfaces_tutorials/lib/python3.8/site-packages/action_interfaces_tutorials/action_interfaces_tutorials_s__rosidl_typesupport_introspection_c.cpython-38-x86_64-linux-gnu.so
[4.467s] -- Set runtime path of "/home/juniorsundar/ROS_Workspaces/ros2_tutorials/install/action_interfaces_tutorials/lib/python3.8/site-packages/action_interfaces_tutorials/action_interfaces_tutorials_s__rosidl_typesupport_introspection_c.cpython-38-x86_64-linux-gnu.so" to ""
[4.468s] -- Installing: /home/juniorsundar/ROS_Workspaces/ros2_tutorials/install/action_interfaces_tutorials/lib/python3.8/site-packages/action_interfaces_tutorials/action_interfaces_tutorials_s__rosidl_typesupport_c.cpython-38-x86_64-linux-gnu.so
[4.468s] -- Set runtime path of "/home/juniorsundar/ROS_Workspaces/ros2_tutorials/install/action_interfaces_tutorials/lib/python3.8/site-packages/action_interfaces_tutorials/action_interfaces_tutorials_s__rosidl_typesupport_c.cpython-38-x86_64-linux-gnu.so" to ""
[4.468s] -- Installing: /home/juniorsundar/ROS_Workspaces/ros2_tutorials/install/action_interfaces_tutorials/lib/libaction_interfaces_tutorials__python.so
[4.468s] -- Set runtime path of "/home/juniorsundar/ROS_Workspaces/ros2_tutorials/install/action_interfaces_tutorials/lib/libaction_interfaces_tutorials__python.so" to ""
[4.468s] -- Installing: /home/juniorsundar/ROS_Workspaces/ros2_tutorials/install/action_interfaces_tutorials/share/action_interfaces_tutorials/action/Fibonacci.idl
[4.468s] -- Installing: /home/juniorsundar/ROS_Workspaces/ros2_tutorials/install/action_interfaces_tutorials/share/action_interfaces_tutorials/action/Fibonacci.action
[4.468s] -- Installing: /home/juniorsundar/ROS_Workspaces/ros2_tutorials/install/action_interfaces_tutorials/share/ament_index/resource_index/package_run_dependencies/action_interfaces_tutorials
[4.468s] -- Installing: /home/juniorsundar/ROS_Workspaces/ros2_tutorials/install/action_interfaces_tutorials/share/ament_index/resource_index/parent_prefix_path/action_interfaces_tutorials
[4.468s] -- Installing: /home/juniorsundar/ROS_Workspaces/ros2_tutorials/install/action_interfaces_tutorials/share/action_interfaces_tutorials/environment/ament_prefix_path.sh
[4.469s] -- Installing: /home/juniorsundar/ROS_Workspaces/ros2_tutorials/install/action_interfaces_tutorials/share/action_interfaces_tutorials/environment/ament_prefix_path.dsv
[4.469s] -- Installing: /home/juniorsundar/ROS_Workspaces/ros2_tutorials/install/action_interfaces_tutorials/share/action_interfaces_tutorials/environment/path.sh
[4.469s] -- Installing: /home/juniorsundar/ROS_Workspaces/ros2_tutorials/install/action_interfaces_tutorials/share/action_interfaces_tutorials/environment/path.dsv
[4.469s] -- Installing: /home/juniorsundar/ROS_Workspaces/ros2_tutorials/install/action_interfaces_tutorials/share/action_interfaces_tutorials/local_setup.bash
[4.469s] -- Installing: /home/juniorsundar/ROS_Workspaces/ros2_tutorials/install/action_interfaces_tutorials/share/action_interfaces_tutorials/local_setup.sh
[4.469s] -- Installing: /home/juniorsundar/ROS_Workspaces/ros2_tutorials/install/action_interfaces_tutorials/share/action_interfaces_tutorials/local_setup.zsh
[4.469s] -- Installing: /home/juniorsundar/ROS_Workspaces/ros2_tutorials/install/action_interfaces_tutorials/share/action_interfaces_tutorials/local_setup.dsv
[4.469s] -- Installing: /home/juniorsundar/ROS_Workspaces/ros2_tutorials/install/action_interfaces_tutorials/share/action_interfaces_tutorials/package.dsv
[4.469s] -- Installing: /home/juniorsundar/ROS_Workspaces/ros2_tutorials/install/action_interfaces_tutorials/share/ament_index/resource_index/packages/action_interfaces_tutorials
[4.469s] -- Installing: /home/juniorsundar/ROS_Workspaces/ros2_tutorials/install/action_interfaces_tutorials/share/action_interfaces_tutorials/cmake/action_interfaces_tutorials__rosidl_generator_cExport.cmake
[4.469s] -- Installing: /home/juniorsundar/ROS_Workspaces/ros2_tutorials/install/action_interfaces_tutorials/share/action_interfaces_tutorials/cmake/action_interfaces_tutorials__rosidl_generator_cExport-noconfig.cmake
[4.469s] -- Installing: /home/juniorsundar/ROS_Workspaces/ros2_tutorials/install/action_interfaces_tutorials/share/action_interfaces_tutorials/cmake/action_interfaces_tutorials__rosidl_typesupport_introspection_cExport.cmake
[4.469s] -- Installing: /home/juniorsundar/ROS_Workspaces/ros2_tutorials/install/action_interfaces_tutorials/share/action_interfaces_tutorials/cmake/action_interfaces_tutorials__rosidl_typesupport_introspection_cExport-noconfig.cmake
[4.470s] -- Installing: /home/juniorsundar/ROS_Workspaces/ros2_tutorials/install/action_interfaces_tutorials/share/action_interfaces_tutorials/cmake/action_interfaces_tutorials__rosidl_typesupport_cExport.cmake
[4.470s] -- Installing: /home/juniorsundar/ROS_Workspaces/ros2_tutorials/install/action_interfaces_tutorials/share/action_interfaces_tutorials/cmake/action_interfaces_tutorials__rosidl_typesupport_cExport-noconfig.cmake
[4.470s] -- Installing: /home/juniorsundar/ROS_Workspaces/ros2_tutorials/install/action_interfaces_tutorials/share/action_interfaces_tutorials/cmake/action_interfaces_tutorials__rosidl_generator_cppExport.cmake
[4.470s] -- Installing: /home/juniorsundar/ROS_Workspaces/ros2_tutorials/install/action_interfaces_tutorials/share/action_interfaces_tutorials/cmake/action_interfaces_tutorials__rosidl_typesupport_introspection_cppExport.cmake
[4.470s] -- Installing: /home/juniorsundar/ROS_Workspaces/ros2_tutorials/install/action_interfaces_tutorials/share/action_interfaces_tutorials/cmake/action_interfaces_tutorials__rosidl_typesupport_introspection_cppExport-noconfig.cmake
[4.470s] -- Installing: /home/juniorsundar/ROS_Workspaces/ros2_tutorials/install/action_interfaces_tutorials/share/action_interfaces_tutorials/cmake/action_interfaces_tutorials__rosidl_typesupport_cppExport.cmake
[4.470s] -- Installing: /home/juniorsundar/ROS_Workspaces/ros2_tutorials/install/action_interfaces_tutorials/share/action_interfaces_tutorials/cmake/action_interfaces_tutorials__rosidl_typesupport_cppExport-noconfig.cmake
[4.470s] -- Installing: /home/juniorsundar/ROS_Workspaces/ros2_tutorials/install/action_interfaces_tutorials/share/action_interfaces_tutorials/cmake/rosidl_cmake-extras.cmake
[4.470s] -- Installing: /home/juniorsundar/ROS_Workspaces/ros2_tutorials/install/action_interfaces_tutorials/share/action_interfaces_tutorials/cmake/ament_cmake_export_dependencies-extras.cmake
[4.470s] -- Installing: /home/juniorsundar/ROS_Workspaces/ros2_tutorials/install/action_interfaces_tutorials/share/action_interfaces_tutorials/cmake/ament_cmake_export_libraries-extras.cmake
[4.470s] -- Installing: /home/juniorsundar/ROS_Workspaces/ros2_tutorials/install/action_interfaces_tutorials/share/action_interfaces_tutorials/cmake/ament_cmake_export_targets-extras.cmake
[4.470s] -- Installing: /home/juniorsundar/ROS_Workspaces/ros2_tutorials/install/action_interfaces_tutorials/share/action_interfaces_tutorials/cmake/ament_cmake_export_include_directories-extras.cmake
[4.471s] -- Installing: /home/juniorsundar/ROS_Workspaces/ros2_tutorials/install/action_interfaces_tutorials/share/action_interfaces_tutorials/cmake/rosidl_cmake_export_typesupport_libraries-extras.cmake
[4.471s] -- Installing: /home/juniorsundar/ROS_Workspaces/ros2_tutorials/install/action_interfaces_tutorials/share/action_interfaces_tutorials/cmake/rosidl_cmake_export_typesupport_targets-extras.cmake
[4.471s] -- Installing: /home/juniorsundar/ROS_Workspaces/ros2_tutorials/install/action_interfaces_tutorials/share/action_interfaces_tutorials/cmake/action_interfaces_tutorialsConfig.cmake
[4.471s] -- Installing: /home/juniorsundar/ROS_Workspaces/ros2_tutorials/install/action_interfaces_tutorials/share/action_interfaces_tutorials/cmake/action_interfaces_tutorialsConfig-version.cmake
[4.471s] -- Installing: /home/juniorsundar/ROS_Workspaces/ros2_tutorials/install/action_interfaces_tutorials/share/action_interfaces_tutorials/package.xml
[4.476s] Invoked command in '/home/juniorsundar/ROS_Workspaces/ros2_tutorials/build/action_interfaces_tutorials' returned '0': CMAKE_PREFIX_PATH=${CMAKE_PREFIX_PATH}:/home/juniorsundar/ROS_Workspaces/ros2_tutorials/install/py_pubsub:/home/juniorsundar/ROS_Workspaces/ros2_tutorials/install/learning_tf2_py:/home/juniorsundar/ROS_Workspaces/ros2_tutorials/install/launch_tutorial:/home/juniorsundar/ROS_Workspaces/ros2_tutorials/install/action_py_tutorials:/opt/ros/foxy /home/juniorsundar/.local/bin/cmake --install /home/juniorsundar/ROS_Workspaces/ros2_tutorials/build/action_interfaces_tutorials
