[1.492s] Invoking command in '/home/juniorsundar/ROS_Workspaces/ros2_tutorials/src/learning_tf2_py': PYTHONPATH=/home/juniorsundar/ROS_Workspaces/ros2_tutorials/install/learning_tf2_py/lib/python3.8/site-packages:${PYTHONPATH} /usr/bin/python3 setup.py egg_info --egg-base ../../build/learning_tf2_py build --build-base /home/juniorsundar/ROS_Workspaces/ros2_tutorials/build/learning_tf2_py/build install --prefix /home/juniorsundar/ROS_Workspaces/ros2_tutorials/install/learning_tf2_py --record /home/juniorsundar/ROS_Workspaces/ros2_tutorials/build/learning_tf2_py/install.log --single-version-externally-managed
[1.714s] running egg_info
[1.714s] writing ../../build/learning_tf2_py/learning_tf2_py.egg-info/PKG-INFO
[1.714s] writing dependency_links to ../../build/learning_tf2_py/learning_tf2_py.egg-info/dependency_links.txt
[1.714s] writing entry points to ../../build/learning_tf2_py/learning_tf2_py.egg-info/entry_points.txt
[1.715s] writing requirements to ../../build/learning_tf2_py/learning_tf2_py.egg-info/requires.txt
[1.715s] writing top-level names to ../../build/learning_tf2_py/learning_tf2_py.egg-info/top_level.txt
[1.717s] reading manifest file '../../build/learning_tf2_py/learning_tf2_py.egg-info/SOURCES.txt'
[1.720s] writing manifest file '../../build/learning_tf2_py/learning_tf2_py.egg-info/SOURCES.txt'
[1.721s] running build
[1.721s] running build_py
[1.721s] running install
[1.721s] running install_lib
[1.722s] running install_data
[1.723s] running install_egg_info
[1.724s] removing '/home/juniorsundar/ROS_Workspaces/ros2_tutorials/install/learning_tf2_py/lib/python3.8/site-packages/learning_tf2_py-0.0.0-py3.8.egg-info' (and everything under it)
[1.724s] Copying ../../build/learning_tf2_py/learning_tf2_py.egg-info to /home/juniorsundar/ROS_Workspaces/ros2_tutorials/install/learning_tf2_py/lib/python3.8/site-packages/learning_tf2_py-0.0.0-py3.8.egg-info
[1.726s] running install_scripts
[1.741s] Installing static_turtle_tf2_broadcaster script to /home/juniorsundar/ROS_Workspaces/ros2_tutorials/install/learning_tf2_py/lib/learning_tf2_py
[1.741s] writing list of installed files to '/home/juniorsundar/ROS_Workspaces/ros2_tutorials/build/learning_tf2_py/install.log'
[1.793s] Invoked command in '/home/juniorsundar/ROS_Workspaces/ros2_tutorials/src/learning_tf2_py' returned '0': PYTHONPATH=/home/juniorsundar/ROS_Workspaces/ros2_tutorials/install/learning_tf2_py/lib/python3.8/site-packages:${PYTHONPATH} /usr/bin/python3 setup.py egg_info --egg-base ../../build/learning_tf2_py build --build-base /home/juniorsundar/ROS_Workspaces/ros2_tutorials/build/learning_tf2_py/build install --prefix /home/juniorsundar/ROS_Workspaces/ros2_tutorials/install/learning_tf2_py --record /home/juniorsundar/ROS_Workspaces/ros2_tutorials/build/learning_tf2_py/install.log --single-version-externally-managed
