[  3%] Built target action_interfaces_tutorials__cpp
[35m[1mConsolidate compiler generated dependencies of target action_interfaces_tutorials__rosidl_generator_c[0m
[35m[1mConsolidate compiler generated dependencies of target action_interfaces_tutorials__rosidl_typesupport_cpp[0m
[35m[1mConsolidate compiler generated dependencies of target action_interfaces_tutorials__rosidl_typesupport_introspection_cpp[0m
[35m[1mConsolidate compiler generated dependencies of target action_interfaces_tutorials__rosidl_typesupport_fastrtps_cpp[0m
[ 12%] Built target action_interfaces_tutorials__rosidl_generator_c
[ 22%] Built target action_interfaces_tutorials__rosidl_typesupport_cpp
[ 32%] Built target action_interfaces_tutorials__rosidl_typesupport_introspection_cpp
[35m[1mConsolidate compiler generated dependencies of target action_interfaces_tutorials__rosidl_typesupport_c[0m
[35m[1mConsolidate compiler generated dependencies of target action_interfaces_tutorials__rosidl_typesupport_introspection_c[0m
[ 41%] Built target action_interfaces_tutorials__rosidl_typesupport_fastrtps_cpp
[ 51%] Built target action_interfaces_tutorials__rosidl_typesupport_c
[ 61%] Built target action_interfaces_tutorials__rosidl_typesupport_introspection_c
[35m[1mConsolidate compiler generated dependencies of target action_interfaces_tutorials__rosidl_typesupport_fastrtps_c[0m
[ 70%] Built target action_interfaces_tutorials__rosidl_typesupport_fastrtps_c
[ 70%] Built target action_interfaces_tutorials
[ 74%] Built target action_interfaces_tutorials__py
[35m[1mConsolidate compiler generated dependencies of target action_interfaces_tutorials__python[0m
[ 80%] Built target action_interfaces_tutorials__python
[35m[1mConsolidate compiler generated dependencies of target action_interfaces_tutorials__rosidl_typesupport_introspection_c__pyext[0m
[35m[1mConsolidate compiler generated dependencies of target action_interfaces_tutorials__rosidl_typesupport_fastrtps_c__pyext[0m
[35m[1mConsolidate compiler generated dependencies of target action_interfaces_tutorials__rosidl_typesupport_c__pyext[0m
[ 87%] Built target action_interfaces_tutorials__rosidl_typesupport_introspection_c__pyext
[ 93%] Built target action_interfaces_tutorials__rosidl_typesupport_c__pyext
[100%] Built target action_interfaces_tutorials__rosidl_typesupport_fastrtps_c__pyext
-- Install configuration: ""
-- Up-to-date: /home/juniorsundar/ROS_Workspaces/ros2_tutorials/install/action_interfaces_tutorials/share/ament_index/resource_index/rosidl_interfaces/action_interfaces_tutorials
-- Up-to-date: /home/juniorsundar/ROS_Workspaces/ros2_tutorials/install/action_interfaces_tutorials/include/action_interfaces_tutorials
-- Up-to-date: /home/juniorsundar/ROS_Workspaces/ros2_tutorials/install/action_interfaces_tutorials/include/action_interfaces_tutorials/action
-- Up-to-date: /home/juniorsundar/ROS_Workspaces/ros2_tutorials/install/action_interfaces_tutorials/include/action_interfaces_tutorials/action/detail
-- Up-to-date: /home/juniorsundar/ROS_Workspaces/ros2_tutorials/install/action_interfaces_tutorials/include/action_interfaces_tutorials/action/detail/fibonacci__functions.h
-- Up-to-date: /home/juniorsundar/ROS_Workspaces/ros2_tutorials/install/action_interfaces_tutorials/include/action_interfaces_tutorials/action/detail/fibonacci__functions.c
-- Up-to-date: /home/juniorsundar/ROS_Workspaces/ros2_tutorials/install/action_interfaces_tutorials/include/action_interfaces_tutorials/action/detail/fibonacci__struct.h
-- Up-to-date: /home/juniorsundar/ROS_Workspaces/ros2_tutorials/install/action_interfaces_tutorials/include/action_interfaces_tutorials/action/detail/fibonacci__type_support.h
-- Up-to-date: /home/juniorsundar/ROS_Workspaces/ros2_tutorials/install/action_interfaces_tutorials/include/action_interfaces_tutorials/action/fibonacci.h
-- Up-to-date: /home/juniorsundar/ROS_Workspaces/ros2_tutorials/install/action_interfaces_tutorials/include/action_interfaces_tutorials/msg
-- Up-to-date: /home/juniorsundar/ROS_Workspaces/ros2_tutorials/install/action_interfaces_tutorials/include/action_interfaces_tutorials/msg/rosidl_generator_c__visibility_control.h
-- Up-to-date: /home/juniorsundar/ROS_Workspaces/ros2_tutorials/install/action_interfaces_tutorials/share/action_interfaces_tutorials/environment/library_path.sh
-- Up-to-date: /home/juniorsundar/ROS_Workspaces/ros2_tutorials/install/action_interfaces_tutorials/share/action_interfaces_tutorials/environment/library_path.dsv
-- Up-to-date: /home/juniorsundar/ROS_Workspaces/ros2_tutorials/install/action_interfaces_tutorials/lib/libaction_interfaces_tutorials__rosidl_generator_c.so
-- Up-to-date: /home/juniorsundar/ROS_Workspaces/ros2_tutorials/install/action_interfaces_tutorials/include/action_interfaces_tutorials
-- Up-to-date: /home/juniorsundar/ROS_Workspaces/ros2_tutorials/install/action_interfaces_tutorials/include/action_interfaces_tutorials/action
-- Up-to-date: /home/juniorsundar/ROS_Workspaces/ros2_tutorials/install/action_interfaces_tutorials/include/action_interfaces_tutorials/action/detail
-- Up-to-date: /home/juniorsundar/ROS_Workspaces/ros2_tutorials/install/action_interfaces_tutorials/include/action_interfaces_tutorials/action/detail/fibonacci__rosidl_typesupport_fastrtps_c.h
-- Up-to-date: /home/juniorsundar/ROS_Workspaces/ros2_tutorials/install/action_interfaces_tutorials/include/action_interfaces_tutorials/msg
-- Up-to-date: /home/juniorsundar/ROS_Workspaces/ros2_tutorials/install/action_interfaces_tutorials/include/action_interfaces_tutorials/msg/rosidl_typesupport_fastrtps_c__visibility_control.h
-- Up-to-date: /home/juniorsundar/ROS_Workspaces/ros2_tutorials/install/action_interfaces_tutorials/lib/libaction_interfaces_tutorials__rosidl_typesupport_fastrtps_c.so
-- Up-to-date: /home/juniorsundar/ROS_Workspaces/ros2_tutorials/install/action_interfaces_tutorials/include/action_interfaces_tutorials
-- Up-to-date: /home/juniorsundar/ROS_Workspaces/ros2_tutorials/install/action_interfaces_tutorials/include/action_interfaces_tutorials/action
-- Up-to-date: /home/juniorsundar/ROS_Workspaces/ros2_tutorials/install/action_interfaces_tutorials/include/action_interfaces_tutorials/action/detail
-- Up-to-date: /home/juniorsundar/ROS_Workspaces/ros2_tutorials/install/action_interfaces_tutorials/include/action_interfaces_tutorials/action/detail/fibonacci__rosidl_typesupport_fastrtps_cpp.hpp
-- Up-to-date: /home/juniorsundar/ROS_Workspaces/ros2_tutorials/install/action_interfaces_tutorials/include/action_interfaces_tutorials/action/detail/dds_fastrtps
-- Up-to-date: /home/juniorsundar/ROS_Workspaces/ros2_tutorials/install/action_interfaces_tutorials/include/action_interfaces_tutorials/msg
-- Up-to-date: /home/juniorsundar/ROS_Workspaces/ros2_tutorials/install/action_interfaces_tutorials/include/action_interfaces_tutorials/msg/rosidl_typesupport_fastrtps_cpp__visibility_control.h
-- Up-to-date: /home/juniorsundar/ROS_Workspaces/ros2_tutorials/install/action_interfaces_tutorials/lib/libaction_interfaces_tutorials__rosidl_typesupport_fastrtps_cpp.so
-- Up-to-date: /home/juniorsundar/ROS_Workspaces/ros2_tutorials/install/action_interfaces_tutorials/include/action_interfaces_tutorials
-- Up-to-date: /home/juniorsundar/ROS_Workspaces/ros2_tutorials/install/action_interfaces_tutorials/include/action_interfaces_tutorials/action
-- Up-to-date: /home/juniorsundar/ROS_Workspaces/ros2_tutorials/install/action_interfaces_tutorials/include/action_interfaces_tutorials/action/detail
-- Up-to-date: /home/juniorsundar/ROS_Workspaces/ros2_tutorials/install/action_interfaces_tutorials/include/action_interfaces_tutorials/action/detail/fibonacci__rosidl_typesupport_introspection_c.h
-- Up-to-date: /home/juniorsundar/ROS_Workspaces/ros2_tutorials/install/action_interfaces_tutorials/include/action_interfaces_tutorials/action/detail/fibonacci__type_support.c
-- Up-to-date: /home/juniorsundar/ROS_Workspaces/ros2_tutorials/install/action_interfaces_tutorials/include/action_interfaces_tutorials/msg
-- Up-to-date: /home/juniorsundar/ROS_Workspaces/ros2_tutorials/install/action_interfaces_tutorials/include/action_interfaces_tutorials/msg/rosidl_typesupport_introspection_c__visibility_control.h
-- Up-to-date: /home/juniorsundar/ROS_Workspaces/ros2_tutorials/install/action_interfaces_tutorials/lib/libaction_interfaces_tutorials__rosidl_typesupport_introspection_c.so
-- Up-to-date: /home/juniorsundar/ROS_Workspaces/ros2_tutorials/install/action_interfaces_tutorials/lib/libaction_interfaces_tutorials__rosidl_typesupport_c.so
-- Up-to-date: /home/juniorsundar/ROS_Workspaces/ros2_tutorials/install/action_interfaces_tutorials/include/action_interfaces_tutorials
-- Up-to-date: /home/juniorsundar/ROS_Workspaces/ros2_tutorials/install/action_interfaces_tutorials/include/action_interfaces_tutorials/action
-- Up-to-date: /home/juniorsundar/ROS_Workspaces/ros2_tutorials/install/action_interfaces_tutorials/include/action_interfaces_tutorials/action/detail
-- Up-to-date: /home/juniorsundar/ROS_Workspaces/ros2_tutorials/install/action_interfaces_tutorials/include/action_interfaces_tutorials/action/detail/fibonacci__traits.hpp
-- Up-to-date: /home/juniorsundar/ROS_Workspaces/ros2_tutorials/install/action_interfaces_tutorials/include/action_interfaces_tutorials/action/detail/fibonacci__struct.hpp
-- Up-to-date: /home/juniorsundar/ROS_Workspaces/ros2_tutorials/install/action_interfaces_tutorials/include/action_interfaces_tutorials/action/detail/fibonacci__builder.hpp
-- Up-to-date: /home/juniorsundar/ROS_Workspaces/ros2_tutorials/install/action_interfaces_tutorials/include/action_interfaces_tutorials/action/fibonacci.hpp
-- Up-to-date: /home/juniorsundar/ROS_Workspaces/ros2_tutorials/install/action_interfaces_tutorials/include/action_interfaces_tutorials
-- Up-to-date: /home/juniorsundar/ROS_Workspaces/ros2_tutorials/install/action_interfaces_tutorials/include/action_interfaces_tutorials/action
-- Up-to-date: /home/juniorsundar/ROS_Workspaces/ros2_tutorials/install/action_interfaces_tutorials/include/action_interfaces_tutorials/action/detail
-- Up-to-date: /home/juniorsundar/ROS_Workspaces/ros2_tutorials/install/action_interfaces_tutorials/include/action_interfaces_tutorials/action/detail/fibonacci__type_support.cpp
-- Up-to-date: /home/juniorsundar/ROS_Workspaces/ros2_tutorials/install/action_interfaces_tutorials/include/action_interfaces_tutorials/action/detail/fibonacci__rosidl_typesupport_introspection_cpp.hpp
-- Up-to-date: /home/juniorsundar/ROS_Workspaces/ros2_tutorials/install/action_interfaces_tutorials/lib/libaction_interfaces_tutorials__rosidl_typesupport_introspection_cpp.so
-- Up-to-date: /home/juniorsundar/ROS_Workspaces/ros2_tutorials/install/action_interfaces_tutorials/lib/libaction_interfaces_tutorials__rosidl_typesupport_cpp.so
-- Up-to-date: /home/juniorsundar/ROS_Workspaces/ros2_tutorials/install/action_interfaces_tutorials/share/action_interfaces_tutorials/environment/pythonpath.sh
-- Up-to-date: /home/juniorsundar/ROS_Workspaces/ros2_tutorials/install/action_interfaces_tutorials/share/action_interfaces_tutorials/environment/pythonpath.dsv
-- Up-to-date: /home/juniorsundar/ROS_Workspaces/ros2_tutorials/install/action_interfaces_tutorials/lib/python3.8/site-packages/action_interfaces_tutorials/__init__.py
-- Up-to-date: /home/juniorsundar/ROS_Workspaces/ros2_tutorials/install/action_interfaces_tutorials/lib/python3.8/site-packages/action_interfaces_tutorials/action
-- Up-to-date: /home/juniorsundar/ROS_Workspaces/ros2_tutorials/install/action_interfaces_tutorials/lib/python3.8/site-packages/action_interfaces_tutorials/action/_fibonacci_s.c
-- Up-to-date: /home/juniorsundar/ROS_Workspaces/ros2_tutorials/install/action_interfaces_tutorials/lib/python3.8/site-packages/action_interfaces_tutorials/action/_fibonacci.py
-- Up-to-date: /home/juniorsundar/ROS_Workspaces/ros2_tutorials/install/action_interfaces_tutorials/lib/python3.8/site-packages/action_interfaces_tutorials/action/__init__.py
-- Up-to-date: /home/juniorsundar/ROS_Workspaces/ros2_tutorials/install/action_interfaces_tutorials/lib/python3.8/site-packages/action_interfaces_tutorials/action_interfaces_tutorials_s__rosidl_typesupport_fastrtps_c.cpython-38-x86_64-linux-gnu.so
-- Up-to-date: /home/juniorsundar/ROS_Workspaces/ros2_tutorials/install/action_interfaces_tutorials/lib/python3.8/site-packages/action_interfaces_tutorials/action_interfaces_tutorials_s__rosidl_typesupport_introspection_c.cpython-38-x86_64-linux-gnu.so
-- Up-to-date: /home/juniorsundar/ROS_Workspaces/ros2_tutorials/install/action_interfaces_tutorials/lib/python3.8/site-packages/action_interfaces_tutorials/action_interfaces_tutorials_s__rosidl_typesupport_c.cpython-38-x86_64-linux-gnu.so
-- Up-to-date: /home/juniorsundar/ROS_Workspaces/ros2_tutorials/install/action_interfaces_tutorials/lib/libaction_interfaces_tutorials__python.so
-- Up-to-date: /home/juniorsundar/ROS_Workspaces/ros2_tutorials/install/action_interfaces_tutorials/share/action_interfaces_tutorials/action/Fibonacci.idl
-- Up-to-date: /home/juniorsundar/ROS_Workspaces/ros2_tutorials/install/action_interfaces_tutorials/share/action_interfaces_tutorials/action/Fibonacci.action
-- Up-to-date: /home/juniorsundar/ROS_Workspaces/ros2_tutorials/install/action_interfaces_tutorials/share/ament_index/resource_index/package_run_dependencies/action_interfaces_tutorials
-- Up-to-date: /home/juniorsundar/ROS_Workspaces/ros2_tutorials/install/action_interfaces_tutorials/share/ament_index/resource_index/parent_prefix_path/action_interfaces_tutorials
-- Up-to-date: /home/juniorsundar/ROS_Workspaces/ros2_tutorials/install/action_interfaces_tutorials/share/action_interfaces_tutorials/environment/ament_prefix_path.sh
-- Up-to-date: /home/juniorsundar/ROS_Workspaces/ros2_tutorials/install/action_interfaces_tutorials/share/action_interfaces_tutorials/environment/ament_prefix_path.dsv
-- Up-to-date: /home/juniorsundar/ROS_Workspaces/ros2_tutorials/install/action_interfaces_tutorials/share/action_interfaces_tutorials/environment/path.sh
-- Up-to-date: /home/juniorsundar/ROS_Workspaces/ros2_tutorials/install/action_interfaces_tutorials/share/action_interfaces_tutorials/environment/path.dsv
-- Up-to-date: /home/juniorsundar/ROS_Workspaces/ros2_tutorials/install/action_interfaces_tutorials/share/action_interfaces_tutorials/local_setup.bash
-- Up-to-date: /home/juniorsundar/ROS_Workspaces/ros2_tutorials/install/action_interfaces_tutorials/share/action_interfaces_tutorials/local_setup.sh
-- Up-to-date: /home/juniorsundar/ROS_Workspaces/ros2_tutorials/install/action_interfaces_tutorials/share/action_interfaces_tutorials/local_setup.zsh
-- Up-to-date: /home/juniorsundar/ROS_Workspaces/ros2_tutorials/install/action_interfaces_tutorials/share/action_interfaces_tutorials/local_setup.dsv
-- Installing: /home/juniorsundar/ROS_Workspaces/ros2_tutorials/install/action_interfaces_tutorials/share/action_interfaces_tutorials/package.dsv
-- Up-to-date: /home/juniorsundar/ROS_Workspaces/ros2_tutorials/install/action_interfaces_tutorials/share/ament_index/resource_index/packages/action_interfaces_tutorials
-- Up-to-date: /home/juniorsundar/ROS_Workspaces/ros2_tutorials/install/action_interfaces_tutorials/share/action_interfaces_tutorials/cmake/action_interfaces_tutorials__rosidl_generator_cExport.cmake
-- Up-to-date: /home/juniorsundar/ROS_Workspaces/ros2_tutorials/install/action_interfaces_tutorials/share/action_interfaces_tutorials/cmake/action_interfaces_tutorials__rosidl_generator_cExport-noconfig.cmake
-- Up-to-date: /home/juniorsundar/ROS_Workspaces/ros2_tutorials/install/action_interfaces_tutorials/share/action_interfaces_tutorials/cmake/action_interfaces_tutorials__rosidl_typesupport_introspection_cExport.cmake
-- Up-to-date: /home/juniorsundar/ROS_Workspaces/ros2_tutorials/install/action_interfaces_tutorials/share/action_interfaces_tutorials/cmake/action_interfaces_tutorials__rosidl_typesupport_introspection_cExport-noconfig.cmake
-- Up-to-date: /home/juniorsundar/ROS_Workspaces/ros2_tutorials/install/action_interfaces_tutorials/share/action_interfaces_tutorials/cmake/action_interfaces_tutorials__rosidl_typesupport_cExport.cmake
-- Up-to-date: /home/juniorsundar/ROS_Workspaces/ros2_tutorials/install/action_interfaces_tutorials/share/action_interfaces_tutorials/cmake/action_interfaces_tutorials__rosidl_typesupport_cExport-noconfig.cmake
-- Up-to-date: /home/juniorsundar/ROS_Workspaces/ros2_tutorials/install/action_interfaces_tutorials/share/action_interfaces_tutorials/cmake/action_interfaces_tutorials__rosidl_generator_cppExport.cmake
-- Up-to-date: /home/juniorsundar/ROS_Workspaces/ros2_tutorials/install/action_interfaces_tutorials/share/action_interfaces_tutorials/cmake/action_interfaces_tutorials__rosidl_typesupport_introspection_cppExport.cmake
-- Up-to-date: /home/juniorsundar/ROS_Workspaces/ros2_tutorials/install/action_interfaces_tutorials/share/action_interfaces_tutorials/cmake/action_interfaces_tutorials__rosidl_typesupport_introspection_cppExport-noconfig.cmake
-- Up-to-date: /home/juniorsundar/ROS_Workspaces/ros2_tutorials/install/action_interfaces_tutorials/share/action_interfaces_tutorials/cmake/action_interfaces_tutorials__rosidl_typesupport_cppExport.cmake
-- Up-to-date: /home/juniorsundar/ROS_Workspaces/ros2_tutorials/install/action_interfaces_tutorials/share/action_interfaces_tutorials/cmake/action_interfaces_tutorials__rosidl_typesupport_cppExport-noconfig.cmake
-- Up-to-date: /home/juniorsundar/ROS_Workspaces/ros2_tutorials/install/action_interfaces_tutorials/share/action_interfaces_tutorials/cmake/rosidl_cmake-extras.cmake
-- Up-to-date: /home/juniorsundar/ROS_Workspaces/ros2_tutorials/install/action_interfaces_tutorials/share/action_interfaces_tutorials/cmake/ament_cmake_export_dependencies-extras.cmake
-- Up-to-date: /home/juniorsundar/ROS_Workspaces/ros2_tutorials/install/action_interfaces_tutorials/share/action_interfaces_tutorials/cmake/ament_cmake_export_libraries-extras.cmake
-- Up-to-date: /home/juniorsundar/ROS_Workspaces/ros2_tutorials/install/action_interfaces_tutorials/share/action_interfaces_tutorials/cmake/ament_cmake_export_targets-extras.cmake
-- Up-to-date: /home/juniorsundar/ROS_Workspaces/ros2_tutorials/install/action_interfaces_tutorials/share/action_interfaces_tutorials/cmake/ament_cmake_export_include_directories-extras.cmake
-- Up-to-date: /home/juniorsundar/ROS_Workspaces/ros2_tutorials/install/action_interfaces_tutorials/share/action_interfaces_tutorials/cmake/rosidl_cmake_export_typesupport_libraries-extras.cmake
-- Up-to-date: /home/juniorsundar/ROS_Workspaces/ros2_tutorials/install/action_interfaces_tutorials/share/action_interfaces_tutorials/cmake/rosidl_cmake_export_typesupport_targets-extras.cmake
-- Up-to-date: /home/juniorsundar/ROS_Workspaces/ros2_tutorials/install/action_interfaces_tutorials/share/action_interfaces_tutorials/cmake/action_interfaces_tutorialsConfig.cmake
-- Up-to-date: /home/juniorsundar/ROS_Workspaces/ros2_tutorials/install/action_interfaces_tutorials/share/action_interfaces_tutorials/cmake/action_interfaces_tutorialsConfig-version.cmake
-- Up-to-date: /home/juniorsundar/ROS_Workspaces/ros2_tutorials/install/action_interfaces_tutorials/share/action_interfaces_tutorials/package.xml
