[0.102s] Invoking command in '/home/juniorsundar/ROS_Workspaces/ros2_tutorials/build/action_interfaces_tutorials': CMAKE_PREFIX_PATH=${CMAKE_PREFIX_PATH}:/home/juniorsundar/ROS_Workspaces/ros2_tutorials/install/py_pubsub:/home/juniorsundar/ROS_Workspaces/ros2_tutorials/install/learning_tf2_py:/home/juniorsundar/ROS_Workspaces/ros2_tutorials/install/launch_tutorial:/home/juniorsundar/ROS_Workspaces/ros2_tutorials/install/action_py_tutorials:/opt/ros/foxy /home/juniorsundar/.local/bin/cmake --build /home/juniorsundar/ROS_Workspaces/ros2_tutorials/build/action_interfaces_tutorials -- -j16 -l16
[0.902s] [  3%] Built target action_interfaces_tutorials__cpp
[0.903s] [35m[1mConsolidate compiler generated dependencies of target action_interfaces_tutorials__rosidl_generator_c[0m
[0.903s] [35m[1mConsolidate compiler generated dependencies of target action_interfaces_tutorials__rosidl_typesupport_cpp[0m
[0.903s] [35m[1mConsolidate compiler generated dependencies of target action_interfaces_tutorials__rosidl_typesupport_introspection_cpp[0m
[0.904s] [35m[1mConsolidate compiler generated dependencies of target action_interfaces_tutorials__rosidl_typesupport_fastrtps_cpp[0m
[0.904s] [ 12%] Built target action_interfaces_tutorials__rosidl_generator_c
[0.904s] [ 22%] Built target action_interfaces_tutorials__rosidl_typesupport_cpp
[0.905s] [ 32%] Built target action_interfaces_tutorials__rosidl_typesupport_introspection_cpp
[0.905s] [35m[1mConsolidate compiler generated dependencies of target action_interfaces_tutorials__rosidl_typesupport_c[0m
[0.906s] [35m[1mConsolidate compiler generated dependencies of target action_interfaces_tutorials__rosidl_typesupport_introspection_c[0m
[0.906s] [ 41%] Built target action_interfaces_tutorials__rosidl_typesupport_fastrtps_cpp
[0.906s] [ 51%] Built target action_interfaces_tutorials__rosidl_typesupport_c
[0.907s] [ 61%] Built target action_interfaces_tutorials__rosidl_typesupport_introspection_c
[0.907s] [35m[1mConsolidate compiler generated dependencies of target action_interfaces_tutorials__rosidl_typesupport_fastrtps_c[0m
[0.908s] [ 70%] Built target action_interfaces_tutorials__rosidl_typesupport_fastrtps_c
[0.908s] [ 70%] Built target action_interfaces_tutorials
[0.908s] [ 74%] Built target action_interfaces_tutorials__py
[0.909s] [35m[1mConsolidate compiler generated dependencies of target action_interfaces_tutorials__python[0m
[0.909s] [ 80%] Built target action_interfaces_tutorials__python
[0.910s] [35m[1mConsolidate compiler generated dependencies of target action_interfaces_tutorials__rosidl_typesupport_introspection_c__pyext[0m
[0.910s] [35m[1mConsolidate compiler generated dependencies of target action_interfaces_tutorials__rosidl_typesupport_fastrtps_c__pyext[0m
[0.911s] [35m[1mConsolidate compiler generated dependencies of target action_interfaces_tutorials__rosidl_typesupport_c__pyext[0m
[0.911s] [ 87%] Built target action_interfaces_tutorials__rosidl_typesupport_introspection_c__pyext
[0.912s] [ 93%] Built target action_interfaces_tutorials__rosidl_typesupport_c__pyext
[0.912s] [100%] Built target action_interfaces_tutorials__rosidl_typesupport_fastrtps_c__pyext
[0.925s] Invoked command in '/home/juniorsundar/ROS_Workspaces/ros2_tutorials/build/action_interfaces_tutorials' returned '0': CMAKE_PREFIX_PATH=${CMAKE_PREFIX_PATH}:/home/juniorsundar/ROS_Workspaces/ros2_tutorials/install/py_pubsub:/home/juniorsundar/ROS_Workspaces/ros2_tutorials/install/learning_tf2_py:/home/juniorsundar/ROS_Workspaces/ros2_tutorials/install/launch_tutorial:/home/juniorsundar/ROS_Workspaces/ros2_tutorials/install/action_py_tutorials:/opt/ros/foxy /home/juniorsundar/.local/bin/cmake --build /home/juniorsundar/ROS_Workspaces/ros2_tutorials/build/action_interfaces_tutorials -- -j16 -l16
[0.942s] Invoking command in '/home/juniorsundar/ROS_Workspaces/ros2_tutorials/build/action_interfaces_tutorials': CMAKE_PREFIX_PATH=${CMAKE_PREFIX_PATH}:/home/juniorsundar/ROS_Workspaces/ros2_tutorials/install/py_pubsub:/home/juniorsundar/ROS_Workspaces/ros2_tutorials/install/learning_tf2_py:/home/juniorsundar/ROS_Workspaces/ros2_tutorials/install/launch_tutorial:/home/juniorsundar/ROS_Workspaces/ros2_tutorials/install/action_py_tutorials:/opt/ros/foxy /home/juniorsundar/.local/bin/cmake --install /home/juniorsundar/ROS_Workspaces/ros2_tutorials/build/action_interfaces_tutorials
[0.946s] -- Install configuration: ""
[0.947s] -- Up-to-date: /home/juniorsundar/ROS_Workspaces/ros2_tutorials/install/action_interfaces_tutorials/share/ament_index/resource_index/rosidl_interfaces/action_interfaces_tutorials
[0.947s] -- Up-to-date: /home/juniorsundar/ROS_Workspaces/ros2_tutorials/install/action_interfaces_tutorials/include/action_interfaces_tutorials
[0.947s] -- Up-to-date: /home/juniorsundar/ROS_Workspaces/ros2_tutorials/install/action_interfaces_tutorials/include/action_interfaces_tutorials/action
[0.948s] -- Up-to-date: /home/juniorsundar/ROS_Workspaces/ros2_tutorials/install/action_interfaces_tutorials/include/action_interfaces_tutorials/action/detail
[0.948s] -- Up-to-date: /home/juniorsundar/ROS_Workspaces/ros2_tutorials/install/action_interfaces_tutorials/include/action_interfaces_tutorials/action/detail/fibonacci__functions.h
[0.948s] -- Up-to-date: /home/juniorsundar/ROS_Workspaces/ros2_tutorials/install/action_interfaces_tutorials/include/action_interfaces_tutorials/action/detail/fibonacci__functions.c
[0.948s] -- Up-to-date: /home/juniorsundar/ROS_Workspaces/ros2_tutorials/install/action_interfaces_tutorials/include/action_interfaces_tutorials/action/detail/fibonacci__struct.h
[0.948s] -- Up-to-date: /home/juniorsundar/ROS_Workspaces/ros2_tutorials/install/action_interfaces_tutorials/include/action_interfaces_tutorials/action/detail/fibonacci__type_support.h
[0.948s] -- Up-to-date: /home/juniorsundar/ROS_Workspaces/ros2_tutorials/install/action_interfaces_tutorials/include/action_interfaces_tutorials/action/fibonacci.h
[0.948s] -- Up-to-date: /home/juniorsundar/ROS_Workspaces/ros2_tutorials/install/action_interfaces_tutorials/include/action_interfaces_tutorials/msg
[0.948s] -- Up-to-date: /home/juniorsundar/ROS_Workspaces/ros2_tutorials/install/action_interfaces_tutorials/include/action_interfaces_tutorials/msg/rosidl_generator_c__visibility_control.h
[0.948s] -- Up-to-date: /home/juniorsundar/ROS_Workspaces/ros2_tutorials/install/action_interfaces_tutorials/share/action_interfaces_tutorials/environment/library_path.sh
[0.948s] -- Up-to-date: /home/juniorsundar/ROS_Workspaces/ros2_tutorials/install/action_interfaces_tutorials/share/action_interfaces_tutorials/environment/library_path.dsv
[0.948s] -- Up-to-date: /home/juniorsundar/ROS_Workspaces/ros2_tutorials/install/action_interfaces_tutorials/lib/libaction_interfaces_tutorials__rosidl_generator_c.so
[0.949s] -- Up-to-date: /home/juniorsundar/ROS_Workspaces/ros2_tutorials/install/action_interfaces_tutorials/include/action_interfaces_tutorials
[0.949s] -- Up-to-date: /home/juniorsundar/ROS_Workspaces/ros2_tutorials/install/action_interfaces_tutorials/include/action_interfaces_tutorials/action
[0.949s] -- Up-to-date: /home/juniorsundar/ROS_Workspaces/ros2_tutorials/install/action_interfaces_tutorials/include/action_interfaces_tutorials/action/detail
[0.949s] -- Up-to-date: /home/juniorsundar/ROS_Workspaces/ros2_tutorials/install/action_interfaces_tutorials/include/action_interfaces_tutorials/action/detail/fibonacci__rosidl_typesupport_fastrtps_c.h
[0.949s] -- Up-to-date: /home/juniorsundar/ROS_Workspaces/ros2_tutorials/install/action_interfaces_tutorials/include/action_interfaces_tutorials/msg
[0.949s] -- Up-to-date: /home/juniorsundar/ROS_Workspaces/ros2_tutorials/install/action_interfaces_tutorials/include/action_interfaces_tutorials/msg/rosidl_typesupport_fastrtps_c__visibility_control.h
[0.957s] -- Up-to-date: /home/juniorsundar/ROS_Workspaces/ros2_tutorials/install/action_interfaces_tutorials/lib/libaction_interfaces_tutorials__rosidl_typesupport_fastrtps_c.so
[0.957s] -- Up-to-date: /home/juniorsundar/ROS_Workspaces/ros2_tutorials/install/action_interfaces_tutorials/include/action_interfaces_tutorials
[0.958s] -- Up-to-date: /home/juniorsundar/ROS_Workspaces/ros2_tutorials/install/action_interfaces_tutorials/include/action_interfaces_tutorials/action
[0.958s] -- Up-to-date: /home/juniorsundar/ROS_Workspaces/ros2_tutorials/install/action_interfaces_tutorials/include/action_interfaces_tutorials/action/detail
[0.958s] -- Up-to-date: /home/juniorsundar/ROS_Workspaces/ros2_tutorials/install/action_interfaces_tutorials/include/action_interfaces_tutorials/action/detail/fibonacci__rosidl_typesupport_fastrtps_cpp.hpp
[0.958s] -- Up-to-date: /home/juniorsundar/ROS_Workspaces/ros2_tutorials/install/action_interfaces_tutorials/include/action_interfaces_tutorials/action/detail/dds_fastrtps
[0.958s] -- Up-to-date: /home/juniorsundar/ROS_Workspaces/ros2_tutorials/install/action_interfaces_tutorials/include/action_interfaces_tutorials/msg
[0.958s] -- Up-to-date: /home/juniorsundar/ROS_Workspaces/ros2_tutorials/install/action_interfaces_tutorials/include/action_interfaces_tutorials/msg/rosidl_typesupport_fastrtps_cpp__visibility_control.h
[0.959s] -- Up-to-date: /home/juniorsundar/ROS_Workspaces/ros2_tutorials/install/action_interfaces_tutorials/lib/libaction_interfaces_tutorials__rosidl_typesupport_fastrtps_cpp.so
[0.960s] -- Up-to-date: /home/juniorsundar/ROS_Workspaces/ros2_tutorials/install/action_interfaces_tutorials/include/action_interfaces_tutorials
[0.960s] -- Up-to-date: /home/juniorsundar/ROS_Workspaces/ros2_tutorials/install/action_interfaces_tutorials/include/action_interfaces_tutorials/action
[0.960s] -- Up-to-date: /home/juniorsundar/ROS_Workspaces/ros2_tutorials/install/action_interfaces_tutorials/include/action_interfaces_tutorials/action/detail
[0.960s] -- Up-to-date: /home/juniorsundar/ROS_Workspaces/ros2_tutorials/install/action_interfaces_tutorials/include/action_interfaces_tutorials/action/detail/fibonacci__rosidl_typesupport_introspection_c.h
[0.965s] -- Up-to-date: /home/juniorsundar/ROS_Workspaces/ros2_tutorials/install/action_interfaces_tutorials/include/action_interfaces_tutorials/action/detail/fibonacci__type_support.c
[0.965s] -- Up-to-date: /home/juniorsundar/ROS_Workspaces/ros2_tutorials/install/action_interfaces_tutorials/include/action_interfaces_tutorials/msg
[0.966s] -- Up-to-date: /home/juniorsundar/ROS_Workspaces/ros2_tutorials/install/action_interfaces_tutorials/include/action_interfaces_tutorials/msg/rosidl_typesupport_introspection_c__visibility_control.h
[0.966s] -- Up-to-date: /home/juniorsundar/ROS_Workspaces/ros2_tutorials/install/action_interfaces_tutorials/lib/libaction_interfaces_tutorials__rosidl_typesupport_introspection_c.so
[0.966s] -- Up-to-date: /home/juniorsundar/ROS_Workspaces/ros2_tutorials/install/action_interfaces_tutorials/lib/libaction_interfaces_tutorials__rosidl_typesupport_c.so
[0.966s] -- Up-to-date: /home/juniorsundar/ROS_Workspaces/ros2_tutorials/install/action_interfaces_tutorials/include/action_interfaces_tutorials
[0.966s] -- Up-to-date: /home/juniorsundar/ROS_Workspaces/ros2_tutorials/install/action_interfaces_tutorials/include/action_interfaces_tutorials/action
[0.967s] -- Up-to-date: /home/juniorsundar/ROS_Workspaces/ros2_tutorials/install/action_interfaces_tutorials/include/action_interfaces_tutorials/action/detail
[0.967s] -- Up-to-date: /home/juniorsundar/ROS_Workspaces/ros2_tutorials/install/action_interfaces_tutorials/include/action_interfaces_tutorials/action/detail/fibonacci__traits.hpp
[0.967s] -- Up-to-date: /home/juniorsundar/ROS_Workspaces/ros2_tutorials/install/action_interfaces_tutorials/include/action_interfaces_tutorials/action/detail/fibonacci__struct.hpp
[0.967s] -- Up-to-date: /home/juniorsundar/ROS_Workspaces/ros2_tutorials/install/action_interfaces_tutorials/include/action_interfaces_tutorials/action/detail/fibonacci__builder.hpp
[0.967s] -- Up-to-date: /home/juniorsundar/ROS_Workspaces/ros2_tutorials/install/action_interfaces_tutorials/include/action_interfaces_tutorials/action/fibonacci.hpp
[0.968s] -- Up-to-date: /home/juniorsundar/ROS_Workspaces/ros2_tutorials/install/action_interfaces_tutorials/include/action_interfaces_tutorials
[0.968s] -- Up-to-date: /home/juniorsundar/ROS_Workspaces/ros2_tutorials/install/action_interfaces_tutorials/include/action_interfaces_tutorials/action
[0.973s] -- Up-to-date: /home/juniorsundar/ROS_Workspaces/ros2_tutorials/install/action_interfaces_tutorials/include/action_interfaces_tutorials/action/detail
[0.973s] -- Up-to-date: /home/juniorsundar/ROS_Workspaces/ros2_tutorials/install/action_interfaces_tutorials/include/action_interfaces_tutorials/action/detail/fibonacci__type_support.cpp
[0.973s] -- Up-to-date: /home/juniorsundar/ROS_Workspaces/ros2_tutorials/install/action_interfaces_tutorials/include/action_interfaces_tutorials/action/detail/fibonacci__rosidl_typesupport_introspection_cpp.hpp
[0.973s] -- Up-to-date: /home/juniorsundar/ROS_Workspaces/ros2_tutorials/install/action_interfaces_tutorials/lib/libaction_interfaces_tutorials__rosidl_typesupport_introspection_cpp.so
[0.973s] -- Up-to-date: /home/juniorsundar/ROS_Workspaces/ros2_tutorials/install/action_interfaces_tutorials/lib/libaction_interfaces_tutorials__rosidl_typesupport_cpp.so
[0.973s] -- Up-to-date: /home/juniorsundar/ROS_Workspaces/ros2_tutorials/install/action_interfaces_tutorials/share/action_interfaces_tutorials/environment/pythonpath.sh
[0.973s] -- Up-to-date: /home/juniorsundar/ROS_Workspaces/ros2_tutorials/install/action_interfaces_tutorials/share/action_interfaces_tutorials/environment/pythonpath.dsv
[0.974s] -- Up-to-date: /home/juniorsundar/ROS_Workspaces/ros2_tutorials/install/action_interfaces_tutorials/lib/python3.8/site-packages/action_interfaces_tutorials/__init__.py
[0.977s] -- Up-to-date: /home/juniorsundar/ROS_Workspaces/ros2_tutorials/install/action_interfaces_tutorials/lib/python3.8/site-packages/action_interfaces_tutorials/action
[0.977s] -- Up-to-date: /home/juniorsundar/ROS_Workspaces/ros2_tutorials/install/action_interfaces_tutorials/lib/python3.8/site-packages/action_interfaces_tutorials/action/_fibonacci_s.c
[0.977s] -- Up-to-date: /home/juniorsundar/ROS_Workspaces/ros2_tutorials/install/action_interfaces_tutorials/lib/python3.8/site-packages/action_interfaces_tutorials/action/_fibonacci.py
[0.977s] -- Up-to-date: /home/juniorsundar/ROS_Workspaces/ros2_tutorials/install/action_interfaces_tutorials/lib/python3.8/site-packages/action_interfaces_tutorials/action/__init__.py
[0.978s] -- Up-to-date: /home/juniorsundar/ROS_Workspaces/ros2_tutorials/install/action_interfaces_tutorials/lib/python3.8/site-packages/action_interfaces_tutorials/action_interfaces_tutorials_s__rosidl_typesupport_fastrtps_c.cpython-38-x86_64-linux-gnu.so
[0.978s] -- Up-to-date: /home/juniorsundar/ROS_Workspaces/ros2_tutorials/install/action_interfaces_tutorials/lib/python3.8/site-packages/action_interfaces_tutorials/action_interfaces_tutorials_s__rosidl_typesupport_introspection_c.cpython-38-x86_64-linux-gnu.so
[0.978s] -- Up-to-date: /home/juniorsundar/ROS_Workspaces/ros2_tutorials/install/action_interfaces_tutorials/lib/python3.8/site-packages/action_interfaces_tutorials/action_interfaces_tutorials_s__rosidl_typesupport_c.cpython-38-x86_64-linux-gnu.so
[0.978s] -- Up-to-date: /home/juniorsundar/ROS_Workspaces/ros2_tutorials/install/action_interfaces_tutorials/lib/libaction_interfaces_tutorials__python.so
[0.978s] -- Up-to-date: /home/juniorsundar/ROS_Workspaces/ros2_tutorials/install/action_interfaces_tutorials/share/action_interfaces_tutorials/action/Fibonacci.idl
[0.978s] -- Up-to-date: /home/juniorsundar/ROS_Workspaces/ros2_tutorials/install/action_interfaces_tutorials/share/action_interfaces_tutorials/action/Fibonacci.action
[0.978s] -- Up-to-date: /home/juniorsundar/ROS_Workspaces/ros2_tutorials/install/action_interfaces_tutorials/share/ament_index/resource_index/package_run_dependencies/action_interfaces_tutorials
[0.979s] -- Up-to-date: /home/juniorsundar/ROS_Workspaces/ros2_tutorials/install/action_interfaces_tutorials/share/ament_index/resource_index/parent_prefix_path/action_interfaces_tutorials
[0.979s] -- Up-to-date: /home/juniorsundar/ROS_Workspaces/ros2_tutorials/install/action_interfaces_tutorials/share/action_interfaces_tutorials/environment/ament_prefix_path.sh
[0.979s] -- Up-to-date: /home/juniorsundar/ROS_Workspaces/ros2_tutorials/install/action_interfaces_tutorials/share/action_interfaces_tutorials/environment/ament_prefix_path.dsv
[0.979s] -- Up-to-date: /home/juniorsundar/ROS_Workspaces/ros2_tutorials/install/action_interfaces_tutorials/share/action_interfaces_tutorials/environment/path.sh
[0.979s] -- Up-to-date: /home/juniorsundar/ROS_Workspaces/ros2_tutorials/install/action_interfaces_tutorials/share/action_interfaces_tutorials/environment/path.dsv
[0.979s] -- Up-to-date: /home/juniorsundar/ROS_Workspaces/ros2_tutorials/install/action_interfaces_tutorials/share/action_interfaces_tutorials/local_setup.bash
[0.980s] -- Up-to-date: /home/juniorsundar/ROS_Workspaces/ros2_tutorials/install/action_interfaces_tutorials/share/action_interfaces_tutorials/local_setup.sh
[0.981s] -- Up-to-date: /home/juniorsundar/ROS_Workspaces/ros2_tutorials/install/action_interfaces_tutorials/share/action_interfaces_tutorials/local_setup.zsh
[0.982s] -- Up-to-date: /home/juniorsundar/ROS_Workspaces/ros2_tutorials/install/action_interfaces_tutorials/share/action_interfaces_tutorials/local_setup.dsv
[0.982s] -- Installing: /home/juniorsundar/ROS_Workspaces/ros2_tutorials/install/action_interfaces_tutorials/share/action_interfaces_tutorials/package.dsv
[0.982s] -- Up-to-date: /home/juniorsundar/ROS_Workspaces/ros2_tutorials/install/action_interfaces_tutorials/share/ament_index/resource_index/packages/action_interfaces_tutorials
[0.983s] -- Up-to-date: /home/juniorsundar/ROS_Workspaces/ros2_tutorials/install/action_interfaces_tutorials/share/action_interfaces_tutorials/cmake/action_interfaces_tutorials__rosidl_generator_cExport.cmake
[0.984s] -- Up-to-date: /home/juniorsundar/ROS_Workspaces/ros2_tutorials/install/action_interfaces_tutorials/share/action_interfaces_tutorials/cmake/action_interfaces_tutorials__rosidl_generator_cExport-noconfig.cmake
[0.984s] -- Up-to-date: /home/juniorsundar/ROS_Workspaces/ros2_tutorials/install/action_interfaces_tutorials/share/action_interfaces_tutorials/cmake/action_interfaces_tutorials__rosidl_typesupport_introspection_cExport.cmake
[0.985s] -- Up-to-date: /home/juniorsundar/ROS_Workspaces/ros2_tutorials/install/action_interfaces_tutorials/share/action_interfaces_tutorials/cmake/action_interfaces_tutorials__rosidl_typesupport_introspection_cExport-noconfig.cmake
[0.985s] -- Up-to-date: /home/juniorsundar/ROS_Workspaces/ros2_tutorials/install/action_interfaces_tutorials/share/action_interfaces_tutorials/cmake/action_interfaces_tutorials__rosidl_typesupport_cExport.cmake
[0.985s] -- Up-to-date: /home/juniorsundar/ROS_Workspaces/ros2_tutorials/install/action_interfaces_tutorials/share/action_interfaces_tutorials/cmake/action_interfaces_tutorials__rosidl_typesupport_cExport-noconfig.cmake
[0.986s] -- Up-to-date: /home/juniorsundar/ROS_Workspaces/ros2_tutorials/install/action_interfaces_tutorials/share/action_interfaces_tutorials/cmake/action_interfaces_tutorials__rosidl_generator_cppExport.cmake
[0.993s] -- Up-to-date: /home/juniorsundar/ROS_Workspaces/ros2_tutorials/install/action_interfaces_tutorials/share/action_interfaces_tutorials/cmake/action_interfaces_tutorials__rosidl_typesupport_introspection_cppExport.cmake
[0.994s] -- Up-to-date: /home/juniorsundar/ROS_Workspaces/ros2_tutorials/install/action_interfaces_tutorials/share/action_interfaces_tutorials/cmake/action_interfaces_tutorials__rosidl_typesupport_introspection_cppExport-noconfig.cmake
[0.994s] -- Up-to-date: /home/juniorsundar/ROS_Workspaces/ros2_tutorials/install/action_interfaces_tutorials/share/action_interfaces_tutorials/cmake/action_interfaces_tutorials__rosidl_typesupport_cppExport.cmake
[0.994s] -- Up-to-date: /home/juniorsundar/ROS_Workspaces/ros2_tutorials/install/action_interfaces_tutorials/share/action_interfaces_tutorials/cmake/action_interfaces_tutorials__rosidl_typesupport_cppExport-noconfig.cmake
[0.994s] -- Up-to-date: /home/juniorsundar/ROS_Workspaces/ros2_tutorials/install/action_interfaces_tutorials/share/action_interfaces_tutorials/cmake/rosidl_cmake-extras.cmake
[0.994s] -- Up-to-date: /home/juniorsundar/ROS_Workspaces/ros2_tutorials/install/action_interfaces_tutorials/share/action_interfaces_tutorials/cmake/ament_cmake_export_dependencies-extras.cmake
[0.994s] -- Up-to-date: /home/juniorsundar/ROS_Workspaces/ros2_tutorials/install/action_interfaces_tutorials/share/action_interfaces_tutorials/cmake/ament_cmake_export_libraries-extras.cmake
[0.994s] -- Up-to-date: /home/juniorsundar/ROS_Workspaces/ros2_tutorials/install/action_interfaces_tutorials/share/action_interfaces_tutorials/cmake/ament_cmake_export_targets-extras.cmake
[0.995s] -- Up-to-date: /home/juniorsundar/ROS_Workspaces/ros2_tutorials/install/action_interfaces_tutorials/share/action_interfaces_tutorials/cmake/ament_cmake_export_include_directories-extras.cmake
[0.995s] -- Up-to-date: /home/juniorsundar/ROS_Workspaces/ros2_tutorials/install/action_interfaces_tutorials/share/action_interfaces_tutorials/cmake/rosidl_cmake_export_typesupport_libraries-extras.cmake
[0.995s] -- Up-to-date: /home/juniorsundar/ROS_Workspaces/ros2_tutorials/install/action_interfaces_tutorials/share/action_interfaces_tutorials/cmake/rosidl_cmake_export_typesupport_targets-extras.cmake
[0.995s] -- Up-to-date: /home/juniorsundar/ROS_Workspaces/ros2_tutorials/install/action_interfaces_tutorials/share/action_interfaces_tutorials/cmake/action_interfaces_tutorialsConfig.cmake
[0.995s] -- Up-to-date: /home/juniorsundar/ROS_Workspaces/ros2_tutorials/install/action_interfaces_tutorials/share/action_interfaces_tutorials/cmake/action_interfaces_tutorialsConfig-version.cmake
[0.995s] -- Up-to-date: /home/juniorsundar/ROS_Workspaces/ros2_tutorials/install/action_interfaces_tutorials/share/action_interfaces_tutorials/package.xml
[1.050s] Invoked command in '/home/juniorsundar/ROS_Workspaces/ros2_tutorials/build/action_interfaces_tutorials' returned '0': CMAKE_PREFIX_PATH=${CMAKE_PREFIX_PATH}:/home/juniorsundar/ROS_Workspaces/ros2_tutorials/install/py_pubsub:/home/juniorsundar/ROS_Workspaces/ros2_tutorials/install/learning_tf2_py:/home/juniorsundar/ROS_Workspaces/ros2_tutorials/install/launch_tutorial:/home/juniorsundar/ROS_Workspaces/ros2_tutorials/install/action_py_tutorials:/opt/ros/foxy /home/juniorsundar/.local/bin/cmake --install /home/juniorsundar/ROS_Workspaces/ros2_tutorials/build/action_interfaces_tutorials
