[0.761s] Invoking command in '/home/juniorsundar/ROS_Workspaces/ros2_tutorials/build/urdf_tutorial': CMAKE_PREFIX_PATH=${CMAKE_PREFIX_PATH}:/home/juniorsundar/ROS_Workspaces/ros2_tutorials/install/py_pubsub:/home/juniorsundar/ROS_Workspaces/ros2_tutorials/install/learning_tf2_py:/home/juniorsundar/ROS_Workspaces/ros2_tutorials/install/launch_tutorial:/home/juniorsundar/ROS_Workspaces/ros2_tutorials/install/action_py_tutorials:/opt/ros/foxy /home/juniorsundar/.local/bin/cmake --build /home/juniorsundar/ROS_Workspaces/ros2_tutorials/build/urdf_tutorial -- -j16 -l16
[0.780s] Invoked command in '/home/juniorsundar/ROS_Workspaces/ros2_tutorials/build/urdf_tutorial' returned '0': CMAKE_PREFIX_PATH=${CMAKE_PREFIX_PATH}:/home/juniorsundar/ROS_Workspaces/ros2_tutorials/install/py_pubsub:/home/juniorsundar/ROS_Workspaces/ros2_tutorials/install/learning_tf2_py:/home/juniorsundar/ROS_Workspaces/ros2_tutorials/install/launch_tutorial:/home/juniorsundar/ROS_Workspaces/ros2_tutorials/install/action_py_tutorials:/opt/ros/foxy /home/juniorsundar/.local/bin/cmake --build /home/juniorsundar/ROS_Workspaces/ros2_tutorials/build/urdf_tutorial -- -j16 -l16
[0.816s] Invoking command in '/home/juniorsundar/ROS_Workspaces/ros2_tutorials/build/urdf_tutorial': CMAKE_PREFIX_PATH=${CMAKE_PREFIX_PATH}:/home/juniorsundar/ROS_Workspaces/ros2_tutorials/install/py_pubsub:/home/juniorsundar/ROS_Workspaces/ros2_tutorials/install/learning_tf2_py:/home/juniorsundar/ROS_Workspaces/ros2_tutorials/install/launch_tutorial:/home/juniorsundar/ROS_Workspaces/ros2_tutorials/install/action_py_tutorials:/opt/ros/foxy /home/juniorsundar/.local/bin/cmake --install /home/juniorsundar/ROS_Workspaces/ros2_tutorials/build/urdf_tutorial
[0.853s] -- Install configuration: ""
[0.853s] -- Up-to-date: /home/juniorsundar/ROS_Workspaces/ros2_tutorials/install/urdf_tutorial/share/urdf_tutorial/images
[0.853s] -- Up-to-date: /home/juniorsundar/ROS_Workspaces/ros2_tutorials/install/urdf_tutorial/share/urdf_tutorial/images/multipleshapes.png
[0.853s] -- Up-to-date: /home/juniorsundar/ROS_Workspaces/ros2_tutorials/install/urdf_tutorial/share/urdf_tutorial/images/origins.png
[0.853s] -- Up-to-date: /home/juniorsundar/ROS_Workspaces/ros2_tutorials/install/urdf_tutorial/share/urdf_tutorial/images/flexible.png
[0.854s] -- Up-to-date: /home/juniorsundar/ROS_Workspaces/ros2_tutorials/install/urdf_tutorial/share/urdf_tutorial/images/materials.png
[0.854s] -- Up-to-date: /home/juniorsundar/ROS_Workspaces/ros2_tutorials/install/urdf_tutorial/share/urdf_tutorial/images/myfirst.png
[0.854s] -- Up-to-date: /home/juniorsundar/ROS_Workspaces/ros2_tutorials/install/urdf_tutorial/share/urdf_tutorial/images/visual.png
[0.854s] -- Up-to-date: /home/juniorsundar/ROS_Workspaces/ros2_tutorials/install/urdf_tutorial/share/urdf_tutorial/launch
[0.854s] -- Up-to-date: /home/juniorsundar/ROS_Workspaces/ros2_tutorials/install/urdf_tutorial/share/urdf_tutorial/launch/display.launch.py
[0.854s] -- Up-to-date: /home/juniorsundar/ROS_Workspaces/ros2_tutorials/install/urdf_tutorial/share/urdf_tutorial/meshes
[0.857s] -- Up-to-date: /home/juniorsundar/ROS_Workspaces/ros2_tutorials/install/urdf_tutorial/share/urdf_tutorial/meshes/l_finger_tip_color.png
[0.857s] -- Up-to-date: /home/juniorsundar/ROS_Workspaces/ros2_tutorials/install/urdf_tutorial/share/urdf_tutorial/meshes/l_finger_tip.dae
[0.857s] -- Up-to-date: /home/juniorsundar/ROS_Workspaces/ros2_tutorials/install/urdf_tutorial/share/urdf_tutorial/meshes/l_finger.dae
[0.858s] -- Up-to-date: /home/juniorsundar/ROS_Workspaces/ros2_tutorials/install/urdf_tutorial/share/urdf_tutorial/meshes/l_finger_color.png
[0.858s] -- Up-to-date: /home/juniorsundar/ROS_Workspaces/ros2_tutorials/install/urdf_tutorial/share/urdf_tutorial/rviz
[0.858s] -- Up-to-date: /home/juniorsundar/ROS_Workspaces/ros2_tutorials/install/urdf_tutorial/share/urdf_tutorial/rviz/urdf.rviz
[0.858s] -- Up-to-date: /home/juniorsundar/ROS_Workspaces/ros2_tutorials/install/urdf_tutorial/share/urdf_tutorial/urdf
[0.858s] -- Up-to-date: /home/juniorsundar/ROS_Workspaces/ros2_tutorials/install/urdf_tutorial/share/urdf_tutorial/urdf/03-origins.urdf
[0.858s] -- Up-to-date: /home/juniorsundar/ROS_Workspaces/ros2_tutorials/install/urdf_tutorial/share/urdf_tutorial/urdf/08-macroed.urdf.xacro
[0.859s] -- Up-to-date: /home/juniorsundar/ROS_Workspaces/ros2_tutorials/install/urdf_tutorial/share/urdf_tutorial/urdf/05-visual.urdf
[0.861s] -- Up-to-date: /home/juniorsundar/ROS_Workspaces/ros2_tutorials/install/urdf_tutorial/share/urdf_tutorial/urdf/02-multipleshapes.urdf
[0.862s] -- Up-to-date: /home/juniorsundar/ROS_Workspaces/ros2_tutorials/install/urdf_tutorial/share/urdf_tutorial/urdf/01-myfirst.urdf
[0.862s] -- Up-to-date: /home/juniorsundar/ROS_Workspaces/ros2_tutorials/install/urdf_tutorial/share/urdf_tutorial/urdf/07-physics.urdf
[0.862s] -- Up-to-date: /home/juniorsundar/ROS_Workspaces/ros2_tutorials/install/urdf_tutorial/share/urdf_tutorial/urdf/04-materials.urdf
[0.862s] -- Up-to-date: /home/juniorsundar/ROS_Workspaces/ros2_tutorials/install/urdf_tutorial/share/urdf_tutorial/urdf/06-flexible.urdf
[0.862s] -- Up-to-date: /home/juniorsundar/ROS_Workspaces/ros2_tutorials/install/urdf_tutorial/share/ament_index/resource_index/package_run_dependencies/urdf_tutorial
[0.863s] -- Up-to-date: /home/juniorsundar/ROS_Workspaces/ros2_tutorials/install/urdf_tutorial/share/ament_index/resource_index/parent_prefix_path/urdf_tutorial
[0.863s] -- Up-to-date: /home/juniorsundar/ROS_Workspaces/ros2_tutorials/install/urdf_tutorial/share/urdf_tutorial/environment/ament_prefix_path.sh
[0.863s] -- Up-to-date: /home/juniorsundar/ROS_Workspaces/ros2_tutorials/install/urdf_tutorial/share/urdf_tutorial/environment/ament_prefix_path.dsv
[0.863s] -- Up-to-date: /home/juniorsundar/ROS_Workspaces/ros2_tutorials/install/urdf_tutorial/share/urdf_tutorial/environment/path.sh
[0.863s] -- Up-to-date: /home/juniorsundar/ROS_Workspaces/ros2_tutorials/install/urdf_tutorial/share/urdf_tutorial/environment/path.dsv
[0.865s] -- Up-to-date: /home/juniorsundar/ROS_Workspaces/ros2_tutorials/install/urdf_tutorial/share/urdf_tutorial/local_setup.bash
[0.865s] -- Up-to-date: /home/juniorsundar/ROS_Workspaces/ros2_tutorials/install/urdf_tutorial/share/urdf_tutorial/local_setup.sh
[0.865s] -- Up-to-date: /home/juniorsundar/ROS_Workspaces/ros2_tutorials/install/urdf_tutorial/share/urdf_tutorial/local_setup.zsh
[0.865s] -- Up-to-date: /home/juniorsundar/ROS_Workspaces/ros2_tutorials/install/urdf_tutorial/share/urdf_tutorial/local_setup.dsv
[0.865s] -- Installing: /home/juniorsundar/ROS_Workspaces/ros2_tutorials/install/urdf_tutorial/share/urdf_tutorial/package.dsv
[0.866s] -- Up-to-date: /home/juniorsundar/ROS_Workspaces/ros2_tutorials/install/urdf_tutorial/share/ament_index/resource_index/packages/urdf_tutorial
[0.866s] -- Up-to-date: /home/juniorsundar/ROS_Workspaces/ros2_tutorials/install/urdf_tutorial/share/urdf_tutorial/cmake/urdf_tutorialConfig.cmake
[0.866s] -- Up-to-date: /home/juniorsundar/ROS_Workspaces/ros2_tutorials/install/urdf_tutorial/share/urdf_tutorial/cmake/urdf_tutorialConfig-version.cmake
[0.873s] -- Up-to-date: /home/juniorsundar/ROS_Workspaces/ros2_tutorials/install/urdf_tutorial/share/urdf_tutorial/package.xml
[0.902s] Invoked command in '/home/juniorsundar/ROS_Workspaces/ros2_tutorials/build/urdf_tutorial' returned '0': CMAKE_PREFIX_PATH=${CMAKE_PREFIX_PATH}:/home/juniorsundar/ROS_Workspaces/ros2_tutorials/install/py_pubsub:/home/juniorsundar/ROS_Workspaces/ros2_tutorials/install/learning_tf2_py:/home/juniorsundar/ROS_Workspaces/ros2_tutorials/install/launch_tutorial:/home/juniorsundar/ROS_Workspaces/ros2_tutorials/install/action_py_tutorials:/opt/ros/foxy /home/juniorsundar/.local/bin/cmake --install /home/juniorsundar/ROS_Workspaces/ros2_tutorials/build/urdf_tutorial
