[1.344s] Invoking command in '/home/juniorsundar/ROS_Workspaces/ros2_tutorials/src/learning_tf2_py': PYTHONPATH=/home/juniorsundar/ROS_Workspaces/ros2_tutorials/install/learning_tf2_py/lib/python3.8/site-packages:${PYTHONPATH} /usr/bin/python3 setup.py egg_info --egg-base ../../build/learning_tf2_py build --build-base /home/juniorsundar/ROS_Workspaces/ros2_tutorials/build/learning_tf2_py/build install --prefix /home/juniorsundar/ROS_Workspaces/ros2_tutorials/install/learning_tf2_py --record /home/juniorsundar/ROS_Workspaces/ros2_tutorials/build/learning_tf2_py/install.log --single-version-externally-managed
[1.567s] running egg_info
[1.567s] writing ../../build/learning_tf2_py/learning_tf2_py.egg-info/PKG-INFO
[1.567s] writing dependency_links to ../../build/learning_tf2_py/learning_tf2_py.egg-info/dependency_links.txt
[1.568s] writing entry points to ../../build/learning_tf2_py/learning_tf2_py.egg-info/entry_points.txt
[1.568s] writing requirements to ../../build/learning_tf2_py/learning_tf2_py.egg-info/requires.txt
[1.568s] writing top-level names to ../../build/learning_tf2_py/learning_tf2_py.egg-info/top_level.txt
[1.569s] reading manifest file '../../build/learning_tf2_py/learning_tf2_py.egg-info/SOURCES.txt'
[1.570s] writing manifest file '../../build/learning_tf2_py/learning_tf2_py.egg-info/SOURCES.txt'
[1.570s] running build
[1.570s] running build_py
[1.570s] running install
[1.571s] running install_lib
[1.572s] running install_data
[1.572s] running install_egg_info
[1.573s] removing '/home/juniorsundar/ROS_Workspaces/ros2_tutorials/install/learning_tf2_py/lib/python3.8/site-packages/learning_tf2_py-0.0.0-py3.8.egg-info' (and everything under it)
[1.573s] Copying ../../build/learning_tf2_py/learning_tf2_py.egg-info to /home/juniorsundar/ROS_Workspaces/ros2_tutorials/install/learning_tf2_py/lib/python3.8/site-packages/learning_tf2_py-0.0.0-py3.8.egg-info
[1.574s] running install_scripts
[1.587s] Installing static_turtle_tf2_broadcaster script to /home/juniorsundar/ROS_Workspaces/ros2_tutorials/install/learning_tf2_py/lib/learning_tf2_py
[1.587s] writing list of installed files to '/home/juniorsundar/ROS_Workspaces/ros2_tutorials/build/learning_tf2_py/install.log'
[1.648s] Invoked command in '/home/juniorsundar/ROS_Workspaces/ros2_tutorials/src/learning_tf2_py' returned '0': PYTHONPATH=/home/juniorsundar/ROS_Workspaces/ros2_tutorials/install/learning_tf2_py/lib/python3.8/site-packages:${PYTHONPATH} /usr/bin/python3 setup.py egg_info --egg-base ../../build/learning_tf2_py build --build-base /home/juniorsundar/ROS_Workspaces/ros2_tutorials/build/learning_tf2_py/build install --prefix /home/juniorsundar/ROS_Workspaces/ros2_tutorials/install/learning_tf2_py --record /home/juniorsundar/ROS_Workspaces/ros2_tutorials/build/learning_tf2_py/install.log --single-version-externally-managed
