Performing C SOURCE FILE Test CMAKE_HAVE_LIBC_PTHREAD failed with the following output:
Change Dir: /home/juniorsundar/ROS_Workspaces/ros2_tutorials/build/cpp_srvcli/CMakeFiles/CMakeTmp

Run Build Command(s):/usr/bin/make -f Makefile cmTC_5a8f0/fast && /usr/bin/make  -f CMakeFiles/cmTC_5a8f0.dir/build.make CMakeFiles/cmTC_5a8f0.dir/build
make[1]: Entering directory '/home/juniorsundar/ROS_Workspaces/ros2_tutorials/build/cpp_srvcli/CMakeFiles/CMakeTmp'
Building C object CMakeFiles/cmTC_5a8f0.dir/src.c.o
/usr/bin/cc -DCMAKE_HAVE_LIBC_PTHREAD   -o CMakeFiles/cmTC_5a8f0.dir/src.c.o -c /home/juniorsundar/ROS_Workspaces/ros2_tutorials/build/cpp_srvcli/CMakeFiles/CMakeTmp/src.c
Linking C executable cmTC_5a8f0
/home/juniorsundar/.local/bin/cmake -E cmake_link_script CMakeFiles/cmTC_5a8f0.dir/link.txt --verbose=1
/usr/bin/cc CMakeFiles/cmTC_5a8f0.dir/src.c.o -o cmTC_5a8f0 
/usr/bin/ld: CMakeFiles/cmTC_5a8f0.dir/src.c.o: in function `main':
src.c:(.text+0x46): undefined reference to `pthread_create'
/usr/bin/ld: src.c:(.text+0x52): undefined reference to `pthread_detach'
/usr/bin/ld: src.c:(.text+0x5e): undefined reference to `pthread_cancel'
/usr/bin/ld: src.c:(.text+0x6f): undefined reference to `pthread_join'
collect2: error: ld returned 1 exit status
make[1]: *** [CMakeFiles/cmTC_5a8f0.dir/build.make:99: cmTC_5a8f0] Error 1
make[1]: Leaving directory '/home/juniorsundar/ROS_Workspaces/ros2_tutorials/build/cpp_srvcli/CMakeFiles/CMakeTmp'
make: *** [Makefile:127: cmTC_5a8f0/fast] Error 2


Source file was:
#include <pthread.h>

static void* test_func(void* data)
{
  return data;
}

int main(void)
{
  pthread_t thread;
  pthread_create(&thread, NULL, test_func, NULL);
  pthread_detach(thread);
  pthread_cancel(thread);
  pthread_join(thread, NULL);
  pthread_atfork(NULL, NULL, NULL);
  pthread_exit(NULL);

  return 0;
}

Determining if the function pthread_create exists in the pthreads failed with the following output:
Change Dir: /home/juniorsundar/ROS_Workspaces/ros2_tutorials/build/cpp_srvcli/CMakeFiles/CMakeTmp

Run Build Command(s):/usr/bin/make -f Makefile cmTC_0c544/fast && /usr/bin/make  -f CMakeFiles/cmTC_0c544.dir/build.make CMakeFiles/cmTC_0c544.dir/build
make[1]: Entering directory '/home/juniorsundar/ROS_Workspaces/ros2_tutorials/build/cpp_srvcli/CMakeFiles/CMakeTmp'
Building C object CMakeFiles/cmTC_0c544.dir/CheckFunctionExists.c.o
/usr/bin/cc   -DCHECK_FUNCTION_EXISTS=pthread_create -o CMakeFiles/cmTC_0c544.dir/CheckFunctionExists.c.o -c /home/juniorsundar/.local/share/cmake-3.21/Modules/CheckFunctionExists.c
Linking C executable cmTC_0c544
/home/juniorsundar/.local/bin/cmake -E cmake_link_script CMakeFiles/cmTC_0c544.dir/link.txt --verbose=1
/usr/bin/cc  -DCHECK_FUNCTION_EXISTS=pthread_create CMakeFiles/cmTC_0c544.dir/CheckFunctionExists.c.o -o cmTC_0c544  -lpthreads 
/usr/bin/ld: cannot find -lpthreads
collect2: error: ld returned 1 exit status
make[1]: *** [CMakeFiles/cmTC_0c544.dir/build.make:99: cmTC_0c544] Error 1
make[1]: Leaving directory '/home/juniorsundar/ROS_Workspaces/ros2_tutorials/build/cpp_srvcli/CMakeFiles/CMakeTmp'
make: *** [Makefile:127: cmTC_0c544/fast] Error 2



