running egg_info
creating ../../build/action_py_tutorials/action_py_tutorials.egg-info
writing ../../build/action_py_tutorials/action_py_tutorials.egg-info/PKG-INFO
writing dependency_links to ../../build/action_py_tutorials/action_py_tutorials.egg-info/dependency_links.txt
writing entry points to ../../build/action_py_tutorials/action_py_tutorials.egg-info/entry_points.txt
writing requirements to ../../build/action_py_tutorials/action_py_tutorials.egg-info/requires.txt
writing top-level names to ../../build/action_py_tutorials/action_py_tutorials.egg-info/top_level.txt
writing manifest file '../../build/action_py_tutorials/action_py_tutorials.egg-info/SOURCES.txt'
reading manifest file '../../build/action_py_tutorials/action_py_tutorials.egg-info/SOURCES.txt'
writing manifest file '../../build/action_py_tutorials/action_py_tutorials.egg-info/SOURCES.txt'
running build
running build_py
creating /home/juniorsundar/ROS_Workspaces/ros2_tutorials/build/action_py_tutorials/build
creating /home/juniorsundar/ROS_Workspaces/ros2_tutorials/build/action_py_tutorials/build/lib
creating /home/juniorsundar/ROS_Workspaces/ros2_tutorials/build/action_py_tutorials/build/lib/action_py_tutorials
copying action_py_tutorials/fibonacci_action_client.py -> /home/juniorsundar/ROS_Workspaces/ros2_tutorials/build/action_py_tutorials/build/lib/action_py_tutorials
copying action_py_tutorials/fibonacci_action_server.py -> /home/juniorsundar/ROS_Workspaces/ros2_tutorials/build/action_py_tutorials/build/lib/action_py_tutorials
copying action_py_tutorials/__init__.py -> /home/juniorsundar/ROS_Workspaces/ros2_tutorials/build/action_py_tutorials/build/lib/action_py_tutorials
running install
running install_lib
creating /home/juniorsundar/ROS_Workspaces/ros2_tutorials/install/action_py_tutorials/lib/python3.8/site-packages/action_py_tutorials
copying /home/juniorsundar/ROS_Workspaces/ros2_tutorials/build/action_py_tutorials/build/lib/action_py_tutorials/fibonacci_action_client.py -> /home/juniorsundar/ROS_Workspaces/ros2_tutorials/install/action_py_tutorials/lib/python3.8/site-packages/action_py_tutorials
copying /home/juniorsundar/ROS_Workspaces/ros2_tutorials/build/action_py_tutorials/build/lib/action_py_tutorials/fibonacci_action_server.py -> /home/juniorsundar/ROS_Workspaces/ros2_tutorials/install/action_py_tutorials/lib/python3.8/site-packages/action_py_tutorials
copying /home/juniorsundar/ROS_Workspaces/ros2_tutorials/build/action_py_tutorials/build/lib/action_py_tutorials/__init__.py -> /home/juniorsundar/ROS_Workspaces/ros2_tutorials/install/action_py_tutorials/lib/python3.8/site-packages/action_py_tutorials
byte-compiling /home/juniorsundar/ROS_Workspaces/ros2_tutorials/install/action_py_tutorials/lib/python3.8/site-packages/action_py_tutorials/fibonacci_action_client.py to fibonacci_action_client.cpython-38.pyc
byte-compiling /home/juniorsundar/ROS_Workspaces/ros2_tutorials/install/action_py_tutorials/lib/python3.8/site-packages/action_py_tutorials/fibonacci_action_server.py to fibonacci_action_server.cpython-38.pyc
byte-compiling /home/juniorsundar/ROS_Workspaces/ros2_tutorials/install/action_py_tutorials/lib/python3.8/site-packages/action_py_tutorials/__init__.py to __init__.cpython-38.pyc
running install_data
creating /home/juniorsundar/ROS_Workspaces/ros2_tutorials/install/action_py_tutorials/share/ament_index
creating /home/juniorsundar/ROS_Workspaces/ros2_tutorials/install/action_py_tutorials/share/ament_index/resource_index
creating /home/juniorsundar/ROS_Workspaces/ros2_tutorials/install/action_py_tutorials/share/ament_index/resource_index/packages
copying resource/action_py_tutorials -> /home/juniorsundar/ROS_Workspaces/ros2_tutorials/install/action_py_tutorials/share/ament_index/resource_index/packages
copying package.xml -> /home/juniorsundar/ROS_Workspaces/ros2_tutorials/install/action_py_tutorials/share/action_py_tutorials
running install_egg_info
Copying ../../build/action_py_tutorials/action_py_tutorials.egg-info to /home/juniorsundar/ROS_Workspaces/ros2_tutorials/install/action_py_tutorials/lib/python3.8/site-packages/action_py_tutorials-0.0.0-py3.8.egg-info
running install_scripts
Installing fibonacci_action_client script to /home/juniorsundar/ROS_Workspaces/ros2_tutorials/install/action_py_tutorials/lib/action_py_tutorials
Installing fibonacci_action_server script to /home/juniorsundar/ROS_Workspaces/ros2_tutorials/install/action_py_tutorials/lib/action_py_tutorials
writing list of installed files to '/home/juniorsundar/ROS_Workspaces/ros2_tutorials/build/action_py_tutorials/install.log'
