[0.795s] Invoking command in '/home/juniorsundar/ROS_Workspaces/ros2_tutorials/src/action_py_tutorials': CMAKE_PREFIX_PATH=/home/juniorsundar/ROS_Workspaces/ros2_tutorials/install/action_interfaces_tutorials:/home/juniorsundar/ROS_Workspaces/ros2_tutorials/install/urdf_tutorial:/home/juniorsundar/ROS_Workspaces/ros2_tutorials/install/rviz_visual_tools:/home/juniorsundar/ROS_Workspaces/ros2_tutorials/install/rviz_marker_tools:/home/juniorsundar/ROS_Workspaces/ros2_tutorials/install/moveit_task_constructor_msgs:/home/juniorsundar/ROS_Workspaces/ros2_tutorials/install/cpp_srvcli:/home/juniorsundar/ROS_Workspaces/ros2_tutorials/install/cpp_py_pkg:/home/juniorsundar/ROS_Workspaces/ros2_tutorials/install/cpp_pubsub:/home/juniorsundar/ROS_Workspaces/ros2_tutorials/install/action_cpp_tutorials:/home/juniorsundar/ROS_Workspaces/ws_moveit2/install/moveit2_tutorials:/home/juniorsundar/ROS_Workspaces/ws_moveit2/install/moveit_visual_tools:/home/juniorsundar/ROS_Workspaces/ws_moveit2/install/rviz_visual_tools:/home/juniorsundar/ws_moveit2/install/moveit2_tutorials:/home/juniorsundar/ws_moveit2/install/moveit_visual_tools:/home/juniorsundar/ws_moveit2/install/rviz_visual_tools LD_LIBRARY_PATH=/home/juniorsundar/ROS_Workspaces/ros2_tutorials/install/action_interfaces_tutorials/lib:/home/juniorsundar/ROS_Workspaces/ros2_tutorials/install/rviz_visual_tools/lib:/home/juniorsundar/ROS_Workspaces/ros2_tutorials/install/rviz_marker_tools/lib:/home/juniorsundar/ROS_Workspaces/ros2_tutorials/install/moveit_task_constructor_msgs/lib:/home/juniorsundar/ROS_Workspaces/ros2_tutorials/install/cpp_srvcli/lib:/home/juniorsundar/ROS_Workspaces/ws_moveit2/install/moveit_visual_tools/lib:/home/juniorsundar/ROS_Workspaces/ws_moveit2/install/rviz_visual_tools/lib:/home/juniorsundar/ws_moveit2/install/moveit_visual_tools/lib:/home/juniorsundar/ws_moveit2/install/rviz_visual_tools/lib:/usr/lib/x86_64-linux-gnu/gazebo-11/plugins:/opt/ros/foxy/opt/yaml_cpp_vendor/lib:/opt/ros/foxy/opt/rviz_ogre_vendor/lib:/opt/ros/foxy/lib/x86_64-linux-gnu:/opt/ros/foxy/lib PYTHONPATH=/home/juniorsundar/ROS_Workspaces/ros2_tutorials/install/action_py_tutorials/lib/python3.8/site-packages:/home/juniorsundar/ROS_Workspaces/ros2_tutorials/install/action_interfaces_tutorials/lib/python3.8/site-packages:/home/juniorsundar/ROS_Workspaces/ros2_tutorials/install/py_pubsub/lib/python3.8/site-packages:/home/juniorsundar/ROS_Workspaces/ros2_tutorials/install/moveit_task_constructor_msgs/lib/python3.8/site-packages:/home/juniorsundar/ROS_Workspaces/ros2_tutorials/install/learning_tf2_py/lib/python3.8/site-packages:/home/juniorsundar/ROS_Workspaces/ros2_tutorials/install/launch_tutorial/lib/python3.8/site-packages:/home/juniorsundar/ROS_Workspaces/ros2_tutorials/install/cpp_srvcli/lib/python3.8/site-packages:/home/juniorsundar/ROS_Workspaces/ros2_tutorials/install/cpp_py_pkg/lib/python3.8/site-packages:/home/juniorsundar/ROS_Workspaces/ros2_tutorials/install/action_py_tutorials/lib/python3.8/site-packages:/opt/ros/foxy/lib/python3.8/site-packages /usr/bin/python3 setup.py egg_info --egg-base ../../build/action_py_tutorials build --build-base /home/juniorsundar/ROS_Workspaces/ros2_tutorials/build/action_py_tutorials/build install --prefix /home/juniorsundar/ROS_Workspaces/ros2_tutorials/install/action_py_tutorials --record /home/juniorsundar/ROS_Workspaces/ros2_tutorials/build/action_py_tutorials/install.log --single-version-externally-managed
[1.030s] running egg_info
[1.031s] creating ../../build/action_py_tutorials/action_py_tutorials.egg-info
[1.031s] writing ../../build/action_py_tutorials/action_py_tutorials.egg-info/PKG-INFO
[1.031s] writing dependency_links to ../../build/action_py_tutorials/action_py_tutorials.egg-info/dependency_links.txt
[1.031s] writing entry points to ../../build/action_py_tutorials/action_py_tutorials.egg-info/entry_points.txt
[1.031s] writing requirements to ../../build/action_py_tutorials/action_py_tutorials.egg-info/requires.txt
[1.031s] writing top-level names to ../../build/action_py_tutorials/action_py_tutorials.egg-info/top_level.txt
[1.032s] writing manifest file '../../build/action_py_tutorials/action_py_tutorials.egg-info/SOURCES.txt'
[1.033s] reading manifest file '../../build/action_py_tutorials/action_py_tutorials.egg-info/SOURCES.txt'
[1.034s] writing manifest file '../../build/action_py_tutorials/action_py_tutorials.egg-info/SOURCES.txt'
[1.034s] running build
[1.034s] running build_py
[1.034s] creating /home/juniorsundar/ROS_Workspaces/ros2_tutorials/build/action_py_tutorials/build
[1.034s] creating /home/juniorsundar/ROS_Workspaces/ros2_tutorials/build/action_py_tutorials/build/lib
[1.034s] creating /home/juniorsundar/ROS_Workspaces/ros2_tutorials/build/action_py_tutorials/build/lib/action_py_tutorials
[1.034s] copying action_py_tutorials/fibonacci_action_client.py -> /home/juniorsundar/ROS_Workspaces/ros2_tutorials/build/action_py_tutorials/build/lib/action_py_tutorials
[1.034s] copying action_py_tutorials/fibonacci_action_server.py -> /home/juniorsundar/ROS_Workspaces/ros2_tutorials/build/action_py_tutorials/build/lib/action_py_tutorials
[1.035s] copying action_py_tutorials/__init__.py -> /home/juniorsundar/ROS_Workspaces/ros2_tutorials/build/action_py_tutorials/build/lib/action_py_tutorials
[1.035s] running install
[1.035s] running install_lib
[1.035s] creating /home/juniorsundar/ROS_Workspaces/ros2_tutorials/install/action_py_tutorials/lib/python3.8/site-packages/action_py_tutorials
[1.036s] copying /home/juniorsundar/ROS_Workspaces/ros2_tutorials/build/action_py_tutorials/build/lib/action_py_tutorials/fibonacci_action_client.py -> /home/juniorsundar/ROS_Workspaces/ros2_tutorials/install/action_py_tutorials/lib/python3.8/site-packages/action_py_tutorials
[1.036s] copying /home/juniorsundar/ROS_Workspaces/ros2_tutorials/build/action_py_tutorials/build/lib/action_py_tutorials/fibonacci_action_server.py -> /home/juniorsundar/ROS_Workspaces/ros2_tutorials/install/action_py_tutorials/lib/python3.8/site-packages/action_py_tutorials
[1.036s] copying /home/juniorsundar/ROS_Workspaces/ros2_tutorials/build/action_py_tutorials/build/lib/action_py_tutorials/__init__.py -> /home/juniorsundar/ROS_Workspaces/ros2_tutorials/install/action_py_tutorials/lib/python3.8/site-packages/action_py_tutorials
[1.036s] byte-compiling /home/juniorsundar/ROS_Workspaces/ros2_tutorials/install/action_py_tutorials/lib/python3.8/site-packages/action_py_tutorials/fibonacci_action_client.py to fibonacci_action_client.cpython-38.pyc
[1.036s] byte-compiling /home/juniorsundar/ROS_Workspaces/ros2_tutorials/install/action_py_tutorials/lib/python3.8/site-packages/action_py_tutorials/fibonacci_action_server.py to fibonacci_action_server.cpython-38.pyc
[1.037s] byte-compiling /home/juniorsundar/ROS_Workspaces/ros2_tutorials/install/action_py_tutorials/lib/python3.8/site-packages/action_py_tutorials/__init__.py to __init__.cpython-38.pyc
[1.037s] running install_data
[1.037s] creating /home/juniorsundar/ROS_Workspaces/ros2_tutorials/install/action_py_tutorials/share/ament_index
[1.037s] creating /home/juniorsundar/ROS_Workspaces/ros2_tutorials/install/action_py_tutorials/share/ament_index/resource_index
[1.037s] creating /home/juniorsundar/ROS_Workspaces/ros2_tutorials/install/action_py_tutorials/share/ament_index/resource_index/packages
[1.037s] copying resource/action_py_tutorials -> /home/juniorsundar/ROS_Workspaces/ros2_tutorials/install/action_py_tutorials/share/ament_index/resource_index/packages
[1.037s] copying package.xml -> /home/juniorsundar/ROS_Workspaces/ros2_tutorials/install/action_py_tutorials/share/action_py_tutorials
[1.037s] running install_egg_info
[1.038s] Copying ../../build/action_py_tutorials/action_py_tutorials.egg-info to /home/juniorsundar/ROS_Workspaces/ros2_tutorials/install/action_py_tutorials/lib/python3.8/site-packages/action_py_tutorials-0.0.0-py3.8.egg-info
[1.039s] running install_scripts
[1.052s] Installing fibonacci_action_client script to /home/juniorsundar/ROS_Workspaces/ros2_tutorials/install/action_py_tutorials/lib/action_py_tutorials
[1.053s] Installing fibonacci_action_server script to /home/juniorsundar/ROS_Workspaces/ros2_tutorials/install/action_py_tutorials/lib/action_py_tutorials
[1.053s] writing list of installed files to '/home/juniorsundar/ROS_Workspaces/ros2_tutorials/build/action_py_tutorials/install.log'
[1.072s] Invoked command in '/home/juniorsundar/ROS_Workspaces/ros2_tutorials/src/action_py_tutorials' returned '0': CMAKE_PREFIX_PATH=/home/juniorsundar/ROS_Workspaces/ros2_tutorials/install/action_interfaces_tutorials:/home/juniorsundar/ROS_Workspaces/ros2_tutorials/install/urdf_tutorial:/home/juniorsundar/ROS_Workspaces/ros2_tutorials/install/rviz_visual_tools:/home/juniorsundar/ROS_Workspaces/ros2_tutorials/install/rviz_marker_tools:/home/juniorsundar/ROS_Workspaces/ros2_tutorials/install/moveit_task_constructor_msgs:/home/juniorsundar/ROS_Workspaces/ros2_tutorials/install/cpp_srvcli:/home/juniorsundar/ROS_Workspaces/ros2_tutorials/install/cpp_py_pkg:/home/juniorsundar/ROS_Workspaces/ros2_tutorials/install/cpp_pubsub:/home/juniorsundar/ROS_Workspaces/ros2_tutorials/install/action_cpp_tutorials:/home/juniorsundar/ROS_Workspaces/ws_moveit2/install/moveit2_tutorials:/home/juniorsundar/ROS_Workspaces/ws_moveit2/install/moveit_visual_tools:/home/juniorsundar/ROS_Workspaces/ws_moveit2/install/rviz_visual_tools:/home/juniorsundar/ws_moveit2/install/moveit2_tutorials:/home/juniorsundar/ws_moveit2/install/moveit_visual_tools:/home/juniorsundar/ws_moveit2/install/rviz_visual_tools LD_LIBRARY_PATH=/home/juniorsundar/ROS_Workspaces/ros2_tutorials/install/action_interfaces_tutorials/lib:/home/juniorsundar/ROS_Workspaces/ros2_tutorials/install/rviz_visual_tools/lib:/home/juniorsundar/ROS_Workspaces/ros2_tutorials/install/rviz_marker_tools/lib:/home/juniorsundar/ROS_Workspaces/ros2_tutorials/install/moveit_task_constructor_msgs/lib:/home/juniorsundar/ROS_Workspaces/ros2_tutorials/install/cpp_srvcli/lib:/home/juniorsundar/ROS_Workspaces/ws_moveit2/install/moveit_visual_tools/lib:/home/juniorsundar/ROS_Workspaces/ws_moveit2/install/rviz_visual_tools/lib:/home/juniorsundar/ws_moveit2/install/moveit_visual_tools/lib:/home/juniorsundar/ws_moveit2/install/rviz_visual_tools/lib:/usr/lib/x86_64-linux-gnu/gazebo-11/plugins:/opt/ros/foxy/opt/yaml_cpp_vendor/lib:/opt/ros/foxy/opt/rviz_ogre_vendor/lib:/opt/ros/foxy/lib/x86_64-linux-gnu:/opt/ros/foxy/lib PYTHONPATH=/home/juniorsundar/ROS_Workspaces/ros2_tutorials/install/action_py_tutorials/lib/python3.8/site-packages:/home/juniorsundar/ROS_Workspaces/ros2_tutorials/install/action_interfaces_tutorials/lib/python3.8/site-packages:/home/juniorsundar/ROS_Workspaces/ros2_tutorials/install/py_pubsub/lib/python3.8/site-packages:/home/juniorsundar/ROS_Workspaces/ros2_tutorials/install/moveit_task_constructor_msgs/lib/python3.8/site-packages:/home/juniorsundar/ROS_Workspaces/ros2_tutorials/install/learning_tf2_py/lib/python3.8/site-packages:/home/juniorsundar/ROS_Workspaces/ros2_tutorials/install/launch_tutorial/lib/python3.8/site-packages:/home/juniorsundar/ROS_Workspaces/ros2_tutorials/install/cpp_srvcli/lib/python3.8/site-packages:/home/juniorsundar/ROS_Workspaces/ros2_tutorials/install/cpp_py_pkg/lib/python3.8/site-packages:/home/juniorsundar/ROS_Workspaces/ros2_tutorials/install/action_py_tutorials/lib/python3.8/site-packages:/opt/ros/foxy/lib/python3.8/site-packages /usr/bin/python3 setup.py egg_info --egg-base ../../build/action_py_tutorials build --build-base /home/juniorsundar/ROS_Workspaces/ros2_tutorials/build/action_py_tutorials/build install --prefix /home/juniorsundar/ROS_Workspaces/ros2_tutorials/install/action_py_tutorials --record /home/juniorsundar/ROS_Workspaces/ros2_tutorials/build/action_py_tutorials/install.log --single-version-externally-managed
