[0.084s] Invoking command in '/home/juniorsundar/ROS_Workspaces/ros2_tutorials/build/cpp_srvcli': CMAKE_PREFIX_PATH=${CMAKE_PREFIX_PATH}:/home/juniorsundar/ROS_Workspaces/ros2_tutorials/install/py_pubsub:/home/juniorsundar/ROS_Workspaces/ros2_tutorials/install/learning_tf2_py:/home/juniorsundar/ROS_Workspaces/ros2_tutorials/install/launch_tutorial:/home/juniorsundar/ROS_Workspaces/ros2_tutorials/install/action_py_tutorials:/opt/ros/foxy /home/juniorsundar/.local/bin/cmake --build /home/juniorsundar/ROS_Workspaces/ros2_tutorials/build/cpp_srvcli -- -j16 -l16
[0.877s] [  3%] Built target cpp_srvcli__cpp
[0.878s] [35m[1mConsolidate compiler generated dependencies of target cpp_srvcli__rosidl_generator_c[0m
[0.878s] [35m[1mConsolidate compiler generated dependencies of target cpp_srvcli__rosidl_typesupport_introspection_cpp[0m
[0.879s] [35m[1mConsolidate compiler generated dependencies of target cpp_srvcli__rosidl_typesupport_fastrtps_cpp[0m
[0.880s] [35m[1mConsolidate compiler generated dependencies of target cpp_srvcli__rosidl_typesupport_cpp[0m
[0.880s] [ 12%] Built target cpp_srvcli__rosidl_generator_c
[0.880s] [35m[1mConsolidate compiler generated dependencies of target cpp_srvcli__rosidl_typesupport_c[0m
[0.881s] [35m[1mConsolidate compiler generated dependencies of target cpp_srvcli__rosidl_typesupport_introspection_c[0m
[0.881s] [ 21%] Built target cpp_srvcli__rosidl_typesupport_introspection_cpp
[0.881s] [ 30%] Built target cpp_srvcli__rosidl_typesupport_cpp
[0.881s] [ 39%] Built target cpp_srvcli__rosidl_typesupport_fastrtps_cpp
[0.882s] [ 51%] Built target cpp_srvcli__rosidl_typesupport_c
[0.883s] [ 57%] Built target cpp_srvcli__rosidl_typesupport_introspection_c
[0.883s] [35m[1mConsolidate compiler generated dependencies of target cpp_srvcli__rosidl_typesupport_fastrtps_c[0m
[0.884s] [ 66%] Built target cpp_srvcli__rosidl_typesupport_fastrtps_c
[0.884s] [ 66%] Built target cpp_srvcli
[0.885s] [35m[1mConsolidate compiler generated dependencies of target server[0m
[0.885s] [ 69%] Built target cpp_srvcli__py
[0.885s] [35m[1mConsolidate compiler generated dependencies of target cpp_srvcli__python[0m
[0.886s] [ 75%] Built target server
[0.886s] [ 81%] Built target cpp_srvcli__python
[0.886s] [35m[1mConsolidate compiler generated dependencies of target cpp_srvcli__rosidl_typesupport_fastrtps_c__pyext[0m
[0.886s] [35m[1mConsolidate compiler generated dependencies of target cpp_srvcli__rosidl_typesupport_c__pyext[0m
[0.886s] [35m[1mConsolidate compiler generated dependencies of target cpp_srvcli__rosidl_typesupport_introspection_c__pyext[0m
[0.886s] [ 87%] Built target cpp_srvcli__rosidl_typesupport_fastrtps_c__pyext
[0.886s] [ 93%] Built target cpp_srvcli__rosidl_typesupport_c__pyext
[0.886s] [100%] Built target cpp_srvcli__rosidl_typesupport_introspection_c__pyext
[0.890s] Invoked command in '/home/juniorsundar/ROS_Workspaces/ros2_tutorials/build/cpp_srvcli' returned '0': CMAKE_PREFIX_PATH=${CMAKE_PREFIX_PATH}:/home/juniorsundar/ROS_Workspaces/ros2_tutorials/install/py_pubsub:/home/juniorsundar/ROS_Workspaces/ros2_tutorials/install/learning_tf2_py:/home/juniorsundar/ROS_Workspaces/ros2_tutorials/install/launch_tutorial:/home/juniorsundar/ROS_Workspaces/ros2_tutorials/install/action_py_tutorials:/opt/ros/foxy /home/juniorsundar/.local/bin/cmake --build /home/juniorsundar/ROS_Workspaces/ros2_tutorials/build/cpp_srvcli -- -j16 -l16
[0.957s] Invoking command in '/home/juniorsundar/ROS_Workspaces/ros2_tutorials/build/cpp_srvcli': CMAKE_PREFIX_PATH=${CMAKE_PREFIX_PATH}:/home/juniorsundar/ROS_Workspaces/ros2_tutorials/install/py_pubsub:/home/juniorsundar/ROS_Workspaces/ros2_tutorials/install/learning_tf2_py:/home/juniorsundar/ROS_Workspaces/ros2_tutorials/install/launch_tutorial:/home/juniorsundar/ROS_Workspaces/ros2_tutorials/install/action_py_tutorials:/opt/ros/foxy /home/juniorsundar/.local/bin/cmake --install /home/juniorsundar/ROS_Workspaces/ros2_tutorials/build/cpp_srvcli
[0.957s] -- Install configuration: ""
[0.957s] -- Up-to-date: /home/juniorsundar/ROS_Workspaces/ros2_tutorials/install/cpp_srvcli/share/ament_index/resource_index/rosidl_interfaces/cpp_srvcli
[0.957s] -- Up-to-date: /home/juniorsundar/ROS_Workspaces/ros2_tutorials/install/cpp_srvcli/include/cpp_srvcli
[0.958s] -- Up-to-date: /home/juniorsundar/ROS_Workspaces/ros2_tutorials/install/cpp_srvcli/include/cpp_srvcli/msg
[0.958s] -- Up-to-date: /home/juniorsundar/ROS_Workspaces/ros2_tutorials/install/cpp_srvcli/include/cpp_srvcli/msg/rosidl_generator_c__visibility_control.h
[0.958s] -- Up-to-date: /home/juniorsundar/ROS_Workspaces/ros2_tutorials/install/cpp_srvcli/include/cpp_srvcli/srv
[0.958s] -- Up-to-date: /home/juniorsundar/ROS_Workspaces/ros2_tutorials/install/cpp_srvcli/include/cpp_srvcli/srv/detail
[0.958s] -- Up-to-date: /home/juniorsundar/ROS_Workspaces/ros2_tutorials/install/cpp_srvcli/include/cpp_srvcli/srv/detail/add_two_ints__functions.h
[0.958s] -- Up-to-date: /home/juniorsundar/ROS_Workspaces/ros2_tutorials/install/cpp_srvcli/include/cpp_srvcli/srv/detail/add_two_ints__struct.h
[0.958s] -- Up-to-date: /home/juniorsundar/ROS_Workspaces/ros2_tutorials/install/cpp_srvcli/include/cpp_srvcli/srv/detail/add_two_ints__type_support.h
[0.958s] -- Up-to-date: /home/juniorsundar/ROS_Workspaces/ros2_tutorials/install/cpp_srvcli/include/cpp_srvcli/srv/detail/add_two_ints__functions.c
[0.958s] -- Up-to-date: /home/juniorsundar/ROS_Workspaces/ros2_tutorials/install/cpp_srvcli/include/cpp_srvcli/srv/add_two_ints.h
[0.958s] -- Up-to-date: /home/juniorsundar/ROS_Workspaces/ros2_tutorials/install/cpp_srvcli/share/cpp_srvcli/environment/library_path.sh
[0.963s] -- Up-to-date: /home/juniorsundar/ROS_Workspaces/ros2_tutorials/install/cpp_srvcli/share/cpp_srvcli/environment/library_path.dsv
[0.964s] -- Up-to-date: /home/juniorsundar/ROS_Workspaces/ros2_tutorials/install/cpp_srvcli/lib/libcpp_srvcli__rosidl_generator_c.so
[0.964s] -- Up-to-date: /home/juniorsundar/ROS_Workspaces/ros2_tutorials/install/cpp_srvcli/include/cpp_srvcli
[0.964s] -- Up-to-date: /home/juniorsundar/ROS_Workspaces/ros2_tutorials/install/cpp_srvcli/include/cpp_srvcli/msg
[0.964s] -- Up-to-date: /home/juniorsundar/ROS_Workspaces/ros2_tutorials/install/cpp_srvcli/include/cpp_srvcli/msg/rosidl_typesupport_fastrtps_c__visibility_control.h
[0.964s] -- Up-to-date: /home/juniorsundar/ROS_Workspaces/ros2_tutorials/install/cpp_srvcli/include/cpp_srvcli/srv
[0.965s] -- Up-to-date: /home/juniorsundar/ROS_Workspaces/ros2_tutorials/install/cpp_srvcli/include/cpp_srvcli/srv/detail
[0.965s] -- Up-to-date: /home/juniorsundar/ROS_Workspaces/ros2_tutorials/install/cpp_srvcli/include/cpp_srvcli/srv/detail/add_two_ints__rosidl_typesupport_fastrtps_c.h
[0.965s] -- Up-to-date: /home/juniorsundar/ROS_Workspaces/ros2_tutorials/install/cpp_srvcli/lib/libcpp_srvcli__rosidl_typesupport_fastrtps_c.so
[0.965s] -- Up-to-date: /home/juniorsundar/ROS_Workspaces/ros2_tutorials/install/cpp_srvcli/include/cpp_srvcli
[0.971s] -- Up-to-date: /home/juniorsundar/ROS_Workspaces/ros2_tutorials/install/cpp_srvcli/include/cpp_srvcli/msg
[0.971s] -- Up-to-date: /home/juniorsundar/ROS_Workspaces/ros2_tutorials/install/cpp_srvcli/include/cpp_srvcli/msg/rosidl_typesupport_fastrtps_cpp__visibility_control.h
[0.972s] -- Up-to-date: /home/juniorsundar/ROS_Workspaces/ros2_tutorials/install/cpp_srvcli/include/cpp_srvcli/srv
[0.972s] -- Up-to-date: /home/juniorsundar/ROS_Workspaces/ros2_tutorials/install/cpp_srvcli/include/cpp_srvcli/srv/detail
[0.972s] -- Up-to-date: /home/juniorsundar/ROS_Workspaces/ros2_tutorials/install/cpp_srvcli/include/cpp_srvcli/srv/detail/add_two_ints__rosidl_typesupport_fastrtps_cpp.hpp
[0.972s] -- Up-to-date: /home/juniorsundar/ROS_Workspaces/ros2_tutorials/install/cpp_srvcli/include/cpp_srvcli/srv/detail/dds_fastrtps
[0.972s] -- Up-to-date: /home/juniorsundar/ROS_Workspaces/ros2_tutorials/install/cpp_srvcli/lib/libcpp_srvcli__rosidl_typesupport_fastrtps_cpp.so
[0.972s] -- Up-to-date: /home/juniorsundar/ROS_Workspaces/ros2_tutorials/install/cpp_srvcli/include/cpp_srvcli
[0.972s] -- Up-to-date: /home/juniorsundar/ROS_Workspaces/ros2_tutorials/install/cpp_srvcli/include/cpp_srvcli/msg
[0.973s] -- Up-to-date: /home/juniorsundar/ROS_Workspaces/ros2_tutorials/install/cpp_srvcli/include/cpp_srvcli/msg/rosidl_typesupport_introspection_c__visibility_control.h
[0.973s] -- Up-to-date: /home/juniorsundar/ROS_Workspaces/ros2_tutorials/install/cpp_srvcli/include/cpp_srvcli/srv
[0.973s] -- Up-to-date: /home/juniorsundar/ROS_Workspaces/ros2_tutorials/install/cpp_srvcli/include/cpp_srvcli/srv/detail
[0.973s] -- Up-to-date: /home/juniorsundar/ROS_Workspaces/ros2_tutorials/install/cpp_srvcli/include/cpp_srvcli/srv/detail/add_two_ints__type_support.c
[0.973s] -- Up-to-date: /home/juniorsundar/ROS_Workspaces/ros2_tutorials/install/cpp_srvcli/include/cpp_srvcli/srv/detail/add_two_ints__rosidl_typesupport_introspection_c.h
[0.973s] -- Up-to-date: /home/juniorsundar/ROS_Workspaces/ros2_tutorials/install/cpp_srvcli/lib/libcpp_srvcli__rosidl_typesupport_introspection_c.so
[0.974s] -- Up-to-date: /home/juniorsundar/ROS_Workspaces/ros2_tutorials/install/cpp_srvcli/lib/libcpp_srvcli__rosidl_typesupport_c.so
[0.974s] -- Up-to-date: /home/juniorsundar/ROS_Workspaces/ros2_tutorials/install/cpp_srvcli/include/cpp_srvcli
[0.974s] -- Up-to-date: /home/juniorsundar/ROS_Workspaces/ros2_tutorials/install/cpp_srvcli/include/cpp_srvcli/srv
[0.974s] -- Up-to-date: /home/juniorsundar/ROS_Workspaces/ros2_tutorials/install/cpp_srvcli/include/cpp_srvcli/srv/detail
[0.976s] -- Up-to-date: /home/juniorsundar/ROS_Workspaces/ros2_tutorials/install/cpp_srvcli/include/cpp_srvcli/srv/detail/add_two_ints__struct.hpp
[0.976s] -- Up-to-date: /home/juniorsundar/ROS_Workspaces/ros2_tutorials/install/cpp_srvcli/include/cpp_srvcli/srv/detail/add_two_ints__traits.hpp
[0.976s] -- Up-to-date: /home/juniorsundar/ROS_Workspaces/ros2_tutorials/install/cpp_srvcli/include/cpp_srvcli/srv/detail/add_two_ints__builder.hpp
[0.976s] -- Up-to-date: /home/juniorsundar/ROS_Workspaces/ros2_tutorials/install/cpp_srvcli/include/cpp_srvcli/srv/add_two_ints.hpp
[0.976s] -- Up-to-date: /home/juniorsundar/ROS_Workspaces/ros2_tutorials/install/cpp_srvcli/include/cpp_srvcli
[0.984s] -- Up-to-date: /home/juniorsundar/ROS_Workspaces/ros2_tutorials/install/cpp_srvcli/include/cpp_srvcli/srv
[0.984s] -- Up-to-date: /home/juniorsundar/ROS_Workspaces/ros2_tutorials/install/cpp_srvcli/include/cpp_srvcli/srv/detail
[0.984s] -- Up-to-date: /home/juniorsundar/ROS_Workspaces/ros2_tutorials/install/cpp_srvcli/include/cpp_srvcli/srv/detail/add_two_ints__rosidl_typesupport_introspection_cpp.hpp
[0.984s] -- Up-to-date: /home/juniorsundar/ROS_Workspaces/ros2_tutorials/install/cpp_srvcli/include/cpp_srvcli/srv/detail/add_two_ints__type_support.cpp
[0.984s] -- Up-to-date: /home/juniorsundar/ROS_Workspaces/ros2_tutorials/install/cpp_srvcli/lib/libcpp_srvcli__rosidl_typesupport_introspection_cpp.so
[0.985s] -- Up-to-date: /home/juniorsundar/ROS_Workspaces/ros2_tutorials/install/cpp_srvcli/lib/libcpp_srvcli__rosidl_typesupport_cpp.so
[0.985s] -- Up-to-date: /home/juniorsundar/ROS_Workspaces/ros2_tutorials/install/cpp_srvcli/share/cpp_srvcli/environment/pythonpath.sh
[0.985s] -- Up-to-date: /home/juniorsundar/ROS_Workspaces/ros2_tutorials/install/cpp_srvcli/share/cpp_srvcli/environment/pythonpath.dsv
[0.985s] -- Up-to-date: /home/juniorsundar/ROS_Workspaces/ros2_tutorials/install/cpp_srvcli/lib/python3.8/site-packages/cpp_srvcli/__init__.py
[0.985s] -- Up-to-date: /home/juniorsundar/ROS_Workspaces/ros2_tutorials/install/cpp_srvcli/lib/python3.8/site-packages/cpp_srvcli/srv
[0.986s] -- Up-to-date: /home/juniorsundar/ROS_Workspaces/ros2_tutorials/install/cpp_srvcli/lib/python3.8/site-packages/cpp_srvcli/srv/_add_two_ints.py
[0.986s] -- Up-to-date: /home/juniorsundar/ROS_Workspaces/ros2_tutorials/install/cpp_srvcli/lib/python3.8/site-packages/cpp_srvcli/srv/_add_two_ints_s.c
[0.986s] -- Up-to-date: /home/juniorsundar/ROS_Workspaces/ros2_tutorials/install/cpp_srvcli/lib/python3.8/site-packages/cpp_srvcli/srv/__init__.py
[0.986s] -- Up-to-date: /home/juniorsundar/ROS_Workspaces/ros2_tutorials/install/cpp_srvcli/lib/python3.8/site-packages/cpp_srvcli/cpp_srvcli_s__rosidl_typesupport_fastrtps_c.cpython-38-x86_64-linux-gnu.so
[0.986s] -- Up-to-date: /home/juniorsundar/ROS_Workspaces/ros2_tutorials/install/cpp_srvcli/lib/python3.8/site-packages/cpp_srvcli/cpp_srvcli_s__rosidl_typesupport_introspection_c.cpython-38-x86_64-linux-gnu.so
[0.986s] -- Up-to-date: /home/juniorsundar/ROS_Workspaces/ros2_tutorials/install/cpp_srvcli/lib/python3.8/site-packages/cpp_srvcli/cpp_srvcli_s__rosidl_typesupport_c.cpython-38-x86_64-linux-gnu.so
[0.986s] -- Up-to-date: /home/juniorsundar/ROS_Workspaces/ros2_tutorials/install/cpp_srvcli/lib/libcpp_srvcli__python.so
[0.986s] -- Up-to-date: /home/juniorsundar/ROS_Workspaces/ros2_tutorials/install/cpp_srvcli/share/cpp_srvcli/srv/AddTwoInts.idl
[0.986s] -- Up-to-date: /home/juniorsundar/ROS_Workspaces/ros2_tutorials/install/cpp_srvcli/share/cpp_srvcli/srv/AddTwoInts.srv
[0.986s] -- Up-to-date: /home/juniorsundar/ROS_Workspaces/ros2_tutorials/install/cpp_srvcli/share/cpp_srvcli/srv/AddTwoInts_Request.msg
[0.987s] -- Up-to-date: /home/juniorsundar/ROS_Workspaces/ros2_tutorials/install/cpp_srvcli/share/cpp_srvcli/srv/AddTwoInts_Response.msg
[0.987s] -- Up-to-date: /home/juniorsundar/ROS_Workspaces/ros2_tutorials/install/cpp_srvcli/lib/cpp_srvcli/server
[0.987s] -- Up-to-date: /home/juniorsundar/ROS_Workspaces/ros2_tutorials/install/cpp_srvcli/share/ament_index/resource_index/package_run_dependencies/cpp_srvcli
[0.987s] -- Up-to-date: /home/juniorsundar/ROS_Workspaces/ros2_tutorials/install/cpp_srvcli/share/ament_index/resource_index/parent_prefix_path/cpp_srvcli
[0.992s] -- Up-to-date: /home/juniorsundar/ROS_Workspaces/ros2_tutorials/install/cpp_srvcli/share/cpp_srvcli/environment/ament_prefix_path.sh
[0.992s] -- Up-to-date: /home/juniorsundar/ROS_Workspaces/ros2_tutorials/install/cpp_srvcli/share/cpp_srvcli/environment/ament_prefix_path.dsv
[0.992s] -- Up-to-date: /home/juniorsundar/ROS_Workspaces/ros2_tutorials/install/cpp_srvcli/share/cpp_srvcli/environment/path.sh
[0.993s] -- Up-to-date: /home/juniorsundar/ROS_Workspaces/ros2_tutorials/install/cpp_srvcli/share/cpp_srvcli/environment/path.dsv
[0.993s] -- Up-to-date: /home/juniorsundar/ROS_Workspaces/ros2_tutorials/install/cpp_srvcli/share/cpp_srvcli/local_setup.bash
[0.993s] -- Up-to-date: /home/juniorsundar/ROS_Workspaces/ros2_tutorials/install/cpp_srvcli/share/cpp_srvcli/local_setup.sh
[0.993s] -- Up-to-date: /home/juniorsundar/ROS_Workspaces/ros2_tutorials/install/cpp_srvcli/share/cpp_srvcli/local_setup.zsh
[0.993s] -- Up-to-date: /home/juniorsundar/ROS_Workspaces/ros2_tutorials/install/cpp_srvcli/share/cpp_srvcli/local_setup.dsv
[0.993s] -- Installing: /home/juniorsundar/ROS_Workspaces/ros2_tutorials/install/cpp_srvcli/share/cpp_srvcli/package.dsv
[0.993s] -- Up-to-date: /home/juniorsundar/ROS_Workspaces/ros2_tutorials/install/cpp_srvcli/share/ament_index/resource_index/packages/cpp_srvcli
[0.994s] -- Up-to-date: /home/juniorsundar/ROS_Workspaces/ros2_tutorials/install/cpp_srvcli/share/cpp_srvcli/cmake/cpp_srvcli__rosidl_generator_cExport.cmake
[0.994s] -- Up-to-date: /home/juniorsundar/ROS_Workspaces/ros2_tutorials/install/cpp_srvcli/share/cpp_srvcli/cmake/cpp_srvcli__rosidl_generator_cExport-noconfig.cmake
[0.994s] -- Up-to-date: /home/juniorsundar/ROS_Workspaces/ros2_tutorials/install/cpp_srvcli/share/cpp_srvcli/cmake/cpp_srvcli__rosidl_typesupport_introspection_cExport.cmake
[0.994s] -- Up-to-date: /home/juniorsundar/ROS_Workspaces/ros2_tutorials/install/cpp_srvcli/share/cpp_srvcli/cmake/cpp_srvcli__rosidl_typesupport_introspection_cExport-noconfig.cmake
[0.995s] -- Up-to-date: /home/juniorsundar/ROS_Workspaces/ros2_tutorials/install/cpp_srvcli/share/cpp_srvcli/cmake/cpp_srvcli__rosidl_typesupport_cExport.cmake
[0.998s] -- Up-to-date: /home/juniorsundar/ROS_Workspaces/ros2_tutorials/install/cpp_srvcli/share/cpp_srvcli/cmake/cpp_srvcli__rosidl_typesupport_cExport-noconfig.cmake
[0.999s] -- Up-to-date: /home/juniorsundar/ROS_Workspaces/ros2_tutorials/install/cpp_srvcli/share/cpp_srvcli/cmake/cpp_srvcli__rosidl_generator_cppExport.cmake
[0.999s] -- Up-to-date: /home/juniorsundar/ROS_Workspaces/ros2_tutorials/install/cpp_srvcli/share/cpp_srvcli/cmake/cpp_srvcli__rosidl_typesupport_introspection_cppExport.cmake
[0.999s] -- Up-to-date: /home/juniorsundar/ROS_Workspaces/ros2_tutorials/install/cpp_srvcli/share/cpp_srvcli/cmake/cpp_srvcli__rosidl_typesupport_introspection_cppExport-noconfig.cmake
[0.999s] -- Up-to-date: /home/juniorsundar/ROS_Workspaces/ros2_tutorials/install/cpp_srvcli/share/cpp_srvcli/cmake/cpp_srvcli__rosidl_typesupport_cppExport.cmake
[0.999s] -- Up-to-date: /home/juniorsundar/ROS_Workspaces/ros2_tutorials/install/cpp_srvcli/share/cpp_srvcli/cmake/cpp_srvcli__rosidl_typesupport_cppExport-noconfig.cmake
[0.999s] -- Up-to-date: /home/juniorsundar/ROS_Workspaces/ros2_tutorials/install/cpp_srvcli/share/cpp_srvcli/cmake/rosidl_cmake-extras.cmake
[1.000s] -- Up-to-date: /home/juniorsundar/ROS_Workspaces/ros2_tutorials/install/cpp_srvcli/share/cpp_srvcli/cmake/ament_cmake_export_dependencies-extras.cmake
[1.000s] -- Up-to-date: /home/juniorsundar/ROS_Workspaces/ros2_tutorials/install/cpp_srvcli/share/cpp_srvcli/cmake/ament_cmake_export_libraries-extras.cmake
[1.003s] -- Up-to-date: /home/juniorsundar/ROS_Workspaces/ros2_tutorials/install/cpp_srvcli/share/cpp_srvcli/cmake/ament_cmake_export_targets-extras.cmake
[1.003s] -- Up-to-date: /home/juniorsundar/ROS_Workspaces/ros2_tutorials/install/cpp_srvcli/share/cpp_srvcli/cmake/ament_cmake_export_include_directories-extras.cmake
[1.003s] -- Up-to-date: /home/juniorsundar/ROS_Workspaces/ros2_tutorials/install/cpp_srvcli/share/cpp_srvcli/cmake/rosidl_cmake_export_typesupport_libraries-extras.cmake
[1.003s] -- Up-to-date: /home/juniorsundar/ROS_Workspaces/ros2_tutorials/install/cpp_srvcli/share/cpp_srvcli/cmake/rosidl_cmake_export_typesupport_targets-extras.cmake
[1.003s] -- Up-to-date: /home/juniorsundar/ROS_Workspaces/ros2_tutorials/install/cpp_srvcli/share/cpp_srvcli/cmake/cpp_srvcliConfig.cmake
[1.003s] -- Up-to-date: /home/juniorsundar/ROS_Workspaces/ros2_tutorials/install/cpp_srvcli/share/cpp_srvcli/cmake/cpp_srvcliConfig-version.cmake
[1.004s] -- Up-to-date: /home/juniorsundar/ROS_Workspaces/ros2_tutorials/install/cpp_srvcli/share/cpp_srvcli/package.xml
[1.050s] Invoked command in '/home/juniorsundar/ROS_Workspaces/ros2_tutorials/build/cpp_srvcli' returned '0': CMAKE_PREFIX_PATH=${CMAKE_PREFIX_PATH}:/home/juniorsundar/ROS_Workspaces/ros2_tutorials/install/py_pubsub:/home/juniorsundar/ROS_Workspaces/ros2_tutorials/install/learning_tf2_py:/home/juniorsundar/ROS_Workspaces/ros2_tutorials/install/launch_tutorial:/home/juniorsundar/ROS_Workspaces/ros2_tutorials/install/action_py_tutorials:/opt/ros/foxy /home/juniorsundar/.local/bin/cmake --install /home/juniorsundar/ROS_Workspaces/ros2_tutorials/build/cpp_srvcli
