[0.094s] Invoking command in '/home/juniorsundar/ROS_Workspaces/ros2_tutorials/build/action_interfaces_tutorials': CMAKE_PREFIX_PATH=${CMAKE_PREFIX_PATH}:/home/juniorsundar/ROS_Workspaces/ros2_tutorials/install/py_pubsub:/home/juniorsundar/ROS_Workspaces/ros2_tutorials/install/learning_tf2_py:/home/juniorsundar/ROS_Workspaces/ros2_tutorials/install/launch_tutorial:/home/juniorsundar/ROS_Workspaces/ros2_tutorials/install/action_py_tutorials:/opt/ros/foxy /home/juniorsundar/.local/bin/cmake --build /home/juniorsundar/ROS_Workspaces/ros2_tutorials/build/action_interfaces_tutorials -- -j16 -l16
[0.845s] [  3%] Built target action_interfaces_tutorials__cpp
[0.845s] [ 12%] Built target action_interfaces_tutorials__rosidl_generator_c
[0.846s] [ 22%] Built target action_interfaces_tutorials__rosidl_typesupport_introspection_c
[0.846s] [ 32%] Built target action_interfaces_tutorials__rosidl_typesupport_introspection_cpp
[0.847s] [ 48%] Built target action_interfaces_tutorials__rosidl_typesupport_cpp
[0.847s] [ 51%] Built target action_interfaces_tutorials__rosidl_typesupport_fastrtps_cpp
[0.847s] [ 61%] Built target action_interfaces_tutorials__rosidl_typesupport_c
[0.848s] [ 70%] Built target action_interfaces_tutorials__rosidl_typesupport_fastrtps_c
[0.848s] [ 70%] Built target action_interfaces_tutorials
[0.848s] [ 74%] Built target action_interfaces_tutorials__py
[0.849s] [ 80%] Built target action_interfaces_tutorials__python
[0.849s] [ 96%] Built target action_interfaces_tutorials__rosidl_typesupport_c__pyext
[0.850s] [100%] Built target action_interfaces_tutorials__rosidl_typesupport_fastrtps_c__pyext
[0.850s] [100%] Built target action_interfaces_tutorials__rosidl_typesupport_introspection_c__pyext
[0.859s] Invoked command in '/home/juniorsundar/ROS_Workspaces/ros2_tutorials/build/action_interfaces_tutorials' returned '0': CMAKE_PREFIX_PATH=${CMAKE_PREFIX_PATH}:/home/juniorsundar/ROS_Workspaces/ros2_tutorials/install/py_pubsub:/home/juniorsundar/ROS_Workspaces/ros2_tutorials/install/learning_tf2_py:/home/juniorsundar/ROS_Workspaces/ros2_tutorials/install/launch_tutorial:/home/juniorsundar/ROS_Workspaces/ros2_tutorials/install/action_py_tutorials:/opt/ros/foxy /home/juniorsundar/.local/bin/cmake --build /home/juniorsundar/ROS_Workspaces/ros2_tutorials/build/action_interfaces_tutorials -- -j16 -l16
[0.897s] Invoking command in '/home/juniorsundar/ROS_Workspaces/ros2_tutorials/build/action_interfaces_tutorials': CMAKE_PREFIX_PATH=${CMAKE_PREFIX_PATH}:/home/juniorsundar/ROS_Workspaces/ros2_tutorials/install/py_pubsub:/home/juniorsundar/ROS_Workspaces/ros2_tutorials/install/learning_tf2_py:/home/juniorsundar/ROS_Workspaces/ros2_tutorials/install/launch_tutorial:/home/juniorsundar/ROS_Workspaces/ros2_tutorials/install/action_py_tutorials:/opt/ros/foxy /home/juniorsundar/.local/bin/cmake --install /home/juniorsundar/ROS_Workspaces/ros2_tutorials/build/action_interfaces_tutorials
[0.912s] -- Install configuration: ""
[0.912s] -- Up-to-date: /home/juniorsundar/ROS_Workspaces/ros2_tutorials/install/action_interfaces_tutorials/share/ament_index/resource_index/rosidl_interfaces/action_interfaces_tutorials
[0.912s] -- Up-to-date: /home/juniorsundar/ROS_Workspaces/ros2_tutorials/install/action_interfaces_tutorials/include/action_interfaces_tutorials
[0.913s] -- Up-to-date: /home/juniorsundar/ROS_Workspaces/ros2_tutorials/install/action_interfaces_tutorials/include/action_interfaces_tutorials/action
[0.913s] -- Up-to-date: /home/juniorsundar/ROS_Workspaces/ros2_tutorials/install/action_interfaces_tutorials/include/action_interfaces_tutorials/action/detail
[0.913s] -- Up-to-date: /home/juniorsundar/ROS_Workspaces/ros2_tutorials/install/action_interfaces_tutorials/include/action_interfaces_tutorials/action/detail/fibonacci__functions.h
[0.913s] -- Up-to-date: /home/juniorsundar/ROS_Workspaces/ros2_tutorials/install/action_interfaces_tutorials/include/action_interfaces_tutorials/action/detail/fibonacci__functions.c
[0.916s] -- Up-to-date: /home/juniorsundar/ROS_Workspaces/ros2_tutorials/install/action_interfaces_tutorials/include/action_interfaces_tutorials/action/detail/fibonacci__struct.h
[0.916s] -- Up-to-date: /home/juniorsundar/ROS_Workspaces/ros2_tutorials/install/action_interfaces_tutorials/include/action_interfaces_tutorials/action/detail/fibonacci__type_support.h
[0.916s] -- Up-to-date: /home/juniorsundar/ROS_Workspaces/ros2_tutorials/install/action_interfaces_tutorials/include/action_interfaces_tutorials/action/fibonacci.h
[0.916s] -- Up-to-date: /home/juniorsundar/ROS_Workspaces/ros2_tutorials/install/action_interfaces_tutorials/include/action_interfaces_tutorials/msg
[0.916s] -- Up-to-date: /home/juniorsundar/ROS_Workspaces/ros2_tutorials/install/action_interfaces_tutorials/include/action_interfaces_tutorials/msg/rosidl_generator_c__visibility_control.h
[0.917s] -- Up-to-date: /home/juniorsundar/ROS_Workspaces/ros2_tutorials/install/action_interfaces_tutorials/share/action_interfaces_tutorials/environment/library_path.sh
[0.917s] -- Up-to-date: /home/juniorsundar/ROS_Workspaces/ros2_tutorials/install/action_interfaces_tutorials/share/action_interfaces_tutorials/environment/library_path.dsv
[0.917s] -- Up-to-date: /home/juniorsundar/ROS_Workspaces/ros2_tutorials/install/action_interfaces_tutorials/lib/libaction_interfaces_tutorials__rosidl_generator_c.so
[0.917s] -- Up-to-date: /home/juniorsundar/ROS_Workspaces/ros2_tutorials/install/action_interfaces_tutorials/include/action_interfaces_tutorials
[0.917s] -- Up-to-date: /home/juniorsundar/ROS_Workspaces/ros2_tutorials/install/action_interfaces_tutorials/include/action_interfaces_tutorials/action
[0.920s] -- Up-to-date: /home/juniorsundar/ROS_Workspaces/ros2_tutorials/install/action_interfaces_tutorials/include/action_interfaces_tutorials/action/detail
[0.920s] -- Up-to-date: /home/juniorsundar/ROS_Workspaces/ros2_tutorials/install/action_interfaces_tutorials/include/action_interfaces_tutorials/action/detail/fibonacci__rosidl_typesupport_fastrtps_c.h
[0.921s] -- Up-to-date: /home/juniorsundar/ROS_Workspaces/ros2_tutorials/install/action_interfaces_tutorials/include/action_interfaces_tutorials/msg
[0.921s] -- Up-to-date: /home/juniorsundar/ROS_Workspaces/ros2_tutorials/install/action_interfaces_tutorials/include/action_interfaces_tutorials/msg/rosidl_typesupport_fastrtps_c__visibility_control.h
[0.921s] -- Up-to-date: /home/juniorsundar/ROS_Workspaces/ros2_tutorials/install/action_interfaces_tutorials/lib/libaction_interfaces_tutorials__rosidl_typesupport_fastrtps_c.so
[0.921s] -- Up-to-date: /home/juniorsundar/ROS_Workspaces/ros2_tutorials/install/action_interfaces_tutorials/include/action_interfaces_tutorials
[0.921s] -- Up-to-date: /home/juniorsundar/ROS_Workspaces/ros2_tutorials/install/action_interfaces_tutorials/include/action_interfaces_tutorials/action
[0.922s] -- Up-to-date: /home/juniorsundar/ROS_Workspaces/ros2_tutorials/install/action_interfaces_tutorials/include/action_interfaces_tutorials/action/detail
[0.924s] -- Up-to-date: /home/juniorsundar/ROS_Workspaces/ros2_tutorials/install/action_interfaces_tutorials/include/action_interfaces_tutorials/action/detail/fibonacci__rosidl_typesupport_fastrtps_cpp.hpp
[0.925s] -- Up-to-date: /home/juniorsundar/ROS_Workspaces/ros2_tutorials/install/action_interfaces_tutorials/include/action_interfaces_tutorials/action/detail/dds_fastrtps
[0.925s] -- Up-to-date: /home/juniorsundar/ROS_Workspaces/ros2_tutorials/install/action_interfaces_tutorials/include/action_interfaces_tutorials/msg
[0.925s] -- Up-to-date: /home/juniorsundar/ROS_Workspaces/ros2_tutorials/install/action_interfaces_tutorials/include/action_interfaces_tutorials/msg/rosidl_typesupport_fastrtps_cpp__visibility_control.h
[0.925s] -- Up-to-date: /home/juniorsundar/ROS_Workspaces/ros2_tutorials/install/action_interfaces_tutorials/lib/libaction_interfaces_tutorials__rosidl_typesupport_fastrtps_cpp.so
[0.926s] -- Up-to-date: /home/juniorsundar/ROS_Workspaces/ros2_tutorials/install/action_interfaces_tutorials/include/action_interfaces_tutorials
[0.926s] -- Up-to-date: /home/juniorsundar/ROS_Workspaces/ros2_tutorials/install/action_interfaces_tutorials/include/action_interfaces_tutorials/action
[0.926s] -- Up-to-date: /home/juniorsundar/ROS_Workspaces/ros2_tutorials/install/action_interfaces_tutorials/include/action_interfaces_tutorials/action/detail
[0.926s] -- Up-to-date: /home/juniorsundar/ROS_Workspaces/ros2_tutorials/install/action_interfaces_tutorials/include/action_interfaces_tutorials/action/detail/fibonacci__rosidl_typesupport_introspection_c.h
[0.926s] -- Up-to-date: /home/juniorsundar/ROS_Workspaces/ros2_tutorials/install/action_interfaces_tutorials/include/action_interfaces_tutorials/action/detail/fibonacci__type_support.c
[0.926s] -- Up-to-date: /home/juniorsundar/ROS_Workspaces/ros2_tutorials/install/action_interfaces_tutorials/include/action_interfaces_tutorials/msg
[0.926s] -- Up-to-date: /home/juniorsundar/ROS_Workspaces/ros2_tutorials/install/action_interfaces_tutorials/include/action_interfaces_tutorials/msg/rosidl_typesupport_introspection_c__visibility_control.h
[0.927s] -- Up-to-date: /home/juniorsundar/ROS_Workspaces/ros2_tutorials/install/action_interfaces_tutorials/lib/libaction_interfaces_tutorials__rosidl_typesupport_introspection_c.so
[0.927s] -- Up-to-date: /home/juniorsundar/ROS_Workspaces/ros2_tutorials/install/action_interfaces_tutorials/lib/libaction_interfaces_tutorials__rosidl_typesupport_c.so
[0.927s] -- Up-to-date: /home/juniorsundar/ROS_Workspaces/ros2_tutorials/install/action_interfaces_tutorials/include/action_interfaces_tutorials
[0.928s] -- Up-to-date: /home/juniorsundar/ROS_Workspaces/ros2_tutorials/install/action_interfaces_tutorials/include/action_interfaces_tutorials/action
[0.928s] -- Up-to-date: /home/juniorsundar/ROS_Workspaces/ros2_tutorials/install/action_interfaces_tutorials/include/action_interfaces_tutorials/action/detail
[0.928s] -- Up-to-date: /home/juniorsundar/ROS_Workspaces/ros2_tutorials/install/action_interfaces_tutorials/include/action_interfaces_tutorials/action/detail/fibonacci__traits.hpp
[0.929s] -- Up-to-date: /home/juniorsundar/ROS_Workspaces/ros2_tutorials/install/action_interfaces_tutorials/include/action_interfaces_tutorials/action/detail/fibonacci__struct.hpp
[0.929s] -- Up-to-date: /home/juniorsundar/ROS_Workspaces/ros2_tutorials/install/action_interfaces_tutorials/include/action_interfaces_tutorials/action/detail/fibonacci__builder.hpp
[0.929s] -- Up-to-date: /home/juniorsundar/ROS_Workspaces/ros2_tutorials/install/action_interfaces_tutorials/include/action_interfaces_tutorials/action/fibonacci.hpp
[0.930s] -- Up-to-date: /home/juniorsundar/ROS_Workspaces/ros2_tutorials/install/action_interfaces_tutorials/include/action_interfaces_tutorials
[0.935s] -- Up-to-date: /home/juniorsundar/ROS_Workspaces/ros2_tutorials/install/action_interfaces_tutorials/include/action_interfaces_tutorials/action
[0.935s] -- Up-to-date: /home/juniorsundar/ROS_Workspaces/ros2_tutorials/install/action_interfaces_tutorials/include/action_interfaces_tutorials/action/detail
[0.936s] -- Up-to-date: /home/juniorsundar/ROS_Workspaces/ros2_tutorials/install/action_interfaces_tutorials/include/action_interfaces_tutorials/action/detail/fibonacci__type_support.cpp
[0.936s] -- Up-to-date: /home/juniorsundar/ROS_Workspaces/ros2_tutorials/install/action_interfaces_tutorials/include/action_interfaces_tutorials/action/detail/fibonacci__rosidl_typesupport_introspection_cpp.hpp
[0.946s] -- Up-to-date: /home/juniorsundar/ROS_Workspaces/ros2_tutorials/install/action_interfaces_tutorials/lib/libaction_interfaces_tutorials__rosidl_typesupport_introspection_cpp.so
[0.947s] -- Up-to-date: /home/juniorsundar/ROS_Workspaces/ros2_tutorials/install/action_interfaces_tutorials/lib/libaction_interfaces_tutorials__rosidl_typesupport_cpp.so
[0.947s] -- Up-to-date: /home/juniorsundar/ROS_Workspaces/ros2_tutorials/install/action_interfaces_tutorials/share/action_interfaces_tutorials/environment/pythonpath.sh
[0.947s] -- Up-to-date: /home/juniorsundar/ROS_Workspaces/ros2_tutorials/install/action_interfaces_tutorials/share/action_interfaces_tutorials/environment/pythonpath.dsv
[0.947s] -- Up-to-date: /home/juniorsundar/ROS_Workspaces/ros2_tutorials/install/action_interfaces_tutorials/lib/python3.8/site-packages/action_interfaces_tutorials/__init__.py
[0.981s] -- Up-to-date: /home/juniorsundar/ROS_Workspaces/ros2_tutorials/install/action_interfaces_tutorials/lib/python3.8/site-packages/action_interfaces_tutorials/action
[0.981s] -- Up-to-date: /home/juniorsundar/ROS_Workspaces/ros2_tutorials/install/action_interfaces_tutorials/lib/python3.8/site-packages/action_interfaces_tutorials/action/_fibonacci_s.c
[0.981s] -- Up-to-date: /home/juniorsundar/ROS_Workspaces/ros2_tutorials/install/action_interfaces_tutorials/lib/python3.8/site-packages/action_interfaces_tutorials/action/_fibonacci.py
[0.981s] -- Up-to-date: /home/juniorsundar/ROS_Workspaces/ros2_tutorials/install/action_interfaces_tutorials/lib/python3.8/site-packages/action_interfaces_tutorials/action/__init__.py
[0.982s] -- Up-to-date: /home/juniorsundar/ROS_Workspaces/ros2_tutorials/install/action_interfaces_tutorials/lib/python3.8/site-packages/action_interfaces_tutorials/action_interfaces_tutorials_s__rosidl_typesupport_fastrtps_c.cpython-38-x86_64-linux-gnu.so
[0.982s] -- Up-to-date: /home/juniorsundar/ROS_Workspaces/ros2_tutorials/install/action_interfaces_tutorials/lib/python3.8/site-packages/action_interfaces_tutorials/action_interfaces_tutorials_s__rosidl_typesupport_introspection_c.cpython-38-x86_64-linux-gnu.so
[0.985s] -- Up-to-date: /home/juniorsundar/ROS_Workspaces/ros2_tutorials/install/action_interfaces_tutorials/lib/python3.8/site-packages/action_interfaces_tutorials/action_interfaces_tutorials_s__rosidl_typesupport_c.cpython-38-x86_64-linux-gnu.so
[0.985s] -- Up-to-date: /home/juniorsundar/ROS_Workspaces/ros2_tutorials/install/action_interfaces_tutorials/lib/libaction_interfaces_tutorials__python.so
[0.985s] -- Up-to-date: /home/juniorsundar/ROS_Workspaces/ros2_tutorials/install/action_interfaces_tutorials/share/action_interfaces_tutorials/action/Fibonacci.idl
[0.986s] -- Up-to-date: /home/juniorsundar/ROS_Workspaces/ros2_tutorials/install/action_interfaces_tutorials/share/action_interfaces_tutorials/action/Fibonacci.action
[0.986s] -- Up-to-date: /home/juniorsundar/ROS_Workspaces/ros2_tutorials/install/action_interfaces_tutorials/share/ament_index/resource_index/package_run_dependencies/action_interfaces_tutorials
[0.986s] -- Up-to-date: /home/juniorsundar/ROS_Workspaces/ros2_tutorials/install/action_interfaces_tutorials/share/ament_index/resource_index/parent_prefix_path/action_interfaces_tutorials
[0.989s] -- Up-to-date: /home/juniorsundar/ROS_Workspaces/ros2_tutorials/install/action_interfaces_tutorials/share/action_interfaces_tutorials/environment/ament_prefix_path.sh
[0.989s] -- Up-to-date: /home/juniorsundar/ROS_Workspaces/ros2_tutorials/install/action_interfaces_tutorials/share/action_interfaces_tutorials/environment/ament_prefix_path.dsv
[0.989s] -- Up-to-date: /home/juniorsundar/ROS_Workspaces/ros2_tutorials/install/action_interfaces_tutorials/share/action_interfaces_tutorials/environment/path.sh
[0.990s] -- Up-to-date: /home/juniorsundar/ROS_Workspaces/ros2_tutorials/install/action_interfaces_tutorials/share/action_interfaces_tutorials/environment/path.dsv
[0.990s] -- Up-to-date: /home/juniorsundar/ROS_Workspaces/ros2_tutorials/install/action_interfaces_tutorials/share/action_interfaces_tutorials/local_setup.bash
[0.990s] -- Up-to-date: /home/juniorsundar/ROS_Workspaces/ros2_tutorials/install/action_interfaces_tutorials/share/action_interfaces_tutorials/local_setup.sh
[0.990s] -- Up-to-date: /home/juniorsundar/ROS_Workspaces/ros2_tutorials/install/action_interfaces_tutorials/share/action_interfaces_tutorials/local_setup.zsh
[0.990s] -- Up-to-date: /home/juniorsundar/ROS_Workspaces/ros2_tutorials/install/action_interfaces_tutorials/share/action_interfaces_tutorials/local_setup.dsv
[0.991s] -- Installing: /home/juniorsundar/ROS_Workspaces/ros2_tutorials/install/action_interfaces_tutorials/share/action_interfaces_tutorials/package.dsv
[0.991s] -- Up-to-date: /home/juniorsundar/ROS_Workspaces/ros2_tutorials/install/action_interfaces_tutorials/share/ament_index/resource_index/packages/action_interfaces_tutorials
[0.991s] -- Up-to-date: /home/juniorsundar/ROS_Workspaces/ros2_tutorials/install/action_interfaces_tutorials/share/action_interfaces_tutorials/cmake/action_interfaces_tutorials__rosidl_generator_cExport.cmake
[0.991s] -- Up-to-date: /home/juniorsundar/ROS_Workspaces/ros2_tutorials/install/action_interfaces_tutorials/share/action_interfaces_tutorials/cmake/action_interfaces_tutorials__rosidl_generator_cExport-noconfig.cmake
[0.991s] -- Up-to-date: /home/juniorsundar/ROS_Workspaces/ros2_tutorials/install/action_interfaces_tutorials/share/action_interfaces_tutorials/cmake/action_interfaces_tutorials__rosidl_typesupport_introspection_cExport.cmake
[0.992s] -- Up-to-date: /home/juniorsundar/ROS_Workspaces/ros2_tutorials/install/action_interfaces_tutorials/share/action_interfaces_tutorials/cmake/action_interfaces_tutorials__rosidl_typesupport_introspection_cExport-noconfig.cmake
[0.993s] -- Up-to-date: /home/juniorsundar/ROS_Workspaces/ros2_tutorials/install/action_interfaces_tutorials/share/action_interfaces_tutorials/cmake/action_interfaces_tutorials__rosidl_typesupport_cExport.cmake
[0.993s] -- Up-to-date: /home/juniorsundar/ROS_Workspaces/ros2_tutorials/install/action_interfaces_tutorials/share/action_interfaces_tutorials/cmake/action_interfaces_tutorials__rosidl_typesupport_cExport-noconfig.cmake
[0.993s] -- Up-to-date: /home/juniorsundar/ROS_Workspaces/ros2_tutorials/install/action_interfaces_tutorials/share/action_interfaces_tutorials/cmake/action_interfaces_tutorials__rosidl_generator_cppExport.cmake
[0.993s] -- Up-to-date: /home/juniorsundar/ROS_Workspaces/ros2_tutorials/install/action_interfaces_tutorials/share/action_interfaces_tutorials/cmake/action_interfaces_tutorials__rosidl_typesupport_introspection_cppExport.cmake
[0.993s] -- Up-to-date: /home/juniorsundar/ROS_Workspaces/ros2_tutorials/install/action_interfaces_tutorials/share/action_interfaces_tutorials/cmake/action_interfaces_tutorials__rosidl_typesupport_introspection_cppExport-noconfig.cmake
[0.997s] -- Up-to-date: /home/juniorsundar/ROS_Workspaces/ros2_tutorials/install/action_interfaces_tutorials/share/action_interfaces_tutorials/cmake/action_interfaces_tutorials__rosidl_typesupport_cppExport.cmake
[0.998s] -- Up-to-date: /home/juniorsundar/ROS_Workspaces/ros2_tutorials/install/action_interfaces_tutorials/share/action_interfaces_tutorials/cmake/action_interfaces_tutorials__rosidl_typesupport_cppExport-noconfig.cmake
[0.998s] -- Up-to-date: /home/juniorsundar/ROS_Workspaces/ros2_tutorials/install/action_interfaces_tutorials/share/action_interfaces_tutorials/cmake/rosidl_cmake-extras.cmake
[0.998s] -- Up-to-date: /home/juniorsundar/ROS_Workspaces/ros2_tutorials/install/action_interfaces_tutorials/share/action_interfaces_tutorials/cmake/ament_cmake_export_dependencies-extras.cmake
[0.998s] -- Up-to-date: /home/juniorsundar/ROS_Workspaces/ros2_tutorials/install/action_interfaces_tutorials/share/action_interfaces_tutorials/cmake/ament_cmake_export_libraries-extras.cmake
[0.998s] -- Up-to-date: /home/juniorsundar/ROS_Workspaces/ros2_tutorials/install/action_interfaces_tutorials/share/action_interfaces_tutorials/cmake/ament_cmake_export_targets-extras.cmake
[0.998s] -- Up-to-date: /home/juniorsundar/ROS_Workspaces/ros2_tutorials/install/action_interfaces_tutorials/share/action_interfaces_tutorials/cmake/ament_cmake_export_include_directories-extras.cmake
[0.998s] -- Up-to-date: /home/juniorsundar/ROS_Workspaces/ros2_tutorials/install/action_interfaces_tutorials/share/action_interfaces_tutorials/cmake/rosidl_cmake_export_typesupport_libraries-extras.cmake
[0.998s] -- Up-to-date: /home/juniorsundar/ROS_Workspaces/ros2_tutorials/install/action_interfaces_tutorials/share/action_interfaces_tutorials/cmake/rosidl_cmake_export_typesupport_targets-extras.cmake
[0.998s] -- Up-to-date: /home/juniorsundar/ROS_Workspaces/ros2_tutorials/install/action_interfaces_tutorials/share/action_interfaces_tutorials/cmake/action_interfaces_tutorialsConfig.cmake
[0.998s] -- Up-to-date: /home/juniorsundar/ROS_Workspaces/ros2_tutorials/install/action_interfaces_tutorials/share/action_interfaces_tutorials/cmake/action_interfaces_tutorialsConfig-version.cmake
[1.001s] -- Up-to-date: /home/juniorsundar/ROS_Workspaces/ros2_tutorials/install/action_interfaces_tutorials/share/action_interfaces_tutorials/package.xml
[1.026s] Invoked command in '/home/juniorsundar/ROS_Workspaces/ros2_tutorials/build/action_interfaces_tutorials' returned '0': CMAKE_PREFIX_PATH=${CMAKE_PREFIX_PATH}:/home/juniorsundar/ROS_Workspaces/ros2_tutorials/install/py_pubsub:/home/juniorsundar/ROS_Workspaces/ros2_tutorials/install/learning_tf2_py:/home/juniorsundar/ROS_Workspaces/ros2_tutorials/install/launch_tutorial:/home/juniorsundar/ROS_Workspaces/ros2_tutorials/install/action_py_tutorials:/opt/ros/foxy /home/juniorsundar/.local/bin/cmake --install /home/juniorsundar/ROS_Workspaces/ros2_tutorials/build/action_interfaces_tutorials
