[0.088s] Invoking command in '/home/juniorsundar/ROS_Workspaces/ros2_tutorials/build/cpp_pubsub': CMAKE_PREFIX_PATH=${CMAKE_PREFIX_PATH}:/home/juniorsundar/ROS_Workspaces/ros2_tutorials/install/py_pubsub:/home/juniorsundar/ROS_Workspaces/ros2_tutorials/install/learning_tf2_py:/home/juniorsundar/ROS_Workspaces/ros2_tutorials/install/launch_tutorial:/home/juniorsundar/ROS_Workspaces/ros2_tutorials/install/action_py_tutorials:/opt/ros/foxy /home/juniorsundar/.local/bin/cmake --build /home/juniorsundar/ROS_Workspaces/ros2_tutorials/build/cpp_pubsub -- -j16 -l16
[0.895s] [35m[1mConsolidate compiler generated dependencies of target listener[0m
[0.896s] [35m[1mConsolidate compiler generated dependencies of target talker[0m
[0.896s] [100%] Built target listener
[0.897s] [100%] Built target talker
[0.908s] Invoked command in '/home/juniorsundar/ROS_Workspaces/ros2_tutorials/build/cpp_pubsub' returned '0': CMAKE_PREFIX_PATH=${CMAKE_PREFIX_PATH}:/home/juniorsundar/ROS_Workspaces/ros2_tutorials/install/py_pubsub:/home/juniorsundar/ROS_Workspaces/ros2_tutorials/install/learning_tf2_py:/home/juniorsundar/ROS_Workspaces/ros2_tutorials/install/launch_tutorial:/home/juniorsundar/ROS_Workspaces/ros2_tutorials/install/action_py_tutorials:/opt/ros/foxy /home/juniorsundar/.local/bin/cmake --build /home/juniorsundar/ROS_Workspaces/ros2_tutorials/build/cpp_pubsub -- -j16 -l16
[0.914s] Invoking command in '/home/juniorsundar/ROS_Workspaces/ros2_tutorials/build/cpp_pubsub': CMAKE_PREFIX_PATH=${CMAKE_PREFIX_PATH}:/home/juniorsundar/ROS_Workspaces/ros2_tutorials/install/py_pubsub:/home/juniorsundar/ROS_Workspaces/ros2_tutorials/install/learning_tf2_py:/home/juniorsundar/ROS_Workspaces/ros2_tutorials/install/launch_tutorial:/home/juniorsundar/ROS_Workspaces/ros2_tutorials/install/action_py_tutorials:/opt/ros/foxy /home/juniorsundar/.local/bin/cmake --install /home/juniorsundar/ROS_Workspaces/ros2_tutorials/build/cpp_pubsub
[0.917s] -- Install configuration: ""
[0.918s] -- Up-to-date: /home/juniorsundar/ROS_Workspaces/ros2_tutorials/install/cpp_pubsub/lib/cpp_pubsub/talker
[0.919s] -- Up-to-date: /home/juniorsundar/ROS_Workspaces/ros2_tutorials/install/cpp_pubsub/lib/cpp_pubsub/listener
[0.920s] -- Up-to-date: /home/juniorsundar/ROS_Workspaces/ros2_tutorials/install/cpp_pubsub/share/cpp_pubsub/launch//launch
[0.921s] -- Up-to-date: /home/juniorsundar/ROS_Workspaces/ros2_tutorials/install/cpp_pubsub/share/cpp_pubsub/launch//launch/turtlesim_mimic.launch.py
[0.921s] -- Up-to-date: /home/juniorsundar/ROS_Workspaces/ros2_tutorials/install/cpp_pubsub/share/ament_index/resource_index/package_run_dependencies/cpp_pubsub
[0.921s] -- Up-to-date: /home/juniorsundar/ROS_Workspaces/ros2_tutorials/install/cpp_pubsub/share/ament_index/resource_index/parent_prefix_path/cpp_pubsub
[0.921s] -- Up-to-date: /home/juniorsundar/ROS_Workspaces/ros2_tutorials/install/cpp_pubsub/share/cpp_pubsub/environment/ament_prefix_path.sh
[0.922s] -- Up-to-date: /home/juniorsundar/ROS_Workspaces/ros2_tutorials/install/cpp_pubsub/share/cpp_pubsub/environment/ament_prefix_path.dsv
[0.923s] -- Up-to-date: /home/juniorsundar/ROS_Workspaces/ros2_tutorials/install/cpp_pubsub/share/cpp_pubsub/environment/path.sh
[0.924s] -- Up-to-date: /home/juniorsundar/ROS_Workspaces/ros2_tutorials/install/cpp_pubsub/share/cpp_pubsub/environment/path.dsv
[0.926s] -- Up-to-date: /home/juniorsundar/ROS_Workspaces/ros2_tutorials/install/cpp_pubsub/share/cpp_pubsub/local_setup.bash
[0.927s] -- Up-to-date: /home/juniorsundar/ROS_Workspaces/ros2_tutorials/install/cpp_pubsub/share/cpp_pubsub/local_setup.sh
[0.927s] -- Up-to-date: /home/juniorsundar/ROS_Workspaces/ros2_tutorials/install/cpp_pubsub/share/cpp_pubsub/local_setup.zsh
[0.927s] -- Up-to-date: /home/juniorsundar/ROS_Workspaces/ros2_tutorials/install/cpp_pubsub/share/cpp_pubsub/local_setup.dsv
[0.927s] -- Installing: /home/juniorsundar/ROS_Workspaces/ros2_tutorials/install/cpp_pubsub/share/cpp_pubsub/package.dsv
[0.927s] -- Up-to-date: /home/juniorsundar/ROS_Workspaces/ros2_tutorials/install/cpp_pubsub/share/ament_index/resource_index/packages/cpp_pubsub
[0.927s] -- Up-to-date: /home/juniorsundar/ROS_Workspaces/ros2_tutorials/install/cpp_pubsub/share/cpp_pubsub/cmake/cpp_pubsubConfig.cmake
[0.927s] -- Up-to-date: /home/juniorsundar/ROS_Workspaces/ros2_tutorials/install/cpp_pubsub/share/cpp_pubsub/cmake/cpp_pubsubConfig-version.cmake
[0.927s] -- Up-to-date: /home/juniorsundar/ROS_Workspaces/ros2_tutorials/install/cpp_pubsub/share/cpp_pubsub/package.xml
[0.941s] Invoked command in '/home/juniorsundar/ROS_Workspaces/ros2_tutorials/build/cpp_pubsub' returned '0': CMAKE_PREFIX_PATH=${CMAKE_PREFIX_PATH}:/home/juniorsundar/ROS_Workspaces/ros2_tutorials/install/py_pubsub:/home/juniorsundar/ROS_Workspaces/ros2_tutorials/install/learning_tf2_py:/home/juniorsundar/ROS_Workspaces/ros2_tutorials/install/launch_tutorial:/home/juniorsundar/ROS_Workspaces/ros2_tutorials/install/action_py_tutorials:/opt/ros/foxy /home/juniorsundar/.local/bin/cmake --install /home/juniorsundar/ROS_Workspaces/ros2_tutorials/build/cpp_pubsub
