running egg_info
writing ../../build/action_py_tutorials/action_py_tutorials.egg-info/PKG-INFO
writing dependency_links to ../../build/action_py_tutorials/action_py_tutorials.egg-info/dependency_links.txt
writing entry points to ../../build/action_py_tutorials/action_py_tutorials.egg-info/entry_points.txt
writing requirements to ../../build/action_py_tutorials/action_py_tutorials.egg-info/requires.txt
writing top-level names to ../../build/action_py_tutorials/action_py_tutorials.egg-info/top_level.txt
reading manifest file '../../build/action_py_tutorials/action_py_tutorials.egg-info/SOURCES.txt'
writing manifest file '../../build/action_py_tutorials/action_py_tutorials.egg-info/SOURCES.txt'
running build
running build_py
running install
running install_lib
running install_data
running install_egg_info
removing '/home/juniorsundar/ROS_Workspaces/ros2_tutorials/install/action_py_tutorials/lib/python3.8/site-packages/action_py_tutorials-0.0.0-py3.8.egg-info' (and everything under it)
Copying ../../build/action_py_tutorials/action_py_tutorials.egg-info to /home/juniorsundar/ROS_Workspaces/ros2_tutorials/install/action_py_tutorials/lib/python3.8/site-packages/action_py_tutorials-0.0.0-py3.8.egg-info
running install_scripts
Installing fibonacci_action_client script to /home/juniorsundar/ROS_Workspaces/ros2_tutorials/install/action_py_tutorials/lib/action_py_tutorials
Installing fibonacci_action_server script to /home/juniorsundar/ROS_Workspaces/ros2_tutorials/install/action_py_tutorials/lib/action_py_tutorials
writing list of installed files to '/home/juniorsundar/ROS_Workspaces/ros2_tutorials/build/action_py_tutorials/install.log'
