[1.329s] Invoking command in '/home/juniorsundar/ROS_Workspaces/ros2_tutorials/src/py_pubsub': PYTHONPATH=/home/juniorsundar/ROS_Workspaces/ros2_tutorials/install/py_pubsub/lib/python3.8/site-packages:${PYTHONPATH} /usr/bin/python3 setup.py egg_info --egg-base ../../build/py_pubsub build --build-base /home/juniorsundar/ROS_Workspaces/ros2_tutorials/build/py_pubsub/build install --prefix /home/juniorsundar/ROS_Workspaces/ros2_tutorials/install/py_pubsub --record /home/juniorsundar/ROS_Workspaces/ros2_tutorials/build/py_pubsub/install.log --single-version-externally-managed
[1.559s] running egg_info
[1.559s] writing ../../build/py_pubsub/py_pubsub.egg-info/PKG-INFO
[1.559s] writing dependency_links to ../../build/py_pubsub/py_pubsub.egg-info/dependency_links.txt
[1.559s] writing entry points to ../../build/py_pubsub/py_pubsub.egg-info/entry_points.txt
[1.559s] writing requirements to ../../build/py_pubsub/py_pubsub.egg-info/requires.txt
[1.559s] writing top-level names to ../../build/py_pubsub/py_pubsub.egg-info/top_level.txt
[1.561s] reading manifest file '../../build/py_pubsub/py_pubsub.egg-info/SOURCES.txt'
[1.562s] writing manifest file '../../build/py_pubsub/py_pubsub.egg-info/SOURCES.txt'
[1.562s] running build
[1.562s] running build_py
[1.562s] running install
[1.563s] running install_lib
[1.564s] running install_data
[1.564s] running install_egg_info
[1.565s] removing '/home/juniorsundar/ROS_Workspaces/ros2_tutorials/install/py_pubsub/lib/python3.8/site-packages/py_pubsub-0.0.0-py3.8.egg-info' (and everything under it)
[1.566s] Copying ../../build/py_pubsub/py_pubsub.egg-info to /home/juniorsundar/ROS_Workspaces/ros2_tutorials/install/py_pubsub/lib/python3.8/site-packages/py_pubsub-0.0.0-py3.8.egg-info
[1.566s] running install_scripts
[1.580s] Installing listener script to /home/juniorsundar/ROS_Workspaces/ros2_tutorials/install/py_pubsub/lib/py_pubsub
[1.580s] Installing talker script to /home/juniorsundar/ROS_Workspaces/ros2_tutorials/install/py_pubsub/lib/py_pubsub
[1.625s] writing list of installed files to '/home/juniorsundar/ROS_Workspaces/ros2_tutorials/build/py_pubsub/install.log'
[1.649s] Invoked command in '/home/juniorsundar/ROS_Workspaces/ros2_tutorials/src/py_pubsub' returned '0': PYTHONPATH=/home/juniorsundar/ROS_Workspaces/ros2_tutorials/install/py_pubsub/lib/python3.8/site-packages:${PYTHONPATH} /usr/bin/python3 setup.py egg_info --egg-base ../../build/py_pubsub build --build-base /home/juniorsundar/ROS_Workspaces/ros2_tutorials/build/py_pubsub/build install --prefix /home/juniorsundar/ROS_Workspaces/ros2_tutorials/install/py_pubsub --record /home/juniorsundar/ROS_Workspaces/ros2_tutorials/build/py_pubsub/install.log --single-version-externally-managed
