-- The C compiler identification is GNU 9.4.0
-- The CXX compiler identification is GNU 9.4.0
-- Detecting C compiler ABI info
-- Detecting C compiler ABI info - done
-- Check for working C compiler: /usr/bin/cc - skipped
-- Detecting C compile features
-- Detecting C compile features - done
-- Detecting CXX compiler ABI info
-- Detecting CXX compiler ABI info - done
-- Check for working CXX compiler: /usr/bin/c++ - skipped
-- Detecting CXX compile features
-- Detecting CXX compile features - done
-- Found ament_cmake: 0.9.9 (/opt/ros/foxy/share/ament_cmake/cmake)
-- Found PythonInterp: /usr/bin/python3 (found suitable version "3.8.10", minimum required is "3") 
-- Using PYTHON_EXECUTABLE: /usr/bin/python3
-- Found rclcpp: 2.4.1 (/opt/ros/foxy/share/rclcpp/cmake)
-- Using all available rosidl_typesupport_c: rosidl_typesupport_fastrtps_c;rosidl_typesupport_introspection_c
-- Found rosidl_adapter: 1.2.1 (/opt/ros/foxy/share/rosidl_adapter/cmake)
-- Found OpenSSL: /usr/lib/x86_64-linux-gnu/libcrypto.so (found version "1.1.1f")  
-- Found FastRTPS: /opt/ros/foxy/include  
-- Using all available rosidl_typesupport_cpp: rosidl_typesupport_fastrtps_cpp;rosidl_typesupport_introspection_cpp
-- Found rmw_implementation_cmake: 1.0.3 (/opt/ros/foxy/share/rmw_implementation_cmake/cmake)
-- Using RMW implementation 'rmw_fastrtps_cpp' as default
-- Looking for pthread.h
-- Looking for pthread.h - found
-- Performing Test CMAKE_HAVE_LIBC_PTHREAD
-- Performing Test CMAKE_HAVE_LIBC_PTHREAD - Failed
-- Looking for pthread_create in pthreads
-- Looking for pthread_create in pthreads - not found
-- Looking for pthread_create in pthread
-- Looking for pthread_create in pthread - found
-- Found Threads: TRUE  
-- Found rclpy: 1.0.8 (/opt/ros/foxy/share/rclpy/cmake)
-- Found ament_lint_auto: 0.9.6 (/opt/ros/foxy/share/ament_lint_auto/cmake)
-- Added test 'copyright' to check source files copyright and LICENSE
-- Added test 'cppcheck' to perform static code analysis on C / C++ code
-- Configured cppcheck include dirs: /home/juniorsundar/ROS_Workspaces/ros2_tutorials/src/cpp_py_pkg/include
-- Configured cppcheck exclude dirs and/or files: 
-- Added test 'cpplint' to check C / C++ code against the Google style
-- Configured cpplint exclude dirs and/or files: 
-- Added test 'flake8' to check Python code syntax and style conventions
-- Added test 'lint_cmake' to check CMake code style
-- Added test 'pep257' to check Python code against some of the style conventions in PEP 257
-- Added test 'uncrustify' to check C / C++ code style
-- Configured uncrustify additional arguments: 
-- Added test 'xmllint' to check XML markup files
-- Configuring done
-- Generating done
-- Build files have been written to: /home/juniorsundar/ROS_Workspaces/ros2_tutorials/build/cpp_py_pkg
[ 50%] [32mBuilding CXX object CMakeFiles/cpp_node.dir/src/cpp_node.cpp.o[0m
[100%] [32m[1mLinking CXX executable cpp_node[0m
[100%] Built target cpp_node
-- Install configuration: ""
-- Installing: /home/juniorsundar/ROS_Workspaces/ros2_tutorials/install/cpp_py_pkg/lib/cpp_py_pkg/cpp_node
-- Set runtime path of "/home/juniorsundar/ROS_Workspaces/ros2_tutorials/install/cpp_py_pkg/lib/cpp_py_pkg/cpp_node" to ""
-- Installing: /home/juniorsundar/ROS_Workspaces/ros2_tutorials/install/cpp_py_pkg/share/cpp_py_pkg/environment/pythonpath.sh
-- Installing: /home/juniorsundar/ROS_Workspaces/ros2_tutorials/install/cpp_py_pkg/share/cpp_py_pkg/environment/pythonpath.dsv
-- Installing: /home/juniorsundar/ROS_Workspaces/ros2_tutorials/install/cpp_py_pkg/lib/python3.8/site-packages/cpp_py_pkg
-- Installing: /home/juniorsundar/ROS_Workspaces/ros2_tutorials/install/cpp_py_pkg/lib/python3.8/site-packages/cpp_py_pkg/modules_to_import.py
-- Installing: /home/juniorsundar/ROS_Workspaces/ros2_tutorials/install/cpp_py_pkg/lib/python3.8/site-packages/cpp_py_pkg/__init__.py
Listing '/home/juniorsundar/ROS_Workspaces/ros2_tutorials/install/cpp_py_pkg/lib/python3.8/site-packages/cpp_py_pkg'...
Compiling '/home/juniorsundar/ROS_Workspaces/ros2_tutorials/install/cpp_py_pkg/lib/python3.8/site-packages/cpp_py_pkg/__init__.py'...
Compiling '/home/juniorsundar/ROS_Workspaces/ros2_tutorials/install/cpp_py_pkg/lib/python3.8/site-packages/cpp_py_pkg/modules_to_import.py'...
-- Installing: /home/juniorsundar/ROS_Workspaces/ros2_tutorials/install/cpp_py_pkg/lib/cpp_py_pkg/py_node.py
-- Installing: /home/juniorsundar/ROS_Workspaces/ros2_tutorials/install/cpp_py_pkg/share/ament_index/resource_index/package_run_dependencies/cpp_py_pkg
-- Installing: /home/juniorsundar/ROS_Workspaces/ros2_tutorials/install/cpp_py_pkg/share/ament_index/resource_index/parent_prefix_path/cpp_py_pkg
-- Installing: /home/juniorsundar/ROS_Workspaces/ros2_tutorials/install/cpp_py_pkg/share/cpp_py_pkg/environment/ament_prefix_path.sh
-- Installing: /home/juniorsundar/ROS_Workspaces/ros2_tutorials/install/cpp_py_pkg/share/cpp_py_pkg/environment/ament_prefix_path.dsv
-- Installing: /home/juniorsundar/ROS_Workspaces/ros2_tutorials/install/cpp_py_pkg/share/cpp_py_pkg/environment/path.sh
-- Installing: /home/juniorsundar/ROS_Workspaces/ros2_tutorials/install/cpp_py_pkg/share/cpp_py_pkg/environment/path.dsv
-- Installing: /home/juniorsundar/ROS_Workspaces/ros2_tutorials/install/cpp_py_pkg/share/cpp_py_pkg/local_setup.bash
-- Installing: /home/juniorsundar/ROS_Workspaces/ros2_tutorials/install/cpp_py_pkg/share/cpp_py_pkg/local_setup.sh
-- Installing: /home/juniorsundar/ROS_Workspaces/ros2_tutorials/install/cpp_py_pkg/share/cpp_py_pkg/local_setup.zsh
-- Installing: /home/juniorsundar/ROS_Workspaces/ros2_tutorials/install/cpp_py_pkg/share/cpp_py_pkg/local_setup.dsv
-- Installing: /home/juniorsundar/ROS_Workspaces/ros2_tutorials/install/cpp_py_pkg/share/cpp_py_pkg/package.dsv
-- Installing: /home/juniorsundar/ROS_Workspaces/ros2_tutorials/install/cpp_py_pkg/share/ament_index/resource_index/packages/cpp_py_pkg
-- Installing: /home/juniorsundar/ROS_Workspaces/ros2_tutorials/install/cpp_py_pkg/share/cpp_py_pkg/cmake/cpp_py_pkgConfig.cmake
-- Installing: /home/juniorsundar/ROS_Workspaces/ros2_tutorials/install/cpp_py_pkg/share/cpp_py_pkg/cmake/cpp_py_pkgConfig-version.cmake
-- Installing: /home/juniorsundar/ROS_Workspaces/ros2_tutorials/install/cpp_py_pkg/share/cpp_py_pkg/package.xml
