[1.359s] Invoking command in '/home/juniorsundar/ROS_Workspaces/ros2_tutorials/src/launch_tutorial': PYTHONPATH=/home/juniorsundar/ROS_Workspaces/ros2_tutorials/install/launch_tutorial/lib/python3.8/site-packages:${PYTHONPATH} /usr/bin/python3 setup.py egg_info --egg-base ../../build/launch_tutorial build --build-base /home/juniorsundar/ROS_Workspaces/ros2_tutorials/build/launch_tutorial/build install --prefix /home/juniorsundar/ROS_Workspaces/ros2_tutorials/install/launch_tutorial --record /home/juniorsundar/ROS_Workspaces/ros2_tutorials/build/launch_tutorial/install.log --single-version-externally-managed
[1.580s] running egg_info
[1.580s] writing ../../build/launch_tutorial/launch_tutorial.egg-info/PKG-INFO
[1.580s] writing dependency_links to ../../build/launch_tutorial/launch_tutorial.egg-info/dependency_links.txt
[1.580s] writing entry points to ../../build/launch_tutorial/launch_tutorial.egg-info/entry_points.txt
[1.581s] writing requirements to ../../build/launch_tutorial/launch_tutorial.egg-info/requires.txt
[1.581s] writing top-level names to ../../build/launch_tutorial/launch_tutorial.egg-info/top_level.txt
[1.582s] reading manifest file '../../build/launch_tutorial/launch_tutorial.egg-info/SOURCES.txt'
[1.583s] writing manifest file '../../build/launch_tutorial/launch_tutorial.egg-info/SOURCES.txt'
[1.583s] running build
[1.583s] running build_py
[1.583s] running install
[1.584s] running install_lib
[1.585s] running install_data
[1.585s] copying launch/example_substitutions.launch.py -> /home/juniorsundar/ROS_Workspaces/ros2_tutorials/install/launch_tutorial/share/launch_tutorial/launch
[1.585s] running install_egg_info
[1.586s] removing '/home/juniorsundar/ROS_Workspaces/ros2_tutorials/install/launch_tutorial/lib/python3.8/site-packages/launch_tutorial-0.0.0-py3.8.egg-info' (and everything under it)
[1.586s] Copying ../../build/launch_tutorial/launch_tutorial.egg-info to /home/juniorsundar/ROS_Workspaces/ros2_tutorials/install/launch_tutorial/lib/python3.8/site-packages/launch_tutorial-0.0.0-py3.8.egg-info
[1.587s] running install_scripts
[1.600s] writing list of installed files to '/home/juniorsundar/ROS_Workspaces/ros2_tutorials/build/launch_tutorial/install.log'
[1.622s] Invoked command in '/home/juniorsundar/ROS_Workspaces/ros2_tutorials/src/launch_tutorial' returned '0': PYTHONPATH=/home/juniorsundar/ROS_Workspaces/ros2_tutorials/install/launch_tutorial/lib/python3.8/site-packages:${PYTHONPATH} /usr/bin/python3 setup.py egg_info --egg-base ../../build/launch_tutorial build --build-base /home/juniorsundar/ROS_Workspaces/ros2_tutorials/build/launch_tutorial/build install --prefix /home/juniorsundar/ROS_Workspaces/ros2_tutorials/install/launch_tutorial --record /home/juniorsundar/ROS_Workspaces/ros2_tutorials/build/launch_tutorial/install.log --single-version-externally-managed
